src/app.controller.ts(8,3): error TS1241: Unable to resolve signature of method decorator when called as an expression.
  The runtime will invoke the decorator with 2 arguments, but the decorator expects 3.
src/app.controller.ts(8,4): error TS1270: Decorator function return type 'void | TypedPropertyDescriptor<unknown>' is not assignable to type 'void | (() => string)'.
  Type 'TypedPropertyDescriptor<unknown>' is not assignable to type 'void | (() => string)'.
src/modules/admin/admin.controller.ts(19,3): error TS1241: Unable to resolve signature of method decorator when called as an expression.
  The runtime will invoke the decorator with 2 arguments, but the decorator expects 3.
src/modules/admin/admin.controller.ts(19,4): error TS1270: Decorator function return type 'void | TypedPropertyDescriptor<unknown>' is not assignable to type 'void | ((status?: string, type?: string, limit?: number, offset?: number) => Promise<{ flags: ({ user: { email: string; }; } & { message: string; id: string; createdAt: Date; userId: string; updatedAt: Date; ... 6 more ...; resolvedBy: string; })[]; total: number; }>)'.
  Type 'TypedPropertyDescriptor<unknown>' is not assignable to type 'void | ((status?: string, type?: string, limit?: number, offset?: number) => Promise<{ flags: ({ user: { email: string; }; } & { message: string; id: string; createdAt: Date; userId: string; updatedAt: Date; ... 6 more ...; resolvedBy: string; })[]; total: number; }>)'.
src/modules/admin/admin.controller.ts(22,5): error TS1206: Decorators are not valid here.
src/modules/admin/admin.controller.ts(23,5): error TS1206: Decorators are not valid here.
src/modules/admin/admin.controller.ts(24,5): error TS1206: Decorators are not valid here.
src/modules/admin/admin.controller.ts(25,5): error TS1206: Decorators are not valid here.
src/modules/admin/admin.controller.ts(37,3): error TS1241: Unable to resolve signature of method decorator when called as an expression.
  The runtime will invoke the decorator with 2 arguments, but the decorator expects 3.
src/modules/admin/admin.controller.ts(37,4): error TS1270: Decorator function return type 'void | TypedPropertyDescriptor<unknown>' is not assignable to type 'void | ((id: string, dto: ResolveFlagDto, req: Request<ParamsDictionary, any, any, ParsedQs, Record<string, any>>) => Promise<...>)'.
  Type 'TypedPropertyDescriptor<unknown>' is not assignable to type 'void | ((id: string, dto: ResolveFlagDto, req: Request<ParamsDictionary, any, any, ParsedQs, Record<string, any>>) => Promise<...>)'.
src/modules/admin/admin.controller.ts(39,21): error TS1206: Decorators are not valid here.
src/modules/admin/admin.controller.ts(39,46): error TS1206: Decorators are not valid here.
src/modules/admin/admin.controller.ts(39,75): error TS1206: Decorators are not valid here.
src/modules/admin/admin.controller.ts(40,56): error TS2339: Property 'id' does not exist on type 'User'.
src/modules/admin/admin.controller.ts(47,3): error TS1241: Unable to resolve signature of method decorator when called as an expression.
  The runtime will invoke the decorator with 2 arguments, but the decorator expects 3.
src/modules/admin/admin.controller.ts(47,4): error TS1270: Decorator function return type 'void | TypedPropertyDescriptor<unknown>' is not assignable to type 'void | (() => Promise<{ users: { total: number; creators: number; fans: number; }; revenue: { total: number; currency: string; }; subscriptions: { active: number; }; content: { posts: number; }; }>)'.
  Type 'TypedPropertyDescriptor<unknown>' is not assignable to type 'void | (() => Promise<{ users: { total: number; creators: number; fans: number; }; revenue: { total: number; currency: string; }; subscriptions: { active: number; }; content: { posts: number; }; }>)'.
src/modules/admin/admin.controller.ts(57,3): error TS1241: Unable to resolve signature of method decorator when called as an expression.
  The runtime will invoke the decorator with 2 arguments, but the decorator expects 3.
src/modules/admin/admin.controller.ts(57,4): error TS1270: Decorator function return type 'void | TypedPropertyDescriptor<unknown>' is not assignable to type 'void | ((req: Request<ParamsDictionary, any, any, ParsedQs, Record<string, any>>, dto: any) => Promise<{ email: string; role: Role; id: string; displayName: string; avatar: string; }>)'.
  Type 'TypedPropertyDescriptor<unknown>' is not assignable to type 'void | ((req: Request<ParamsDictionary, any, any, ParsedQs, Record<string, any>>, dto: any) => Promise<{ email: string; role: Role; id: string; displayName: string; avatar: string; }>)'.
src/modules/admin/admin.controller.ts(60,5): error TS1206: Decorators are not valid here.
src/modules/admin/admin.controller.ts(61,5): error TS1206: Decorators are not valid here.
src/modules/admin/admin.controller.ts(63,59): error TS2339: Property 'id' does not exist on type 'User'.
src/modules/admin/admin.controller.ts(70,3): error TS1241: Unable to resolve signature of method decorator when called as an expression.
  The runtime will invoke the decorator with 2 arguments, but the decorator expects 3.
src/modules/admin/admin.controller.ts(70,4): error TS1270: Decorator function return type 'void | TypedPropertyDescriptor<unknown>' is not assignable to type 'void | ((req: Request<ParamsDictionary, any, any, ParsedQs, Record<string, any>>, dto: any) => Promise<{ success: boolean; preferences: any; }>)'.
  Type 'TypedPropertyDescriptor<unknown>' is not assignable to type 'void | ((req: Request<ParamsDictionary, any, any, ParsedQs, Record<string, any>>, dto: any) => Promise<{ success: boolean; preferences: any; }>)'.
src/modules/admin/admin.controller.ts(73,5): error TS1206: Decorators are not valid here.
src/modules/admin/admin.controller.ts(74,5): error TS1206: Decorators are not valid here.
src/modules/admin/admin.controller.ts(76,63): error TS2339: Property 'id' does not exist on type 'User'.
src/modules/admin/controllers/dashboard.controller.ts(16,3): error TS1241: Unable to resolve signature of method decorator when called as an expression.
  The runtime will invoke the decorator with 2 arguments, but the decorator expects 3.
src/modules/admin/controllers/dashboard.controller.ts(16,4): error TS1270: Decorator function return type 'void | TypedPropertyDescriptor<unknown>' is not assignable to type 'void | ((query: { period: "week" | "day" | "month"; refresh: boolean; }) => Promise<DashboardResponse>)'.
  Type 'TypedPropertyDescriptor<unknown>' is not assignable to type 'void | ((query: { period: "week" | "day" | "month"; refresh: boolean; }) => Promise<DashboardResponse>)'.
src/modules/admin/controllers/dashboard.controller.ts(17,3): error TS1241: Unable to resolve signature of method decorator when called as an expression.
  The runtime will invoke the decorator with 2 arguments, but the decorator expects 3.
src/modules/admin/controllers/dashboard.controller.ts(17,4): error TS1270: Decorator function return type 'void | TypedPropertyDescriptor<unknown>' is not assignable to type 'void | ((query: { period: "week" | "day" | "month"; refresh: boolean; }) => Promise<DashboardResponse>)'.
  Type 'TypedPropertyDescriptor<unknown>' is not assignable to type 'void | ((query: { period: "week" | "day" | "month"; refresh: boolean; }) => Promise<DashboardResponse>)'.
src/modules/admin/controllers/dashboard.controller.ts(18,20): error TS1206: Decorators are not valid here.
src/modules/admin/controllers/dashboard.controller.ts(22,3): error TS1241: Unable to resolve signature of method decorator when called as an expression.
  The runtime will invoke the decorator with 2 arguments, but the decorator expects 3.
src/modules/admin/controllers/dashboard.controller.ts(22,4): error TS1270: Decorator function return type 'void | TypedPropertyDescriptor<unknown>' is not assignable to type 'void | (() => Promise<any>)'.
  Type 'TypedPropertyDescriptor<unknown>' is not assignable to type 'void | (() => Promise<any>)'.
src/modules/admin/controllers/dashboard.controller.ts(23,3): error TS1241: Unable to resolve signature of method decorator when called as an expression.
  The runtime will invoke the decorator with 2 arguments, but the decorator expects 3.
src/modules/admin/controllers/dashboard.controller.ts(23,4): error TS1270: Decorator function return type 'void | TypedPropertyDescriptor<unknown>' is not assignable to type 'void | (() => Promise<any>)'.
  Type 'TypedPropertyDescriptor<unknown>' is not assignable to type 'void | (() => Promise<any>)'.
src/modules/admin/controllers/dashboard.controller.ts(28,3): error TS1241: Unable to resolve signature of method decorator when called as an expression.
  The runtime will invoke the decorator with 2 arguments, but the decorator expects 3.
src/modules/admin/controllers/dashboard.controller.ts(28,4): error TS1270: Decorator function return type 'void | TypedPropertyDescriptor<unknown>' is not assignable to type 'void | ((limit?: string) => Promise<TopCreator[]>)'.
  Type 'TypedPropertyDescriptor<unknown>' is not assignable to type 'void | ((limit?: string) => Promise<TopCreator[]>)'.
src/modules/admin/controllers/dashboard.controller.ts(29,3): error TS1241: Unable to resolve signature of method decorator when called as an expression.
  The runtime will invoke the decorator with 2 arguments, but the decorator expects 3.
src/modules/admin/controllers/dashboard.controller.ts(29,4): error TS1270: Decorator function return type 'void | TypedPropertyDescriptor<unknown>' is not assignable to type 'void | ((limit?: string) => Promise<TopCreator[]>)'.
  Type 'TypedPropertyDescriptor<unknown>' is not assignable to type 'void | ((limit?: string) => Promise<TopCreator[]>)'.
src/modules/admin/controllers/dashboard.controller.ts(30,24): error TS1206: Decorators are not valid here.
src/modules/admin/controllers/dashboard.controller.ts(35,3): error TS1241: Unable to resolve signature of method decorator when called as an expression.
  The runtime will invoke the decorator with 2 arguments, but the decorator expects 3.
src/modules/admin/controllers/dashboard.controller.ts(35,4): error TS1270: Decorator function return type 'void | TypedPropertyDescriptor<unknown>' is not assignable to type 'void | (() => Promise<EngagementMetrics>)'.
  Type 'TypedPropertyDescriptor<unknown>' is not assignable to type 'void | (() => Promise<EngagementMetrics>)'.
src/modules/admin/controllers/dashboard.controller.ts(36,3): error TS1241: Unable to resolve signature of method decorator when called as an expression.
  The runtime will invoke the decorator with 2 arguments, but the decorator expects 3.
src/modules/admin/controllers/dashboard.controller.ts(36,4): error TS1270: Decorator function return type 'void | TypedPropertyDescriptor<unknown>' is not assignable to type 'void | (() => Promise<EngagementMetrics>)'.
  Type 'TypedPropertyDescriptor<unknown>' is not assignable to type 'void | (() => Promise<EngagementMetrics>)'.
src/modules/admin/controllers/dashboard.controller.ts(41,3): error TS1241: Unable to resolve signature of method decorator when called as an expression.
  The runtime will invoke the decorator with 2 arguments, but the decorator expects 3.
src/modules/admin/controllers/dashboard.controller.ts(41,4): error TS1270: Decorator function return type 'void | TypedPropertyDescriptor<unknown>' is not assignable to type 'void | (() => Promise<ActivityMetrics>)'.
  Type 'TypedPropertyDescriptor<unknown>' is not assignable to type 'void | (() => Promise<ActivityMetrics>)'.
src/modules/admin/controllers/dashboard.controller.ts(42,3): error TS1241: Unable to resolve signature of method decorator when called as an expression.
  The runtime will invoke the decorator with 2 arguments, but the decorator expects 3.
src/modules/admin/controllers/dashboard.controller.ts(42,4): error TS1270: Decorator function return type 'void | TypedPropertyDescriptor<unknown>' is not assignable to type 'void | (() => Promise<ActivityMetrics>)'.
  Type 'TypedPropertyDescriptor<unknown>' is not assignable to type 'void | (() => Promise<ActivityMetrics>)'.
src/modules/admin/controllers/dashboard.controller.ts(47,3): error TS1241: Unable to resolve signature of method decorator when called as an expression.
  The runtime will invoke the decorator with 2 arguments, but the decorator expects 3.
src/modules/admin/controllers/dashboard.controller.ts(47,4): error TS1270: Decorator function return type 'void | TypedPropertyDescriptor<unknown>' is not assignable to type 'void | ((limit?: string) => Promise<GeographyData[]>)'.
  Type 'TypedPropertyDescriptor<unknown>' is not assignable to type 'void | ((limit?: string) => Promise<GeographyData[]>)'.
src/modules/admin/controllers/dashboard.controller.ts(48,3): error TS1241: Unable to resolve signature of method decorator when called as an expression.
  The runtime will invoke the decorator with 2 arguments, but the decorator expects 3.
src/modules/admin/controllers/dashboard.controller.ts(48,4): error TS1270: Decorator function return type 'void | TypedPropertyDescriptor<unknown>' is not assignable to type 'void | ((limit?: string) => Promise<GeographyData[]>)'.
  Type 'TypedPropertyDescriptor<unknown>' is not assignable to type 'void | ((limit?: string) => Promise<GeographyData[]>)'.
src/modules/admin/controllers/dashboard.controller.ts(49,26): error TS1206: Decorators are not valid here.
src/modules/admin/controllers/dashboard.controller.ts(54,3): error TS1241: Unable to resolve signature of method decorator when called as an expression.
  The runtime will invoke the decorator with 2 arguments, but the decorator expects 3.
src/modules/admin/controllers/dashboard.controller.ts(54,4): error TS1270: Decorator function return type 'void | TypedPropertyDescriptor<unknown>' is not assignable to type 'void | (() => Promise<ConversionFunnel>)'.
  Type 'TypedPropertyDescriptor<unknown>' is not assignable to type 'void | (() => Promise<ConversionFunnel>)'.
src/modules/admin/controllers/dashboard.controller.ts(55,3): error TS1241: Unable to resolve signature of method decorator when called as an expression.
  The runtime will invoke the decorator with 2 arguments, but the decorator expects 3.
src/modules/admin/controllers/dashboard.controller.ts(55,4): error TS1270: Decorator function return type 'void | TypedPropertyDescriptor<unknown>' is not assignable to type 'void | (() => Promise<ConversionFunnel>)'.
  Type 'TypedPropertyDescriptor<unknown>' is not assignable to type 'void | (() => Promise<ConversionFunnel>)'.
src/modules/admin/controllers/dashboard.controller.ts(60,3): error TS1241: Unable to resolve signature of method decorator when called as an expression.
  The runtime will invoke the decorator with 2 arguments, but the decorator expects 3.
src/modules/admin/controllers/dashboard.controller.ts(60,4): error TS1270: Decorator function return type 'void | TypedPropertyDescriptor<unknown>' is not assignable to type 'void | (() => Promise<UpcomingPayout[]>)'.
  Type 'TypedPropertyDescriptor<unknown>' is not assignable to type 'void | (() => Promise<UpcomingPayout[]>)'.
src/modules/admin/controllers/dashboard.controller.ts(61,3): error TS1241: Unable to resolve signature of method decorator when called as an expression.
  The runtime will invoke the decorator with 2 arguments, but the decorator expects 3.
src/modules/admin/controllers/dashboard.controller.ts(61,4): error TS1270: Decorator function return type 'void | TypedPropertyDescriptor<unknown>' is not assignable to type 'void | (() => Promise<UpcomingPayout[]>)'.
  Type 'TypedPropertyDescriptor<unknown>' is not assignable to type 'void | (() => Promise<UpcomingPayout[]>)'.
src/modules/admin/controllers/users.controller.ts(41,3): error TS1241: Unable to resolve signature of method decorator when called as an expression.
  The runtime will invoke the decorator with 2 arguments, but the decorator expects 3.
src/modules/admin/controllers/users.controller.ts(41,4): error TS1270: Decorator function return type 'void | TypedPropertyDescriptor<unknown>' is not assignable to type 'void | ((query: Record<string, unknown>) => Promise<{ users: { id: string; username: string; email: string; role: "USER" | "CREATOR" | "MODERATOR" | "SUPPORT" | "ADMIN" | "SUPER_ADMIN"; verified: boolean; ... 12 more ...; lastActivityAt?: string; }[]; total: number; page: number; limit: number; totalPages: number; }>)'.
  Type 'TypedPropertyDescriptor<unknown>' is not assignable to type 'void | ((query: Record<string, unknown>) => Promise<{ users: { id: string; username: string; email: string; role: "USER" | "CREATOR" | "MODERATOR" | "SUPPORT" | "ADMIN" | "SUPER_ADMIN"; verified: boolean; ... 12 more ...; lastActivityAt?: string; }[]; total: number; page: number; limit: number; totalPages: number; }>)'.
src/modules/admin/controllers/users.controller.ts(42,18): error TS1206: Decorators are not valid here.
src/modules/admin/controllers/users.controller.ts(65,3): error TS1241: Unable to resolve signature of method decorator when called as an expression.
  The runtime will invoke the decorator with 2 arguments, but the decorator expects 3.
src/modules/admin/controllers/users.controller.ts(65,4): error TS1270: Decorator function return type 'void | TypedPropertyDescriptor<unknown>' is not assignable to type 'void | (() => Promise<{ totalUsers: number; activeUsers: number; suspendedUsers: number; bannedUsers: number; verifiedUsers: number; totalCreators: number; totalFans: number; newUsersToday: number; newUsersThisWeek: number; newUsersThisMonth: number; }>)'.
  Type 'TypedPropertyDescriptor<unknown>' is not assignable to type 'void | (() => Promise<{ totalUsers: number; activeUsers: number; suspendedUsers: number; bannedUsers: number; verifiedUsers: number; totalCreators: number; totalFans: number; newUsersToday: number; newUsersThisWeek: number; newUsersThisMonth: number; }>)'.
src/modules/admin/controllers/users.controller.ts(74,3): error TS1241: Unable to resolve signature of method decorator when called as an expression.
  The runtime will invoke the decorator with 2 arguments, but the decorator expects 3.
src/modules/admin/controllers/users.controller.ts(74,4): error TS1270: Decorator function return type 'void | TypedPropertyDescriptor<unknown>' is not assignable to type 'void | ((userId: string, admin: { id: string; }) => Promise<{ id: string; username: string; email: string; role: "USER" | "CREATOR" | "MODERATOR" | "SUPPORT" | "ADMIN" | "SUPER_ADMIN"; verified: boolean; ... 32 more ...; stripeAccountId?: string; }>)'.
  Type 'TypedPropertyDescriptor<unknown>' is not assignable to type 'void | ((userId: string, admin: { id: string; }) => Promise<{ id: string; username: string; email: string; role: "USER" | "CREATOR" | "MODERATOR" | "SUPPORT" | "ADMIN" | "SUPER_ADMIN"; verified: boolean; ... 32 more ...; stripeAccountId?: string; }>)'.
src/modules/admin/controllers/users.controller.ts(76,5): error TS1206: Decorators are not valid here.
src/modules/admin/controllers/users.controller.ts(77,5): error TS1206: Decorators are not valid here.
src/modules/admin/controllers/users.controller.ts(86,3): error TS1241: Unable to resolve signature of method decorator when called as an expression.
  The runtime will invoke the decorator with 2 arguments, but the decorator expects 3.
src/modules/admin/controllers/users.controller.ts(86,4): error TS1270: Decorator function return type 'void | TypedPropertyDescriptor<unknown>' is not assignable to type 'void | ((userId: string, body: Record<string, unknown>, admin: { id: string; }) => Promise<{ id: string; username: string; email: string; role: "USER" | "CREATOR" | "MODERATOR" | "SUPPORT" | "ADMIN" | "SUPER_ADMIN"; ... 13 more ...; lastActivityAt?: string; }>)'.
  Type 'TypedPropertyDescriptor<unknown>' is not assignable to type 'void | ((userId: string, body: Record<string, unknown>, admin: { id: string; }) => Promise<{ id: string; username: string; email: string; role: "USER" | "CREATOR" | "MODERATOR" | "SUPPORT" | "ADMIN" | "SUPER_ADMIN"; ... 13 more ...; lastActivityAt?: string; }>)'.
src/modules/admin/controllers/users.controller.ts(89,5): error TS1206: Decorators are not valid here.
src/modules/admin/controllers/users.controller.ts(90,5): error TS1206: Decorators are not valid here.
src/modules/admin/controllers/users.controller.ts(91,5): error TS1206: Decorators are not valid here.
src/modules/admin/controllers/users.controller.ts(101,3): error TS1241: Unable to resolve signature of method decorator when called as an expression.
  The runtime will invoke the decorator with 2 arguments, but the decorator expects 3.
src/modules/admin/controllers/users.controller.ts(101,4): error TS1270: Decorator function return type 'void | TypedPropertyDescriptor<unknown>' is not assignable to type 'void | ((userId: string, body: Record<string, unknown>, admin: { id: string; }) => Promise<{ message: string; }>)'.
  Type 'TypedPropertyDescriptor<unknown>' is not assignable to type 'void | ((userId: string, body: Record<string, unknown>, admin: { id: string; }) => Promise<{ message: string; }>)'.
src/modules/admin/controllers/users.controller.ts(104,5): error TS1206: Decorators are not valid here.
src/modules/admin/controllers/users.controller.ts(105,5): error TS1206: Decorators are not valid here.
src/modules/admin/controllers/users.controller.ts(106,5): error TS1206: Decorators are not valid here.
src/modules/admin/controllers/users.controller.ts(117,3): error TS1241: Unable to resolve signature of method decorator when called as an expression.
  The runtime will invoke the decorator with 2 arguments, but the decorator expects 3.
src/modules/admin/controllers/users.controller.ts(117,4): error TS1270: Decorator function return type 'void | TypedPropertyDescriptor<unknown>' is not assignable to type 'void | ((userId: string, admin: { id: string; }) => Promise<{ message: string; }>)'.
  Type 'TypedPropertyDescriptor<unknown>' is not assignable to type 'void | ((userId: string, admin: { id: string; }) => Promise<{ message: string; }>)'.
src/modules/admin/controllers/users.controller.ts(120,5): error TS1206: Decorators are not valid here.
src/modules/admin/controllers/users.controller.ts(121,5): error TS1206: Decorators are not valid here.
src/modules/admin/controllers/users.controller.ts(131,3): error TS1241: Unable to resolve signature of method decorator when called as an expression.
  The runtime will invoke the decorator with 2 arguments, but the decorator expects 3.
src/modules/admin/controllers/users.controller.ts(131,4): error TS1270: Decorator function return type 'void | TypedPropertyDescriptor<unknown>' is not assignable to type 'void | ((userId: string, body: Record<string, unknown>, admin: { id: string; }) => Promise<{ message: string; }>)'.
  Type 'TypedPropertyDescriptor<unknown>' is not assignable to type 'void | ((userId: string, body: Record<string, unknown>, admin: { id: string; }) => Promise<{ message: string; }>)'.
src/modules/admin/controllers/users.controller.ts(134,5): error TS1206: Decorators are not valid here.
src/modules/admin/controllers/users.controller.ts(135,5): error TS1206: Decorators are not valid here.
src/modules/admin/controllers/users.controller.ts(136,5): error TS1206: Decorators are not valid here.
src/modules/admin/controllers/users.controller.ts(147,3): error TS1241: Unable to resolve signature of method decorator when called as an expression.
  The runtime will invoke the decorator with 2 arguments, but the decorator expects 3.
src/modules/admin/controllers/users.controller.ts(147,4): error TS1270: Decorator function return type 'void | TypedPropertyDescriptor<unknown>' is not assignable to type 'void | ((userId: string, admin: { id: string; }) => Promise<{ message: string; }>)'.
  Type 'TypedPropertyDescriptor<unknown>' is not assignable to type 'void | ((userId: string, admin: { id: string; }) => Promise<{ message: string; }>)'.
src/modules/admin/controllers/users.controller.ts(150,5): error TS1206: Decorators are not valid here.
src/modules/admin/controllers/users.controller.ts(151,5): error TS1206: Decorators are not valid here.
src/modules/admin/controllers/users.controller.ts(161,3): error TS1241: Unable to resolve signature of method decorator when called as an expression.
  The runtime will invoke the decorator with 2 arguments, but the decorator expects 3.
src/modules/admin/controllers/users.controller.ts(161,4): error TS1270: Decorator function return type 'void | TypedPropertyDescriptor<unknown>' is not assignable to type 'void | ((userId: string, admin: { id: string; }) => Promise<{ message: string; }>)'.
  Type 'TypedPropertyDescriptor<unknown>' is not assignable to type 'void | ((userId: string, admin: { id: string; }) => Promise<{ message: string; }>)'.
src/modules/admin/controllers/users.controller.ts(164,5): error TS1206: Decorators are not valid here.
src/modules/admin/controllers/users.controller.ts(165,5): error TS1206: Decorators are not valid here.
src/modules/admin/controllers/users.controller.ts(175,3): error TS1241: Unable to resolve signature of method decorator when called as an expression.
  The runtime will invoke the decorator with 2 arguments, but the decorator expects 3.
src/modules/admin/controllers/users.controller.ts(175,4): error TS1270: Decorator function return type 'void | TypedPropertyDescriptor<unknown>' is not assignable to type 'void | ((body: Record<string, unknown>, admin: { id: string; }) => Promise<{ success: number; failed: number; errors: { userId: string; error: string; }[]; }>)'.
  Type 'TypedPropertyDescriptor<unknown>' is not assignable to type 'void | ((body: Record<string, unknown>, admin: { id: string; }) => Promise<{ success: number; failed: number; errors: { userId: string; error: string; }[]; }>)'.
src/modules/admin/controllers/users.controller.ts(178,5): error TS1206: Decorators are not valid here.
src/modules/admin/controllers/users.controller.ts(179,5): error TS1206: Decorators are not valid here.
src/modules/admin/dto/ban-user.dto.ts(4,4): error TS1240: Unable to resolve signature of property decorator when called as an expression.
  Argument of type 'ClassFieldDecoratorContext<BanUserDto, string> & { name: "reason"; private: false; static: false; }' is not assignable to parameter of type 'string | symbol'.
src/modules/admin/dto/ban-user.dto.ts(7,4): error TS1240: Unable to resolve signature of property decorator when called as an expression.
  Argument of type 'ClassFieldDecoratorContext<BanUserDto, boolean> & { name: "permanent"; private: false; static: false; }' is not assignable to parameter of type 'string | symbol'.
src/modules/admin/dto/ban-user.dto.ts(8,4): error TS1240: Unable to resolve signature of property decorator when called as an expression.
  Argument of type 'ClassFieldDecoratorContext<BanUserDto, boolean> & { name: "permanent"; private: false; static: false; }' is not assignable to parameter of type 'string | symbol'.
src/modules/admin/dto/resolve-flag.dto.ts(4,4): error TS1240: Unable to resolve signature of property decorator when called as an expression.
  Argument of type 'ClassFieldDecoratorContext<ResolveFlagDto, "APPROVE" | "REMOVE_CONTENT" | "BAN_USER"> & { name: "action"; private: false; static: false; }' is not assignable to parameter of type 'string | symbol'.
src/modules/admin/dto/resolve-flag.dto.ts(7,4): error TS1240: Unable to resolve signature of property decorator when called as an expression.
  Argument of type 'ClassFieldDecoratorContext<ResolveFlagDto, string> & { name: "notes"; private: false; static: false; }' is not assignable to parameter of type 'string | symbol'.
src/modules/admin/dto/resolve-flag.dto.ts(8,4): error TS1240: Unable to resolve signature of property decorator when called as an expression.
  Argument of type 'ClassFieldDecoratorContext<ResolveFlagDto, string> & { name: "notes"; private: false; static: false; }' is not assignable to parameter of type 'string | symbol'.
src/modules/admin/dto/suspend-user.dto.ts(4,4): error TS1240: Unable to resolve signature of property decorator when called as an expression.
  Argument of type 'ClassFieldDecoratorContext<SuspendUserDto, string> & { name: "reason"; private: false; static: false; }' is not assignable to parameter of type 'string | symbol'.
src/modules/admin/gateways/moderation.gateway.ts(25,4): error TS1240: Unable to resolve signature of property decorator when called as an expression.
  Argument of type 'ClassFieldDecoratorContext<ModerationGateway, Server<DefaultEventsMap, DefaultEventsMap, DefaultEventsMap, any>> & { ...; }' is not assignable to parameter of type 'string | symbol'.
src/modules/admin/gateways/moderation.gateway.ts(96,3): error TS1241: Unable to resolve signature of method decorator when called as an expression.
  The runtime will invoke the decorator with 2 arguments, but the decorator expects 3.
src/modules/admin/gateways/moderation.gateway.ts(96,4): error TS1270: Decorator function return type 'void | TypedPropertyDescriptor<unknown>' is not assignable to type 'void | ((client: Socket<DefaultEventsMap, DefaultEventsMap, DefaultEventsMap, any>) => void)'.
  Type 'TypedPropertyDescriptor<unknown>' is not assignable to type 'void | ((client: Socket<DefaultEventsMap, DefaultEventsMap, DefaultEventsMap, any>) => void)'.
src/modules/admin/gateways/moderation.gateway.ts(97,14): error TS1206: Decorators are not valid here.
src/modules/admin/services/dashboard.service.ts(25,5): error TS1206: Decorators are not valid here.
src/modules/analytics/analytics.controller.ts(14,3): error TS1241: Unable to resolve signature of method decorator when called as an expression.
  The runtime will invoke the decorator with 2 arguments, but the decorator expects 3.
src/modules/analytics/analytics.controller.ts(14,4): error TS1270: Decorator function return type 'void | TypedPropertyDescriptor<unknown>' is not assignable to type 'void | ((req: Request<ParamsDictionary, any, any, ParsedQs, Record<string, any>>) => Promise<unknown>)'.
  Type 'TypedPropertyDescriptor<unknown>' is not assignable to type 'void | ((req: Request<ParamsDictionary, any, any, ParsedQs, Record<string, any>>) => Promise<unknown>)'.
src/modules/analytics/analytics.controller.ts(15,21): error TS1206: Decorators are not valid here.
src/modules/analytics/analytics.controller.ts(16,56): error TS2339: Property 'id' does not exist on type 'User'.
src/modules/analytics/analytics.controller.ts(19,3): error TS1241: Unable to resolve signature of method decorator when called as an expression.
  The runtime will invoke the decorator with 2 arguments, but the decorator expects 3.
src/modules/analytics/analytics.controller.ts(19,4): error TS1270: Decorator function return type 'void | TypedPropertyDescriptor<unknown>' is not assignable to type 'void | ((req: Request<ParamsDictionary, any, any, ParsedQs, Record<string, any>>, limit?: number) => Promise<unknown>)'.
  Type 'TypedPropertyDescriptor<unknown>' is not assignable to type 'void | ((req: Request<ParamsDictionary, any, any, ParsedQs, Record<string, any>>, limit?: number) => Promise<unknown>)'.
src/modules/analytics/analytics.controller.ts(20,23): error TS1206: Decorators are not valid here.
src/modules/analytics/analytics.controller.ts(20,44): error TS1206: Decorators are not valid here.
src/modules/analytics/analytics.controller.ts(21,58): error TS2339: Property 'id' does not exist on type 'User'.
src/modules/analytics/analytics.controller.ts(24,3): error TS1241: Unable to resolve signature of method decorator when called as an expression.
  The runtime will invoke the decorator with 2 arguments, but the decorator expects 3.
src/modules/analytics/analytics.controller.ts(24,4): error TS1270: Decorator function return type 'void | TypedPropertyDescriptor<unknown>' is not assignable to type 'void | ((req: Request<ParamsDictionary, any, any, ParsedQs, Record<string, any>>, period?: "week" | "day" | "month", days?: number) => Promise<...>)'.
  Type 'TypedPropertyDescriptor<unknown>' is not assignable to type 'void | ((req: Request<ParamsDictionary, any, any, ParsedQs, Record<string, any>>, period?: "week" | "day" | "month", days?: number) => Promise<...>)'.
src/modules/analytics/analytics.controller.ts(26,5): error TS1206: Decorators are not valid here.
src/modules/analytics/analytics.controller.ts(27,5): error TS1206: Decorators are not valid here.
src/modules/analytics/analytics.controller.ts(28,5): error TS1206: Decorators are not valid here.
src/modules/analytics/analytics.controller.ts(30,64): error TS2339: Property 'id' does not exist on type 'User'.
src/modules/analytics/analytics.controller.ts(33,3): error TS1241: Unable to resolve signature of method decorator when called as an expression.
  The runtime will invoke the decorator with 2 arguments, but the decorator expects 3.
src/modules/analytics/analytics.controller.ts(33,4): error TS1270: Decorator function return type 'void | TypedPropertyDescriptor<unknown>' is not assignable to type 'void | ((req: Request<ParamsDictionary, any, any, ParsedQs, Record<string, any>>) => Promise<unknown>)'.
  Type 'TypedPropertyDescriptor<unknown>' is not assignable to type 'void | ((req: Request<ParamsDictionary, any, any, ParsedQs, Record<string, any>>) => Promise<unknown>)'.
src/modules/analytics/analytics.controller.ts(34,29): error TS1206: Decorators are not valid here.
src/modules/analytics/analytics.controller.ts(35,64): error TS2339: Property 'id' does not exist on type 'User'.
src/modules/analytics/analytics.service.ts(40,11): error TS2353: Object literal may only specify known properties, and 'type' does not exist in type 'LedgerEntryWhereInput'.
src/modules/analytics/analytics.service.ts(49,11): error TS2353: Object literal may only specify known properties, and 'type' does not exist in type 'LedgerEntryWhereInput'.
src/modules/analytics/analytics.service.ts(59,11): error TS2353: Object literal may only specify known properties, and 'currentPeriodEnd' does not exist in type 'SubscriptionWhereInput'.
src/modules/analytics/analytics.service.ts(68,18): error TS2353: Object literal may only specify known properties, and 'toUserId' does not exist in type 'TipWhereInput'.
src/modules/analytics/analytics.service.ts(75,19): error TS2353: Object literal may only specify known properties, and 'authorId' does not exist in type '(Without<PostScalarRelationFilter, PostWhereInput> & PostWhereInput) | (Without<PostWhereInput, PostScalarRelationFilter> & PostScalarRelationFilter)'.
src/modules/analytics/analytics.service.ts(83,18): error TS2353: Object literal may only specify known properties, and 'authorId' does not exist in type 'PostWhereInput'.
src/modules/analytics/analytics.service.ts(98,34): error TS2339: Property 'id' does not exist on type 'true | { id?: number; fanId?: number; creatorId?: number; amount?: number; currency?: number; message?: number; createdAt?: number; status?: number; stripePaymentIntentId?: number; _all?: number; }'.
  Property 'id' does not exist on type 'true'.
src/modules/analytics/analytics.service.ts(100,36): error TS2339: Property 'id' does not exist on type 'true | { id?: number; fanId?: number; creatorId?: number; amount?: number; currency?: number; message?: number; createdAt?: number; status?: number; stripePaymentIntentId?: number; _all?: number; }'.
  Property 'id' does not exist on type 'true'.
src/modules/analytics/analytics.service.ts(101,73): error TS2339: Property 'id' does not exist on type 'true | { id?: number; fanId?: number; creatorId?: number; amount?: number; currency?: number; message?: number; createdAt?: number; status?: number; stripePaymentIntentId?: number; _all?: number; }'.
  Property 'id' does not exist on type 'true'.
src/modules/analytics/analytics.service.ts(105,34): error TS2339: Property 'id' does not exist on type 'true | { id?: number; fanId?: number; postId?: number; amount?: number; currency?: number; status?: number; createdAt?: number; stripePaymentIntentId?: number; _all?: number; }'.
  Property 'id' does not exist on type 'true'.
src/modules/analytics/analytics.service.ts(121,16): error TS2353: Object literal may only specify known properties, and 'authorId' does not exist in type 'PostWhereInput'.
src/modules/analytics/analytics.service.ts(187,11): error TS2353: Object literal may only specify known properties, and 'type' does not exist in type 'LedgerEntryWhereInput'.
src/modules/analytics/analytics.service.ts(195,11): error TS2353: Object literal may only specify known properties, and 'type' does not exist in type 'LedgerEntryWhereInput'.
src/modules/analytics/analytics.service.ts(203,11): error TS2353: Object literal may only specify known properties, and 'type' does not exist in type 'LedgerEntryWhereInput'.
src/modules/analytics/cache/analytics-cache.service.ts(7,15): error TS1206: Decorators are not valid here.
src/modules/audit/audit-log.controller.ts(18,3): error TS1241: Unable to resolve signature of method decorator when called as an expression.
  The runtime will invoke the decorator with 2 arguments, but the decorator expects 3.
src/modules/audit/audit-log.controller.ts(18,4): error TS1270: Decorator function return type 'void | TypedPropertyDescriptor<unknown>' is not assignable to type 'void | ((query: { limit: number; actorId?: string; action?: string; targetType?: string; targetId?: string; from?: string; to?: string; cursor?: string; }) => Promise<AuditLogsResponseDto>)'.
  Type 'TypedPropertyDescriptor<unknown>' is not assignable to type 'void | ((query: { limit: number; actorId?: string; action?: string; targetType?: string; targetId?: string; from?: string; to?: string; cursor?: string; }) => Promise<AuditLogsResponseDto>)'.
src/modules/audit/audit-log.controller.ts(20,5): error TS1206: Decorators are not valid here.
src/modules/audit/audit-log.controller.ts(38,3): error TS1241: Unable to resolve signature of method decorator when called as an expression.
  The runtime will invoke the decorator with 2 arguments, but the decorator expects 3.
src/modules/audit/audit-log.controller.ts(38,4): error TS1270: Decorator function return type 'void | TypedPropertyDescriptor<unknown>' is not assignable to type 'void | ((query: { limit: number; }) => Promise<VerifyChainResponseDto>)'.
  Type 'TypedPropertyDescriptor<unknown>' is not assignable to type 'void | ((query: { limit: number; }) => Promise<VerifyChainResponseDto>)'.
src/modules/audit/audit-log.controller.ts(40,5): error TS1206: Decorators are not valid here.
src/modules/auth/auth.controller.ts(22,3): error TS1241: Unable to resolve signature of method decorator when called as an expression.
  The runtime will invoke the decorator with 2 arguments, but the decorator expects 3.
src/modules/auth/auth.controller.ts(22,4): error TS1270: Decorator function return type 'void | TypedPropertyDescriptor<unknown>' is not assignable to type 'void | ((dto: RegisterDto) => Promise<{ accessToken: string; refreshToken: string; user: { creatorProfile: { id: string; createdAt: Date; userId: string; username: string; stripeAccountId: string; ... 6 more ...; stripeOnboarded: boolean; }; ... 38 more ...; deletedAt: Date; }; }>)'.
  Type 'TypedPropertyDescriptor<unknown>' is not assignable to type 'void | ((dto: RegisterDto) => Promise<{ accessToken: string; refreshToken: string; user: { creatorProfile: { id: string; createdAt: Date; userId: string; username: string; stripeAccountId: string; ... 6 more ...; stripeOnboarded: boolean; }; ... 38 more ...; deletedAt: Date; }; }>)'.
src/modules/auth/auth.controller.ts(24,18): error TS1206: Decorators are not valid here.
src/modules/auth/auth.controller.ts(33,3): error TS1241: Unable to resolve signature of method decorator when called as an expression.
  The runtime will invoke the decorator with 2 arguments, but the decorator expects 3.
src/modules/auth/auth.controller.ts(33,4): error TS1270: Decorator function return type 'void | TypedPropertyDescriptor<unknown>' is not assignable to type 'void | ((dto: LoginDto, ip: string) => Promise<{ accessToken: string; refreshToken: string; user: { creatorProfile: { id: string; createdAt: Date; userId: string; username: string; ... 7 more ...; stripeOnboarded: boolean; }; ... 38 more ...; deletedAt: Date; }; }>)'.
  Type 'TypedPropertyDescriptor<unknown>' is not assignable to type 'void | ((dto: LoginDto, ip: string) => Promise<{ accessToken: string; refreshToken: string; user: { creatorProfile: { id: string; createdAt: Date; userId: string; username: string; ... 7 more ...; stripeOnboarded: boolean; }; ... 38 more ...; deletedAt: Date; }; }>)'.
src/modules/auth/auth.controller.ts(35,15): error TS1206: Decorators are not valid here.
src/modules/auth/auth.controller.ts(35,38): error TS1206: Decorators are not valid here.
src/modules/auth/auth.controller.ts(44,3): error TS1241: Unable to resolve signature of method decorator when called as an expression.
  The runtime will invoke the decorator with 2 arguments, but the decorator expects 3.
src/modules/auth/auth.controller.ts(44,4): error TS1270: Decorator function return type 'void | TypedPropertyDescriptor<unknown>' is not assignable to type 'void | ((dto: RefreshDto, ip: string) => Promise<{ accessToken: string; refreshToken: string; user: { creatorProfile: { id: string; createdAt: Date; userId: string; username: string; ... 7 more ...; stripeOnboarded: boolean; }; ... 38 more ...; deletedAt: Date; }; }>)'.
  Type 'TypedPropertyDescriptor<unknown>' is not assignable to type 'void | ((dto: RefreshDto, ip: string) => Promise<{ accessToken: string; refreshToken: string; user: { creatorProfile: { id: string; createdAt: Date; userId: string; username: string; ... 7 more ...; stripeOnboarded: boolean; }; ... 38 more ...; deletedAt: Date; }; }>)'.
src/modules/auth/auth.controller.ts(46,17): error TS1206: Decorators are not valid here.
src/modules/auth/auth.controller.ts(46,42): error TS1206: Decorators are not valid here.
src/modules/auth/auth.controller.ts(56,3): error TS1241: Unable to resolve signature of method decorator when called as an expression.
  The runtime will invoke the decorator with 2 arguments, but the decorator expects 3.
src/modules/auth/auth.controller.ts(56,4): error TS1270: Decorator function return type 'void | TypedPropertyDescriptor<unknown>' is not assignable to type 'void | ((req: any, ip: string) => Promise<{ success: boolean; }>)'.
  Type 'TypedPropertyDescriptor<unknown>' is not assignable to type 'void | ((req: any, ip: string) => Promise<{ success: boolean; }>)'.
src/modules/auth/auth.controller.ts(57,16): error TS1206: Decorators are not valid here.
src/modules/auth/auth.controller.ts(57,37): error TS1206: Decorators are not valid here.
src/modules/auth/auth.service.ts(49,5): error TS1206: Decorators are not valid here.
src/modules/auth/dto/login.dto.ts(5,4): error TS1240: Unable to resolve signature of property decorator when called as an expression.
  Argument of type 'ClassFieldDecoratorContext<LoginDto, string> & { name: "email"; private: false; static: false; }' is not assignable to parameter of type 'string | symbol'.
src/modules/auth/dto/login.dto.ts(6,4): error TS1240: Unable to resolve signature of property decorator when called as an expression.
  Argument of type 'ClassFieldDecoratorContext<LoginDto, string> & { name: "email"; private: false; static: false; }' is not assignable to parameter of type 'string | symbol'.
src/modules/auth/dto/login.dto.ts(7,4): error TS1240: Unable to resolve signature of property decorator when called as an expression.
  Argument of type 'ClassFieldDecoratorContext<LoginDto, string> & { name: "email"; private: false; static: false; }' is not assignable to parameter of type 'string | symbol'.
src/modules/auth/dto/login.dto.ts(8,4): error TS1240: Unable to resolve signature of property decorator when called as an expression.
  Argument of type 'ClassFieldDecoratorContext<LoginDto, string> & { name: "email"; private: false; static: false; }' is not assignable to parameter of type 'string | symbol'.
src/modules/auth/dto/login.dto.ts(11,4): error TS1240: Unable to resolve signature of property decorator when called as an expression.
  Argument of type 'ClassFieldDecoratorContext<LoginDto, string> & { name: "password"; private: false; static: false; }' is not assignable to parameter of type 'string | symbol'.
src/modules/auth/dto/login.dto.ts(12,4): error TS1240: Unable to resolve signature of property decorator when called as an expression.
  Argument of type 'ClassFieldDecoratorContext<LoginDto, string> & { name: "password"; private: false; static: false; }' is not assignable to parameter of type 'string | symbol'.
src/modules/auth/dto/login.dto.ts(13,4): error TS1240: Unable to resolve signature of property decorator when called as an expression.
  Argument of type 'ClassFieldDecoratorContext<LoginDto, string> & { name: "password"; private: false; static: false; }' is not assignable to parameter of type 'string | symbol'.
src/modules/auth/dto/refresh.dto.ts(4,4): error TS1240: Unable to resolve signature of property decorator when called as an expression.
  Argument of type 'ClassFieldDecoratorContext<RefreshDto, string> & { name: "refreshToken"; private: false; static: false; }' is not assignable to parameter of type 'string | symbol'.
src/modules/auth/dto/refresh.dto.ts(5,4): error TS1240: Unable to resolve signature of property decorator when called as an expression.
  Argument of type 'ClassFieldDecoratorContext<RefreshDto, string> & { name: "refreshToken"; private: false; static: false; }' is not assignable to parameter of type 'string | symbol'.
src/modules/auth/dto/refresh.dto.ts(6,4): error TS1240: Unable to resolve signature of property decorator when called as an expression.
  Argument of type 'ClassFieldDecoratorContext<RefreshDto, string> & { name: "refreshToken"; private: false; static: false; }' is not assignable to parameter of type 'string | symbol'.
src/modules/auth/dto/refresh.dto.ts(7,4): error TS1240: Unable to resolve signature of property decorator when called as an expression.
  Argument of type 'ClassFieldDecoratorContext<RefreshDto, string> & { name: "refreshToken"; private: false; static: false; }' is not assignable to parameter of type 'string | symbol'.
src/modules/auth/dto/register.dto.ts(8,4): error TS1240: Unable to resolve signature of property decorator when called as an expression.
  Argument of type 'ClassFieldDecoratorContext<RegisterDto, string> & { name: "email"; private: false; static: false; }' is not assignable to parameter of type 'string | symbol'.
src/modules/auth/dto/register.dto.ts(9,4): error TS1240: Unable to resolve signature of property decorator when called as an expression.
  Argument of type 'ClassFieldDecoratorContext<RegisterDto, string> & { name: "email"; private: false; static: false; }' is not assignable to parameter of type 'string | symbol'.
src/modules/auth/dto/register.dto.ts(10,4): error TS1240: Unable to resolve signature of property decorator when called as an expression.
  Argument of type 'ClassFieldDecoratorContext<RegisterDto, string> & { name: "email"; private: false; static: false; }' is not assignable to parameter of type 'string | symbol'.
src/modules/auth/dto/register.dto.ts(11,4): error TS1240: Unable to resolve signature of property decorator when called as an expression.
  Argument of type 'ClassFieldDecoratorContext<RegisterDto, string> & { name: "email"; private: false; static: false; }' is not assignable to parameter of type 'string | symbol'.
src/modules/auth/dto/register.dto.ts(14,4): error TS1240: Unable to resolve signature of property decorator when called as an expression.
  Argument of type 'ClassFieldDecoratorContext<RegisterDto, string> & { name: "password"; private: false; static: false; }' is not assignable to parameter of type 'string | symbol'.
src/modules/auth/dto/register.dto.ts(15,4): error TS1240: Unable to resolve signature of property decorator when called as an expression.
  Argument of type 'ClassFieldDecoratorContext<RegisterDto, string> & { name: "password"; private: false; static: false; }' is not assignable to parameter of type 'string | symbol'.
src/modules/auth/dto/register.dto.ts(16,4): error TS1240: Unable to resolve signature of property decorator when called as an expression.
  Argument of type 'ClassFieldDecoratorContext<RegisterDto, string> & { name: "password"; private: false; static: false; }' is not assignable to parameter of type 'string | symbol'.
src/modules/auth/dto/register.dto.ts(17,4): error TS1240: Unable to resolve signature of property decorator when called as an expression.
  Argument of type 'ClassFieldDecoratorContext<RegisterDto, string> & { name: "password"; private: false; static: false; }' is not assignable to parameter of type 'string | symbol'.
src/modules/auth/dto/register.dto.ts(18,4): error TS1240: Unable to resolve signature of property decorator when called as an expression.
  Argument of type 'ClassFieldDecoratorContext<RegisterDto, string> & { name: "password"; private: false; static: false; }' is not assignable to parameter of type 'string'.
src/modules/auth/dto/register.dto.ts(21,4): error TS1240: Unable to resolve signature of property decorator when called as an expression.
  Argument of type 'ClassFieldDecoratorContext<RegisterDto, string> & { name: "passwordConfirm"; private: false; static: false; }' is not assignable to parameter of type 'string | symbol'.
src/modules/auth/dto/register.dto.ts(22,4): error TS1240: Unable to resolve signature of property decorator when called as an expression.
  Argument of type 'ClassFieldDecoratorContext<RegisterDto, string> & { name: "passwordConfirm"; private: false; static: false; }' is not assignable to parameter of type 'string | symbol'.
src/modules/auth/dto/register.dto.ts(23,4): error TS1240: Unable to resolve signature of property decorator when called as an expression.
  Argument of type 'ClassFieldDecoratorContext<RegisterDto, string> & { name: "passwordConfirm"; private: false; static: false; }' is not assignable to parameter of type 'string'.
src/modules/auth/dto/register.dto.ts(26,4): error TS1240: Unable to resolve signature of property decorator when called as an expression.
  Argument of type 'ClassFieldDecoratorContext<RegisterDto, UserRole> & { name: "role"; private: false; static: false; }' is not assignable to parameter of type 'string | symbol'.
src/modules/auth/services/account-lockout.service.ts(28,5): error TS1206: Decorators are not valid here.
src/modules/auth/strategies/jwt.strategy.ts(26,5): error TS1206: Decorators are not valid here.
src/modules/boost/boost.controller.ts(17,3): error TS1241: Unable to resolve signature of method decorator when called as an expression.
  The runtime will invoke the decorator with 2 arguments, but the decorator expects 3.
src/modules/boost/boost.controller.ts(17,4): error TS1270: Decorator function return type 'void | TypedPropertyDescriptor<unknown>' is not assignable to type 'void | ((user: JwtPayload, listingId: string, dto: CreateBoostDto) => Promise<{ id: string; createdAt: Date; userId: string; expiresAt: Date; amount: number; currency: Currency; duration: number; listingId: string; }>)'.
  Type 'TypedPropertyDescriptor<unknown>' is not assignable to type 'void | ((user: JwtPayload, listingId: string, dto: CreateBoostDto) => Promise<{ id: string; createdAt: Date; userId: string; expiresAt: Date; amount: number; currency: Currency; duration: number; listingId: string; }>)'.
src/modules/boost/boost.controller.ts(19,5): error TS1206: Decorators are not valid here.
src/modules/boost/boost.controller.ts(20,5): error TS1206: Decorators are not valid here.
src/modules/boost/boost.controller.ts(21,5): error TS1206: Decorators are not valid here.
src/modules/boost/boost.controller.ts(30,3): error TS1241: Unable to resolve signature of method decorator when called as an expression.
  The runtime will invoke the decorator with 2 arguments, but the decorator expects 3.
src/modules/boost/boost.controller.ts(30,4): error TS1270: Decorator function return type 'void | TypedPropertyDescriptor<unknown>' is not assignable to type 'void | ((user: JwtPayload) => Promise<{ id: string; createdAt: Date; userId: string; expiresAt: Date; amount: number; currency: Currency; duration: number; listingId: string; }[]>)'.
  Type 'TypedPropertyDescriptor<unknown>' is not assignable to type 'void | ((user: JwtPayload) => Promise<{ id: string; createdAt: Date; userId: string; expiresAt: Date; amount: number; currency: Currency; duration: number; listingId: string; }[]>)'.
src/modules/boost/boost.controller.ts(31,15): error TS1206: Decorators are not valid here.
src/modules/boost/boost.controller.ts(39,3): error TS1241: Unable to resolve signature of method decorator when called as an expression.
  The runtime will invoke the decorator with 2 arguments, but the decorator expects 3.
src/modules/boost/boost.controller.ts(39,4): error TS1270: Decorator function return type 'void | TypedPropertyDescriptor<unknown>' is not assignable to type 'void | ((listingId: string) => Promise<{ id: string; createdAt: Date; userId: string; expiresAt: Date; amount: number; currency: Currency; duration: number; listingId: string; }[]>)'.
  Type 'TypedPropertyDescriptor<unknown>' is not assignable to type 'void | ((listingId: string) => Promise<{ id: string; createdAt: Date; userId: string; expiresAt: Date; amount: number; currency: Currency; duration: number; listingId: string; }[]>)'.
src/modules/boost/boost.controller.ts(40,20): error TS1206: Decorators are not valid here.
src/modules/boost/boost.service.ts(36,9): error TS2353: Object literal may only specify known properties, and 'targetType' does not exist in type '(Without<BoostCreateInput, BoostUncheckedCreateInput> & BoostUncheckedCreateInput) | (Without<...> & BoostCreateInput)'.
src/modules/boost/boost.service.ts(71,9): error TS2353: Object literal may only specify known properties, and 'targetType' does not exist in type 'BoostWhereInput'.
src/modules/boost/boost.service.ts(88,9): error TS2353: Object literal may only specify known properties, and 'endAt' does not exist in type 'BoostWhereInput'.
src/modules/boost/boost.service.ts(97,9): error TS2353: Object literal may only specify known properties, and 'targetType' does not exist in type 'BoostWhereInput'.
src/modules/boost/boost.service.ts(98,25): error TS2339: Property 'targetId' does not exist on type '{ id: string; createdAt: Date; userId: string; expiresAt: Date; amount: number; currency: Currency; duration: number; listingId: string; }'.
src/modules/boost/dto/create-boost.dto.ts(5,4): error TS1240: Unable to resolve signature of property decorator when called as an expression.
  Argument of type 'ClassFieldDecoratorContext<CreateBoostDto, number> & { name: "duration"; private: false; static: false; }' is not assignable to parameter of type 'string | symbol'.
src/modules/boost/dto/create-boost.dto.ts(6,4): error TS1240: Unable to resolve signature of property decorator when called as an expression.
  Argument of type 'ClassFieldDecoratorContext<CreateBoostDto, number> & { name: "duration"; private: false; static: false; }' is not assignable to parameter of type 'string | symbol'.
src/modules/boost/dto/create-boost.dto.ts(7,4): error TS1240: Unable to resolve signature of property decorator when called as an expression.
  Argument of type 'ClassFieldDecoratorContext<CreateBoostDto, number> & { name: "duration"; private: false; static: false; }' is not assignable to parameter of type 'string | symbol'.
src/modules/boost/dto/create-boost.dto.ts(10,4): error TS1240: Unable to resolve signature of property decorator when called as an expression.
  Argument of type 'ClassFieldDecoratorContext<CreateBoostDto, number> & { name: "amount"; private: false; static: false; }' is not assignable to parameter of type 'string | symbol'.
src/modules/boost/dto/create-boost.dto.ts(11,4): error TS1240: Unable to resolve signature of property decorator when called as an expression.
  Argument of type 'ClassFieldDecoratorContext<CreateBoostDto, number> & { name: "amount"; private: false; static: false; }' is not assignable to parameter of type 'string | symbol'.
src/modules/boost/dto/create-boost.dto.ts(14,4): error TS1240: Unable to resolve signature of property decorator when called as an expression.
  Argument of type 'ClassFieldDecoratorContext<CreateBoostDto, Currency> & { name: "currency"; private: false; static: false; }' is not assignable to parameter of type 'string | symbol'.
src/modules/boost/dto/create-boost.dto.ts(15,4): error TS1240: Unable to resolve signature of property decorator when called as an expression.
  Argument of type 'ClassFieldDecoratorContext<CreateBoostDto, Currency> & { name: "currency"; private: false; static: false; }' is not assignable to parameter of type 'string | symbol'.
src/modules/categories/categories.controller.ts(17,3): error TS1241: Unable to resolve signature of method decorator when called as an expression.
  The runtime will invoke the decorator with 2 arguments, but the decorator expects 3.
src/modules/categories/categories.controller.ts(17,4): error TS1270: Decorator function return type 'void | TypedPropertyDescriptor<unknown>' is not assignable to type 'void | (() => Promise<{ name: string; id: string; createdAt: Date; updatedAt: Date; isActive: boolean; description: string; slug: string; icon: string; orderIndex: number; }[]>)'.
  Type 'TypedPropertyDescriptor<unknown>' is not assignable to type 'void | (() => Promise<{ name: string; id: string; createdAt: Date; updatedAt: Date; isActive: boolean; description: string; slug: string; icon: string; orderIndex: number; }[]>)'.
src/modules/categories/categories.controller.ts(26,3): error TS1241: Unable to resolve signature of method decorator when called as an expression.
  The runtime will invoke the decorator with 2 arguments, but the decorator expects 3.
src/modules/categories/categories.controller.ts(26,4): error TS1270: Decorator function return type 'void | TypedPropertyDescriptor<unknown>' is not assignable to type 'void | ((id: string) => Promise<{ name: string; id: string; createdAt: Date; updatedAt: Date; isActive: boolean; description: string; slug: string; icon: string; orderIndex: number; }>)'.
  Type 'TypedPropertyDescriptor<unknown>' is not assignable to type 'void | ((id: string) => Promise<{ name: string; id: string; createdAt: Date; updatedAt: Date; isActive: boolean; description: string; slug: string; icon: string; orderIndex: number; }>)'.
src/modules/categories/categories.controller.ts(27,11): error TS1206: Decorators are not valid here.
src/modules/categories/categories.controller.ts(35,3): error TS1241: Unable to resolve signature of method decorator when called as an expression.
  The runtime will invoke the decorator with 2 arguments, but the decorator expects 3.
src/modules/categories/categories.controller.ts(35,4): error TS1270: Decorator function return type 'void | TypedPropertyDescriptor<unknown>' is not assignable to type 'void | ((dto: CreateCategoryDto) => Promise<{ name: string; id: string; createdAt: Date; updatedAt: Date; isActive: boolean; description: string; slug: string; icon: string; orderIndex: number; }>)'.
  Type 'TypedPropertyDescriptor<unknown>' is not assignable to type 'void | ((dto: CreateCategoryDto) => Promise<{ name: string; id: string; createdAt: Date; updatedAt: Date; isActive: boolean; description: string; slug: string; icon: string; orderIndex: number; }>)'.
src/modules/categories/categories.controller.ts(38,10): error TS1206: Decorators are not valid here.
src/modules/categories/categories.controller.ts(46,3): error TS1241: Unable to resolve signature of method decorator when called as an expression.
  The runtime will invoke the decorator with 2 arguments, but the decorator expects 3.
src/modules/categories/categories.controller.ts(46,4): error TS1270: Decorator function return type 'void | TypedPropertyDescriptor<unknown>' is not assignable to type 'void | (() => Promise<{ message: string; categories: any[]; }>)'.
  Type 'TypedPropertyDescriptor<unknown>' is not assignable to type 'void | (() => Promise<{ message: string; categories: any[]; }>)'.
src/modules/categories/dto/create-category.dto.ts(4,4): error TS1240: Unable to resolve signature of property decorator when called as an expression.
  Argument of type 'ClassFieldDecoratorContext<CreateCategoryDto, string> & { name: "name"; private: false; static: false; }' is not assignable to parameter of type 'string | symbol'.
src/modules/categories/dto/create-category.dto.ts(5,4): error TS1240: Unable to resolve signature of property decorator when called as an expression.
  Argument of type 'ClassFieldDecoratorContext<CreateCategoryDto, string> & { name: "name"; private: false; static: false; }' is not assignable to parameter of type 'string | symbol'.
src/modules/categories/dto/create-category.dto.ts(8,4): error TS1240: Unable to resolve signature of property decorator when called as an expression.
  Argument of type 'ClassFieldDecoratorContext<CreateCategoryDto, string> & { name: "slug"; private: false; static: false; }' is not assignable to parameter of type 'string | symbol'.
src/modules/categories/dto/create-category.dto.ts(9,4): error TS1240: Unable to resolve signature of property decorator when called as an expression.
  Argument of type 'ClassFieldDecoratorContext<CreateCategoryDto, string> & { name: "slug"; private: false; static: false; }' is not assignable to parameter of type 'string | symbol'.
src/modules/categories/dto/create-category.dto.ts(12,4): error TS1240: Unable to resolve signature of property decorator when called as an expression.
  Argument of type 'ClassFieldDecoratorContext<CreateCategoryDto, string> & { name: "description"; private: false; static: false; }' is not assignable to parameter of type 'string | symbol'.
src/modules/categories/dto/create-category.dto.ts(13,4): error TS1240: Unable to resolve signature of property decorator when called as an expression.
  Argument of type 'ClassFieldDecoratorContext<CreateCategoryDto, string> & { name: "description"; private: false; static: false; }' is not assignable to parameter of type 'string | symbol'.
src/modules/categories/dto/create-category.dto.ts(16,4): error TS1240: Unable to resolve signature of property decorator when called as an expression.
  Argument of type 'ClassFieldDecoratorContext<CreateCategoryDto, string> & { name: "icon"; private: false; static: false; }' is not assignable to parameter of type 'string | symbol'.
src/modules/categories/dto/create-category.dto.ts(17,4): error TS1240: Unable to resolve signature of property decorator when called as an expression.
  Argument of type 'ClassFieldDecoratorContext<CreateCategoryDto, string> & { name: "icon"; private: false; static: false; }' is not assignable to parameter of type 'string | symbol'.
src/modules/categories/dto/create-category.dto.ts(20,4): error TS1240: Unable to resolve signature of property decorator when called as an expression.
  Argument of type 'ClassFieldDecoratorContext<CreateCategoryDto, number> & { name: "orderIndex"; private: false; static: false; }' is not assignable to parameter of type 'string | symbol'.
src/modules/categories/dto/create-category.dto.ts(21,4): error TS1240: Unable to resolve signature of property decorator when called as an expression.
  Argument of type 'ClassFieldDecoratorContext<CreateCategoryDto, number> & { name: "orderIndex"; private: false; static: false; }' is not assignable to parameter of type 'string | symbol'.
src/modules/categories/dto/create-category.dto.ts(24,4): error TS1240: Unable to resolve signature of property decorator when called as an expression.
  Argument of type 'ClassFieldDecoratorContext<CreateCategoryDto, boolean> & { name: "isActive"; private: false; static: false; }' is not assignable to parameter of type 'string | symbol'.
src/modules/categories/dto/create-category.dto.ts(25,4): error TS1240: Unable to resolve signature of property decorator when called as an expression.
  Argument of type 'ClassFieldDecoratorContext<CreateCategoryDto, boolean> & { name: "isActive"; private: false; static: false; }' is not assignable to parameter of type 'string | symbol'.
src/modules/crm/crm.controller.ts(13,3): error TS1241: Unable to resolve signature of method decorator when called as an expression.
  The runtime will invoke the decorator with 2 arguments, but the decorator expects 3.
src/modules/crm/crm.controller.ts(13,4): error TS1270: Decorator function return type 'void | TypedPropertyDescriptor<unknown>' is not assignable to type 'void | ((dto: AddFanEmailDto, req: Request<ParamsDictionary, any, any, ParsedQs, Record<string, any>>) => Promise<...>)'.
  Type 'TypedPropertyDescriptor<unknown>' is not assignable to type 'void | ((dto: AddFanEmailDto, req: Request<ParamsDictionary, any, any, ParsedQs, Record<string, any>>) => Promise<...>)'.
src/modules/crm/crm.controller.ts(16,21): error TS1206: Decorators are not valid here.
src/modules/crm/crm.controller.ts(16,50): error TS1206: Decorators are not valid here.
src/modules/crm/crm.controller.ts(17,50): error TS2339: Property 'id' does not exist on type 'User'.
src/modules/crm/crm.controller.ts(20,3): error TS1241: Unable to resolve signature of method decorator when called as an expression.
  The runtime will invoke the decorator with 2 arguments, but the decorator expects 3.
src/modules/crm/crm.controller.ts(20,4): error TS1270: Decorator function return type 'void | TypedPropertyDescriptor<unknown>' is not assignable to type 'void | ((token: string) => Promise<{ success: boolean; message: string; }>)'.
  Type 'TypedPropertyDescriptor<unknown>' is not assignable to type 'void | ((token: string) => Promise<{ success: boolean; message: string; }>)'.
src/modules/crm/crm.controller.ts(21,22): error TS1206: Decorators are not valid here.
src/modules/crm/crm.controller.ts(25,3): error TS1241: Unable to resolve signature of method decorator when called as an expression.
  The runtime will invoke the decorator with 2 arguments, but the decorator expects 3.
src/modules/crm/crm.controller.ts(25,4): error TS1270: Decorator function return type 'void | TypedPropertyDescriptor<unknown>' is not assignable to type 'void | ((req: Request<ParamsDictionary, any, any, ParsedQs, Record<string, any>>, optIn?: string, limit?: number, offset?: number) => Promise<{ ...; }>)'.
  Type 'TypedPropertyDescriptor<unknown>' is not assignable to type 'void | ((req: Request<ParamsDictionary, any, any, ParsedQs, Record<string, any>>, optIn?: string, limit?: number, offset?: number) => Promise<{ ...; }>)'.
src/modules/crm/crm.controller.ts(29,5): error TS1206: Decorators are not valid here.
src/modules/crm/crm.controller.ts(30,5): error TS1206: Decorators are not valid here.
src/modules/crm/crm.controller.ts(31,5): error TS1206: Decorators are not valid here.
src/modules/crm/crm.controller.ts(32,5): error TS1206: Decorators are not valid here.
src/modules/crm/crm.controller.ts(35,17): error TS2339: Property 'id' does not exist on type 'User'.
src/modules/crm/crm.controller.ts(41,3): error TS1241: Unable to resolve signature of method decorator when called as an expression.
  The runtime will invoke the decorator with 2 arguments, but the decorator expects 3.
src/modules/crm/crm.controller.ts(41,4): error TS1270: Decorator function return type 'void | TypedPropertyDescriptor<unknown>' is not assignable to type 'void | ((req: Request<ParamsDictionary, any, any, ParsedQs, Record<string, any>>) => Promise<{ csvPath: string; count: number; }>)'.
  Type 'TypedPropertyDescriptor<unknown>' is not assignable to type 'void | ((req: Request<ParamsDictionary, any, any, ParsedQs, Record<string, any>>) => Promise<{ csvPath: string; count: number; }>)'.
src/modules/crm/crm.controller.ts(44,22): error TS1206: Decorators are not valid here.
src/modules/crm/crm.controller.ts(45,51): error TS2339: Property 'id' does not exist on type 'User'.
src/modules/crm/crm.controller.ts(48,3): error TS1241: Unable to resolve signature of method decorator when called as an expression.
  The runtime will invoke the decorator with 2 arguments, but the decorator expects 3.
src/modules/crm/crm.controller.ts(48,4): error TS1270: Decorator function return type 'void | TypedPropertyDescriptor<unknown>' is not assignable to type 'void | ((id: string) => Promise<{ success: boolean; }>)'.
  Type 'TypedPropertyDescriptor<unknown>' is not assignable to type 'void | ((id: string) => Promise<{ success: boolean; }>)'.
src/modules/crm/crm.controller.ts(49,21): error TS1206: Decorators are not valid here.
src/modules/crm/crm.controller.ts(53,3): error TS1241: Unable to resolve signature of method decorator when called as an expression.
  The runtime will invoke the decorator with 2 arguments, but the decorator expects 3.
src/modules/crm/crm.controller.ts(53,4): error TS1270: Decorator function return type 'void | TypedPropertyDescriptor<unknown>' is not assignable to type 'void | ((body: { subject: string; html: string; }, req: Request<ParamsDictionary, any, any, ParsedQs, Record<string, any>>) => Promise<...>)'.
  Type 'TypedPropertyDescriptor<unknown>' is not assignable to type 'void | ((body: { subject: string; html: string; }, req: Request<ParamsDictionary, any, any, ParsedQs, Record<string, any>>) => Promise<...>)'.
src/modules/crm/crm.controller.ts(57,5): error TS1206: Decorators are not valid here.
src/modules/crm/crm.controller.ts(58,5): error TS1206: Decorators are not valid here.
src/modules/crm/crm.controller.ts(60,52): error TS2339: Property 'id' does not exist on type 'User'.
src/modules/crm/crm.service.ts(43,7): error TS2322: Type '{ creatorId: string; email: string; source: string; optIn: false; confirmToken: string; consentTimestamp: Date; consentIp: string; }' is not assignable to type '(Without<FanEmailCreateInput, FanEmailUncheckedCreateInput> & FanEmailUncheckedCreateInput) | (Without<...> & FanEmailCreateInput)'.
  Type '{ creatorId: string; email: string; source: string; optIn: false; confirmToken: string; consentTimestamp: Date; consentIp: string; }' is not assignable to type 'Without<FanEmailUncheckedCreateInput, FanEmailCreateInput> & FanEmailCreateInput'.
    Type '{ creatorId: string; email: string; source: string; optIn: false; confirmToken: string; consentTimestamp: Date; consentIp: string; }' is not assignable to type 'Without<FanEmailUncheckedCreateInput, FanEmailCreateInput>'.
      Types of property 'creatorId' are incompatible.
        Type 'string' is not assignable to type 'never'.
src/modules/crm/crm.service.ts(71,7): error TS2322: Type '{ userId: string; event: string; resource: string; meta: { email: string; source: string; }; }' is not assignable to type '(Without<AuditLogCreateInput, AuditLogUncheckedCreateInput> & AuditLogUncheckedCreateInput) | (Without<...> & AuditLogCreateInput)'.
  Type '{ userId: string; event: string; resource: string; meta: { email: string; source: string; }; }' is not assignable to type 'Without<AuditLogUncheckedCreateInput, AuditLogCreateInput> & AuditLogCreateInput'.
    Type '{ userId: string; event: string; resource: string; meta: { email: string; source: string; }; }' is not assignable to type 'Without<AuditLogUncheckedCreateInput, AuditLogCreateInput>'.
      Types of property 'userId' are incompatible.
        Type 'string' is not assignable to type 'never'.
src/modules/crm/crm.service.ts(121,7): error TS2322: Type '{ userId: any; event: string; resource: string; meta: { email: any; }; }' is not assignable to type '(Without<AuditLogCreateInput, AuditLogUncheckedCreateInput> & AuditLogUncheckedCreateInput) | (Without<...> & AuditLogCreateInput)'.
  Type '{ userId: any; event: string; resource: string; meta: { email: any; }; }' is not assignable to type 'Without<AuditLogUncheckedCreateInput, AuditLogCreateInput> & AuditLogCreateInput'.
    Type '{ userId: any; event: string; resource: string; meta: { email: any; }; }' is not assignable to type 'Without<AuditLogUncheckedCreateInput, AuditLogCreateInput>'.
      Types of property 'userId' are incompatible.
        Type 'any' is not assignable to type 'never'.
src/modules/crm/crm.service.ts(173,7): error TS2322: Type '{ userId: string; event: string; resource: string; meta: { count: number; }; }' is not assignable to type '(Without<AuditLogCreateInput, AuditLogUncheckedCreateInput> & AuditLogUncheckedCreateInput) | (Without<...> & AuditLogCreateInput)'.
  Type '{ userId: string; event: string; resource: string; meta: { count: number; }; }' is not assignable to type 'Without<AuditLogUncheckedCreateInput, AuditLogCreateInput> & AuditLogCreateInput'.
    Type '{ userId: string; event: string; resource: string; meta: { count: number; }; }' is not assignable to type 'Without<AuditLogUncheckedCreateInput, AuditLogCreateInput>'.
      Types of property 'userId' are incompatible.
        Type 'string' is not assignable to type 'never'.
src/modules/crm/crm.service.ts(193,7): error TS2322: Type '{ userId: string; event: string; resource: string; meta: { email: string; }; }' is not assignable to type '(Without<AuditLogCreateInput, AuditLogUncheckedCreateInput> & AuditLogUncheckedCreateInput) | (Without<...> & AuditLogCreateInput)'.
  Type '{ userId: string; event: string; resource: string; meta: { email: string; }; }' is not assignable to type 'Without<AuditLogUncheckedCreateInput, AuditLogCreateInput> & AuditLogCreateInput'.
    Type '{ userId: string; event: string; resource: string; meta: { email: string; }; }' is not assignable to type 'Without<AuditLogUncheckedCreateInput, AuditLogCreateInput>'.
      Types of property 'userId' are incompatible.
        Type 'string' is not assignable to type 'never'.
src/modules/crm/crm.service.ts(237,7): error TS2322: Type '{ userId: string; event: string; resource: string; meta: { subject: string; recipientCount: number; }; }' is not assignable to type '(Without<AuditLogCreateInput, AuditLogUncheckedCreateInput> & AuditLogUncheckedCreateInput) | (Without<...> & AuditLogCreateInput)'.
  Type '{ userId: string; event: string; resource: string; meta: { subject: string; recipientCount: number; }; }' is not assignable to type 'Without<AuditLogUncheckedCreateInput, AuditLogCreateInput> & AuditLogCreateInput'.
    Type '{ userId: string; event: string; resource: string; meta: { subject: string; recipientCount: number; }; }' is not assignable to type 'Without<AuditLogUncheckedCreateInput, AuditLogCreateInput>'.
      Types of property 'userId' are incompatible.
        Type 'string' is not assignable to type 'never'.
src/modules/crm/dto/add-fan-email.dto.ts(4,4): error TS1240: Unable to resolve signature of property decorator when called as an expression.
  Argument of type 'ClassFieldDecoratorContext<AddFanEmailDto, string> & { name: "email"; private: false; static: false; }' is not assignable to parameter of type 'string | symbol'.
src/modules/crm/dto/add-fan-email.dto.ts(7,4): error TS1240: Unable to resolve signature of property decorator when called as an expression.
  Argument of type 'ClassFieldDecoratorContext<AddFanEmailDto, string> & { name: "source"; private: false; static: false; }' is not assignable to parameter of type 'string | symbol'.
src/modules/crm/dto/add-fan-email.dto.ts(8,4): error TS1240: Unable to resolve signature of property decorator when called as an expression.
  Argument of type 'ClassFieldDecoratorContext<AddFanEmailDto, string> & { name: "source"; private: false; static: false; }' is not assignable to parameter of type 'string | symbol'.
src/modules/crm/email.service.ts(3,8): error TS1259: Module '"C:/dev/apps/node_modules/.pnpm/@sendgrid+mail@8.1.6/node_modules/@sendgrid/mail/index"' can only be default-imported using the 'esModuleInterop' flag
src/modules/health/health.controller.ts(14,3): error TS1241: Unable to resolve signature of method decorator when called as an expression.
  The runtime will invoke the decorator with 2 arguments, but the decorator expects 3.
src/modules/health/health.controller.ts(14,4): error TS1270: Decorator function return type 'void | TypedPropertyDescriptor<unknown>' is not assignable to type 'void | (() => Promise<HealthCheckResult>)'.
  Type 'TypedPropertyDescriptor<unknown>' is not assignable to type 'void | (() => Promise<HealthCheckResult>)'.
src/modules/health/health.controller.ts(15,3): error TS1241: Unable to resolve signature of method decorator when called as an expression.
  The runtime will invoke the decorator with 2 arguments, but the decorator expects 3.
src/modules/health/health.controller.ts(23,3): error TS1241: Unable to resolve signature of method decorator when called as an expression.
  The runtime will invoke the decorator with 2 arguments, but the decorator expects 3.
src/modules/health/health.controller.ts(23,4): error TS1270: Decorator function return type 'void | TypedPropertyDescriptor<unknown>' is not assignable to type 'void | (() => Promise<HealthCheckResult>)'.
  Type 'TypedPropertyDescriptor<unknown>' is not assignable to type 'void | (() => Promise<HealthCheckResult>)'.
src/modules/health/health.controller.ts(24,3): error TS1241: Unable to resolve signature of method decorator when called as an expression.
  The runtime will invoke the decorator with 2 arguments, but the decorator expects 3.
src/modules/health/health.controller.ts(31,3): error TS1241: Unable to resolve signature of method decorator when called as an expression.
  The runtime will invoke the decorator with 2 arguments, but the decorator expects 3.
src/modules/health/health.controller.ts(31,4): error TS1270: Decorator function return type 'void | TypedPropertyDescriptor<unknown>' is not assignable to type 'void | (() => Promise<HealthCheckResult>)'.
  Type 'TypedPropertyDescriptor<unknown>' is not assignable to type 'void | (() => Promise<HealthCheckResult>)'.
src/modules/health/health.controller.ts(32,3): error TS1241: Unable to resolve signature of method decorator when called as an expression.
  The runtime will invoke the decorator with 2 arguments, but the decorator expects 3.
src/modules/health/indicators/redis.health.ts(9,15): error TS1206: Decorators are not valid here.
src/modules/integrations/ai-moderation/ai-moderation.service.ts(18,5): error TS1206: Decorators are not valid here.
src/modules/integrations/ai-moderation/ai-moderation.service.ts(19,5): error TS1206: Decorators are not valid here.
src/modules/marketplace/dto/create-listing.dto.ts(5,4): error TS1240: Unable to resolve signature of property decorator when called as an expression.
  Argument of type 'ClassFieldDecoratorContext<CreateListingDto, string> & { name: "categoryId"; private: false; static: false; }' is not assignable to parameter of type 'string | symbol'.
src/modules/marketplace/dto/create-listing.dto.ts(6,4): error TS1240: Unable to resolve signature of property decorator when called as an expression.
  Argument of type 'ClassFieldDecoratorContext<CreateListingDto, string> & { name: "categoryId"; private: false; static: false; }' is not assignable to parameter of type 'string | symbol'.
src/modules/marketplace/dto/create-listing.dto.ts(9,4): error TS1240: Unable to resolve signature of property decorator when called as an expression.
  Argument of type 'ClassFieldDecoratorContext<CreateListingDto, string> & { name: "title"; private: false; static: false; }' is not assignable to parameter of type 'string | symbol'.
src/modules/marketplace/dto/create-listing.dto.ts(10,4): error TS1240: Unable to resolve signature of property decorator when called as an expression.
  Argument of type 'ClassFieldDecoratorContext<CreateListingDto, string> & { name: "title"; private: false; static: false; }' is not assignable to parameter of type 'string | symbol'.
src/modules/marketplace/dto/create-listing.dto.ts(13,4): error TS1240: Unable to resolve signature of property decorator when called as an expression.
  Argument of type 'ClassFieldDecoratorContext<CreateListingDto, string> & { name: "description"; private: false; static: false; }' is not assignable to parameter of type 'string | symbol'.
src/modules/marketplace/dto/create-listing.dto.ts(14,4): error TS1240: Unable to resolve signature of property decorator when called as an expression.
  Argument of type 'ClassFieldDecoratorContext<CreateListingDto, string> & { name: "description"; private: false; static: false; }' is not assignable to parameter of type 'string | symbol'.
src/modules/marketplace/dto/create-listing.dto.ts(17,4): error TS1240: Unable to resolve signature of property decorator when called as an expression.
  Argument of type 'ClassFieldDecoratorContext<CreateListingDto, number> & { name: "price"; private: false; static: false; }' is not assignable to parameter of type 'string | symbol'.
src/modules/marketplace/dto/create-listing.dto.ts(20,4): error TS1240: Unable to resolve signature of property decorator when called as an expression.
  Argument of type 'ClassFieldDecoratorContext<CreateListingDto, Currency> & { name: "currency"; private: false; static: false; }' is not assignable to parameter of type 'string | symbol'.
src/modules/marketplace/dto/create-listing.dto.ts(21,4): error TS1240: Unable to resolve signature of property decorator when called as an expression.
  Argument of type 'ClassFieldDecoratorContext<CreateListingDto, Currency> & { name: "currency"; private: false; static: false; }' is not assignable to parameter of type 'string | symbol'.
src/modules/marketplace/dto/create-listing.dto.ts(24,4): error TS1240: Unable to resolve signature of property decorator when called as an expression.
  Argument of type 'ClassFieldDecoratorContext<CreateListingDto, string[]> & { name: "mediaUrls"; private: false; static: false; }' is not assignable to parameter of type 'string | symbol'.
src/modules/marketplace/dto/create-listing.dto.ts(25,4): error TS1240: Unable to resolve signature of property decorator when called as an expression.
  Argument of type 'ClassFieldDecoratorContext<CreateListingDto, string[]> & { name: "mediaUrls"; private: false; static: false; }' is not assignable to parameter of type 'string | symbol'.
src/modules/marketplace/dto/create-listing.dto.ts(26,4): error TS1240: Unable to resolve signature of property decorator when called as an expression.
  Argument of type 'ClassFieldDecoratorContext<CreateListingDto, string[]> & { name: "mediaUrls"; private: false; static: false; }' is not assignable to parameter of type 'string | symbol'.
src/modules/marketplace/dto/create-request.dto.ts(5,4): error TS1240: Unable to resolve signature of property decorator when called as an expression.
  Argument of type 'ClassFieldDecoratorContext<CreateRequestDto, string> & { name: "creatorId"; private: false; static: false; }' is not assignable to parameter of type 'string | symbol'.
src/modules/marketplace/dto/create-request.dto.ts(6,4): error TS1240: Unable to resolve signature of property decorator when called as an expression.
  Argument of type 'ClassFieldDecoratorContext<CreateRequestDto, string> & { name: "creatorId"; private: false; static: false; }' is not assignable to parameter of type 'string | symbol'.
src/modules/marketplace/dto/create-request.dto.ts(9,4): error TS1240: Unable to resolve signature of property decorator when called as an expression.
  Argument of type 'ClassFieldDecoratorContext<CreateRequestDto, string> & { name: "listingId"; private: false; static: false; }' is not assignable to parameter of type 'string | symbol'.
src/modules/marketplace/dto/create-request.dto.ts(10,4): error TS1240: Unable to resolve signature of property decorator when called as an expression.
  Argument of type 'ClassFieldDecoratorContext<CreateRequestDto, string> & { name: "listingId"; private: false; static: false; }' is not assignable to parameter of type 'string | symbol'.
src/modules/marketplace/dto/create-request.dto.ts(13,4): error TS1240: Unable to resolve signature of property decorator when called as an expression.
  Argument of type 'ClassFieldDecoratorContext<CreateRequestDto, string> & { name: "title"; private: false; static: false; }' is not assignable to parameter of type 'string | symbol'.
src/modules/marketplace/dto/create-request.dto.ts(14,4): error TS1240: Unable to resolve signature of property decorator when called as an expression.
  Argument of type 'ClassFieldDecoratorContext<CreateRequestDto, string> & { name: "title"; private: false; static: false; }' is not assignable to parameter of type 'string | symbol'.
src/modules/marketplace/dto/create-request.dto.ts(17,4): error TS1240: Unable to resolve signature of property decorator when called as an expression.
  Argument of type 'ClassFieldDecoratorContext<CreateRequestDto, string> & { name: "description"; private: false; static: false; }' is not assignable to parameter of type 'string | symbol'.
src/modules/marketplace/dto/create-request.dto.ts(18,4): error TS1240: Unable to resolve signature of property decorator when called as an expression.
  Argument of type 'ClassFieldDecoratorContext<CreateRequestDto, string> & { name: "description"; private: false; static: false; }' is not assignable to parameter of type 'string | symbol'.
src/modules/marketplace/dto/create-request.dto.ts(21,4): error TS1240: Unable to resolve signature of property decorator when called as an expression.
  Argument of type 'ClassFieldDecoratorContext<CreateRequestDto, number> & { name: "budget"; private: false; static: false; }' is not assignable to parameter of type 'string | symbol'.
src/modules/marketplace/dto/create-request.dto.ts(22,4): error TS1240: Unable to resolve signature of property decorator when called as an expression.
  Argument of type 'ClassFieldDecoratorContext<CreateRequestDto, number> & { name: "budget"; private: false; static: false; }' is not assignable to parameter of type 'string | symbol'.
src/modules/marketplace/dto/create-request.dto.ts(25,4): error TS1240: Unable to resolve signature of property decorator when called as an expression.
  Argument of type 'ClassFieldDecoratorContext<CreateRequestDto, Currency> & { name: "currency"; private: false; static: false; }' is not assignable to parameter of type 'string | symbol'.
src/modules/marketplace/dto/create-request.dto.ts(26,4): error TS1240: Unable to resolve signature of property decorator when called as an expression.
  Argument of type 'ClassFieldDecoratorContext<CreateRequestDto, Currency> & { name: "currency"; private: false; static: false; }' is not assignable to parameter of type 'string | symbol'.
src/modules/marketplace/dto/update-listing.dto.ts(5,4): error TS1240: Unable to resolve signature of property decorator when called as an expression.
  Argument of type 'ClassFieldDecoratorContext<UpdateListingDto, string> & { name: "categoryId"; private: false; static: false; }' is not assignable to parameter of type 'string | symbol'.
src/modules/marketplace/dto/update-listing.dto.ts(6,4): error TS1240: Unable to resolve signature of property decorator when called as an expression.
  Argument of type 'ClassFieldDecoratorContext<UpdateListingDto, string> & { name: "categoryId"; private: false; static: false; }' is not assignable to parameter of type 'string | symbol'.
src/modules/marketplace/dto/update-listing.dto.ts(9,4): error TS1240: Unable to resolve signature of property decorator when called as an expression.
  Argument of type 'ClassFieldDecoratorContext<UpdateListingDto, string> & { name: "title"; private: false; static: false; }' is not assignable to parameter of type 'string | symbol'.
src/modules/marketplace/dto/update-listing.dto.ts(10,4): error TS1240: Unable to resolve signature of property decorator when called as an expression.
  Argument of type 'ClassFieldDecoratorContext<UpdateListingDto, string> & { name: "title"; private: false; static: false; }' is not assignable to parameter of type 'string | symbol'.
src/modules/marketplace/dto/update-listing.dto.ts(13,4): error TS1240: Unable to resolve signature of property decorator when called as an expression.
  Argument of type 'ClassFieldDecoratorContext<UpdateListingDto, string> & { name: "description"; private: false; static: false; }' is not assignable to parameter of type 'string | symbol'.
src/modules/marketplace/dto/update-listing.dto.ts(14,4): error TS1240: Unable to resolve signature of property decorator when called as an expression.
  Argument of type 'ClassFieldDecoratorContext<UpdateListingDto, string> & { name: "description"; private: false; static: false; }' is not assignable to parameter of type 'string | symbol'.
src/modules/marketplace/dto/update-listing.dto.ts(17,4): error TS1240: Unable to resolve signature of property decorator when called as an expression.
  Argument of type 'ClassFieldDecoratorContext<UpdateListingDto, number> & { name: "price"; private: false; static: false; }' is not assignable to parameter of type 'string | symbol'.
src/modules/marketplace/dto/update-listing.dto.ts(18,4): error TS1240: Unable to resolve signature of property decorator when called as an expression.
  Argument of type 'ClassFieldDecoratorContext<UpdateListingDto, number> & { name: "price"; private: false; static: false; }' is not assignable to parameter of type 'string | symbol'.
src/modules/marketplace/dto/update-listing.dto.ts(21,4): error TS1240: Unable to resolve signature of property decorator when called as an expression.
  Argument of type 'ClassFieldDecoratorContext<UpdateListingDto, Currency> & { name: "currency"; private: false; static: false; }' is not assignable to parameter of type 'string | symbol'.
src/modules/marketplace/dto/update-listing.dto.ts(22,4): error TS1240: Unable to resolve signature of property decorator when called as an expression.
  Argument of type 'ClassFieldDecoratorContext<UpdateListingDto, Currency> & { name: "currency"; private: false; static: false; }' is not assignable to parameter of type 'string | symbol'.
src/modules/marketplace/dto/update-listing.dto.ts(25,4): error TS1240: Unable to resolve signature of property decorator when called as an expression.
  Argument of type 'ClassFieldDecoratorContext<UpdateListingDto, string[]> & { name: "mediaUrls"; private: false; static: false; }' is not assignable to parameter of type 'string | symbol'.
src/modules/marketplace/dto/update-listing.dto.ts(26,4): error TS1240: Unable to resolve signature of property decorator when called as an expression.
  Argument of type 'ClassFieldDecoratorContext<UpdateListingDto, string[]> & { name: "mediaUrls"; private: false; static: false; }' is not assignable to parameter of type 'string | symbol'.
src/modules/marketplace/dto/update-listing.dto.ts(27,4): error TS1240: Unable to resolve signature of property decorator when called as an expression.
  Argument of type 'ClassFieldDecoratorContext<UpdateListingDto, string[]> & { name: "mediaUrls"; private: false; static: false; }' is not assignable to parameter of type 'string | symbol'.
src/modules/marketplace/dto/update-listing.dto.ts(30,4): error TS1240: Unable to resolve signature of property decorator when called as an expression.
  Argument of type 'ClassFieldDecoratorContext<UpdateListingDto, ListingStatus> & { name: "status"; private: false; static: false; }' is not assignable to parameter of type 'string | symbol'.
src/modules/marketplace/dto/update-listing.dto.ts(31,4): error TS1240: Unable to resolve signature of property decorator when called as an expression.
  Argument of type 'ClassFieldDecoratorContext<UpdateListingDto, ListingStatus> & { name: "status"; private: false; static: false; }' is not assignable to parameter of type 'string | symbol'.
src/modules/marketplace/dto/update-request.dto.ts(5,4): error TS1240: Unable to resolve signature of property decorator when called as an expression.
  Argument of type 'ClassFieldDecoratorContext<UpdateRequestDto, DataRequestStatus> & { name: "status"; private: false; static: false; }' is not assignable to parameter of type 'string | symbol'.
src/modules/marketplace/dto/update-request.dto.ts(6,4): error TS1240: Unable to resolve signature of property decorator when called as an expression.
  Argument of type 'ClassFieldDecoratorContext<UpdateRequestDto, DataRequestStatus> & { name: "status"; private: false; static: false; }' is not assignable to parameter of type 'string | symbol'.
src/modules/marketplace/dto/update-request.dto.ts(9,4): error TS1240: Unable to resolve signature of property decorator when called as an expression.
  Argument of type 'ClassFieldDecoratorContext<UpdateRequestDto, string> & { name: "response"; private: false; static: false; }' is not assignable to parameter of type 'string | symbol'.
src/modules/marketplace/dto/update-request.dto.ts(10,4): error TS1240: Unable to resolve signature of property decorator when called as an expression.
  Argument of type 'ClassFieldDecoratorContext<UpdateRequestDto, string> & { name: "response"; private: false; static: false; }' is not assignable to parameter of type 'string | symbol'.
src/modules/marketplace/marketplace.controller.ts(33,3): error TS1241: Unable to resolve signature of method decorator when called as an expression.
  The runtime will invoke the decorator with 2 arguments, but the decorator expects 3.
src/modules/marketplace/marketplace.controller.ts(33,4): error TS1270: Decorator function return type 'void | TypedPropertyDescriptor<unknown>' is not assignable to type 'void | ((categoryId?: string) => Promise<{ id: string; createdAt: Date; updatedAt: Date; status: ListingStatus; price: number; creatorId: string; categoryId: string; ... 5 more ...; viewCount: number; }[]>)'.
  Type 'TypedPropertyDescriptor<unknown>' is not assignable to type 'void | ((categoryId?: string) => Promise<{ id: string; createdAt: Date; updatedAt: Date; status: ListingStatus; price: number; creatorId: string; categoryId: string; ... 5 more ...; viewCount: number; }[]>)'.
src/modules/marketplace/marketplace.controller.ts(34,19): error TS1206: Decorators are not valid here.
src/modules/marketplace/marketplace.controller.ts(42,3): error TS1241: Unable to resolve signature of method decorator when called as an expression.
  The runtime will invoke the decorator with 2 arguments, but the decorator expects 3.
src/modules/marketplace/marketplace.controller.ts(42,4): error TS1270: Decorator function return type 'void | TypedPropertyDescriptor<unknown>' is not assignable to type 'void | ((id: string) => Promise<{ id: string; createdAt: Date; updatedAt: Date; status: ListingStatus; price: number; creatorId: string; categoryId: string; isBoosted: boolean; ... 4 more ...; viewCount: number; }>)'.
  Type 'TypedPropertyDescriptor<unknown>' is not assignable to type 'void | ((id: string) => Promise<{ id: string; createdAt: Date; updatedAt: Date; status: ListingStatus; price: number; creatorId: string; categoryId: string; isBoosted: boolean; ... 4 more ...; viewCount: number; }>)'.
src/modules/marketplace/marketplace.controller.ts(43,18): error TS1206: Decorators are not valid here.
src/modules/marketplace/marketplace.controller.ts(51,3): error TS1241: Unable to resolve signature of method decorator when called as an expression.
  The runtime will invoke the decorator with 2 arguments, but the decorator expects 3.
src/modules/marketplace/marketplace.controller.ts(51,4): error TS1270: Decorator function return type 'void | TypedPropertyDescriptor<unknown>' is not assignable to type 'void | ((user: JwtPayload) => Promise<{ id: string; createdAt: Date; updatedAt: Date; status: ListingStatus; price: number; creatorId: string; categoryId: string; ... 5 more ...; viewCount: number; }[]>)'.
  Type 'TypedPropertyDescriptor<unknown>' is not assignable to type 'void | ((user: JwtPayload) => Promise<{ id: string; createdAt: Date; updatedAt: Date; status: ListingStatus; price: number; creatorId: string; categoryId: string; ... 5 more ...; viewCount: number; }[]>)'.
src/modules/marketplace/marketplace.controller.ts(53,18): error TS1206: Decorators are not valid here.
src/modules/marketplace/marketplace.controller.ts(61,3): error TS1241: Unable to resolve signature of method decorator when called as an expression.
  The runtime will invoke the decorator with 2 arguments, but the decorator expects 3.
src/modules/marketplace/marketplace.controller.ts(61,4): error TS1270: Decorator function return type 'void | TypedPropertyDescriptor<unknown>' is not assignable to type 'void | ((user: JwtPayload, dto: CreateListingDto) => Promise<{ id: string; createdAt: Date; updatedAt: Date; status: ListingStatus; ... 8 more ...; viewCount: number; }>)'.
  Type 'TypedPropertyDescriptor<unknown>' is not assignable to type 'void | ((user: JwtPayload, dto: CreateListingDto) => Promise<{ id: string; createdAt: Date; updatedAt: Date; status: ListingStatus; ... 8 more ...; viewCount: number; }>)'.
src/modules/marketplace/marketplace.controller.ts(64,5): error TS1206: Decorators are not valid here.
src/modules/marketplace/marketplace.controller.ts(65,5): error TS1206: Decorators are not valid here.
src/modules/marketplace/marketplace.controller.ts(74,3): error TS1241: Unable to resolve signature of method decorator when called as an expression.
  The runtime will invoke the decorator with 2 arguments, but the decorator expects 3.
src/modules/marketplace/marketplace.controller.ts(74,4): error TS1270: Decorator function return type 'void | TypedPropertyDescriptor<unknown>' is not assignable to type 'void | ((id: string, user: JwtPayload, dto: UpdateListingDto) => Promise<{ id: string; createdAt: Date; updatedAt: Date; status: ListingStatus; ... 8 more ...; viewCount: number; }>)'.
  Type 'TypedPropertyDescriptor<unknown>' is not assignable to type 'void | ((id: string, user: JwtPayload, dto: UpdateListingDto) => Promise<{ id: string; createdAt: Date; updatedAt: Date; status: ListingStatus; ... 8 more ...; viewCount: number; }>)'.
src/modules/marketplace/marketplace.controller.ts(77,5): error TS1206: Decorators are not valid here.
src/modules/marketplace/marketplace.controller.ts(78,5): error TS1206: Decorators are not valid here.
src/modules/marketplace/marketplace.controller.ts(79,5): error TS1206: Decorators are not valid here.
src/modules/marketplace/marketplace.controller.ts(88,3): error TS1241: Unable to resolve signature of method decorator when called as an expression.
  The runtime will invoke the decorator with 2 arguments, but the decorator expects 3.
src/modules/marketplace/marketplace.controller.ts(88,4): error TS1270: Decorator function return type 'void | TypedPropertyDescriptor<unknown>' is not assignable to type 'void | ((id: string, user: JwtPayload) => Promise<{ message: string; }>)'.
  Type 'TypedPropertyDescriptor<unknown>' is not assignable to type 'void | ((id: string, user: JwtPayload) => Promise<{ message: string; }>)'.
src/modules/marketplace/marketplace.controller.ts(90,17): error TS1206: Decorators are not valid here.
src/modules/marketplace/marketplace.controller.ts(90,42): error TS1206: Decorators are not valid here.
src/modules/marketplace/marketplace.controller.ts(102,3): error TS1241: Unable to resolve signature of method decorator when called as an expression.
  The runtime will invoke the decorator with 2 arguments, but the decorator expects 3.
src/modules/marketplace/marketplace.controller.ts(102,4): error TS1270: Decorator function return type 'void | TypedPropertyDescriptor<unknown>' is not assignable to type 'void | ((user: JwtPayload, role: "fan" | "creator") => Promise<any[]>)'.
  Type 'TypedPropertyDescriptor<unknown>' is not assignable to type 'void | ((user: JwtPayload, role: "fan" | "creator") => Promise<any[]>)'.
src/modules/marketplace/marketplace.controller.ts(105,5): error TS1206: Decorators are not valid here.
src/modules/marketplace/marketplace.controller.ts(106,5): error TS1206: Decorators are not valid here.
src/modules/marketplace/marketplace.controller.ts(115,3): error TS1241: Unable to resolve signature of method decorator when called as an expression.
  The runtime will invoke the decorator with 2 arguments, but the decorator expects 3.
src/modules/marketplace/marketplace.controller.ts(115,4): error TS1270: Decorator function return type 'void | TypedPropertyDescriptor<unknown>' is not assignable to type 'void | ((id: string, user: JwtPayload) => Promise<void>)'.
  Type 'TypedPropertyDescriptor<unknown>' is not assignable to type 'void | ((id: string, user: JwtPayload) => Promise<void>)'.
src/modules/marketplace/marketplace.controller.ts(117,18): error TS1206: Decorators are not valid here.
src/modules/marketplace/marketplace.controller.ts(117,43): error TS1206: Decorators are not valid here.
src/modules/marketplace/marketplace.controller.ts(125,3): error TS1241: Unable to resolve signature of method decorator when called as an expression.
  The runtime will invoke the decorator with 2 arguments, but the decorator expects 3.
src/modules/marketplace/marketplace.controller.ts(125,4): error TS1270: Decorator function return type 'void | TypedPropertyDescriptor<unknown>' is not assignable to type 'void | ((user: JwtPayload, dto: CreateRequestDto) => Promise<void>)'.
  Type 'TypedPropertyDescriptor<unknown>' is not assignable to type 'void | ((user: JwtPayload, dto: CreateRequestDto) => Promise<void>)'.
src/modules/marketplace/marketplace.controller.ts(128,5): error TS1206: Decorators are not valid here.
src/modules/marketplace/marketplace.controller.ts(129,5): error TS1206: Decorators are not valid here.
src/modules/marketplace/marketplace.controller.ts(138,3): error TS1241: Unable to resolve signature of method decorator when called as an expression.
  The runtime will invoke the decorator with 2 arguments, but the decorator expects 3.
src/modules/marketplace/marketplace.controller.ts(138,4): error TS1270: Decorator function return type 'void | TypedPropertyDescriptor<unknown>' is not assignable to type 'void | ((id: string, user: JwtPayload, dto: UpdateRequestDto) => Promise<void>)'.
  Type 'TypedPropertyDescriptor<unknown>' is not assignable to type 'void | ((id: string, user: JwtPayload, dto: UpdateRequestDto) => Promise<void>)'.
src/modules/marketplace/marketplace.controller.ts(141,5): error TS1206: Decorators are not valid here.
src/modules/marketplace/marketplace.controller.ts(142,5): error TS1206: Decorators are not valid here.
src/modules/marketplace/marketplace.controller.ts(143,5): error TS1206: Decorators are not valid here.
src/modules/marketplace/marketplace.service.ts(69,9): error TS2353: Object literal may only specify known properties, and 'priceMin' does not exist in type '(Without<MarketListingCreateInput, MarketListingUncheckedCreateInput> & MarketListingUncheckedCreateInput) | (Without<...> & MarketListingCreateInput)'.
src/modules/messages/dto/send-message.dto.ts(12,4): error TS1240: Unable to resolve signature of property decorator when called as an expression.
  Argument of type 'ClassFieldDecoratorContext<SendMessageDto, MessageType> & { name: "type"; private: false; static: false; }' is not assignable to parameter of type 'string | symbol'.
src/modules/messages/dto/send-message.dto.ts(13,4): error TS1240: Unable to resolve signature of property decorator when called as an expression.
  Argument of type 'ClassFieldDecoratorContext<SendMessageDto, MessageType> & { name: "type"; private: false; static: false; }' is not assignable to parameter of type 'string | symbol'.
src/modules/messages/dto/send-message.dto.ts(16,4): error TS1240: Unable to resolve signature of property decorator when called as an expression.
  Argument of type 'ClassFieldDecoratorContext<SendMessageDto, string> & { name: "content"; private: false; static: false; }' is not assignable to parameter of type 'string | symbol'.
src/modules/messages/dto/send-message.dto.ts(17,4): error TS1240: Unable to resolve signature of property decorator when called as an expression.
  Argument of type 'ClassFieldDecoratorContext<SendMessageDto, string> & { name: "content"; private: false; static: false; }' is not assignable to parameter of type 'string | symbol'.
src/modules/messages/dto/send-message.dto.ts(18,4): error TS1240: Unable to resolve signature of property decorator when called as an expression.
  Argument of type 'ClassFieldDecoratorContext<SendMessageDto, string> & { name: "content"; private: false; static: false; }' is not assignable to parameter of type 'string | symbol'.
src/modules/messages/dto/send-message.dto.ts(21,4): error TS1240: Unable to resolve signature of property decorator when called as an expression.
  Argument of type 'ClassFieldDecoratorContext<SendMessageDto, string> & { name: "mediaUrl"; private: false; static: false; }' is not assignable to parameter of type 'string | symbol'.
src/modules/messages/dto/send-message.dto.ts(22,4): error TS1240: Unable to resolve signature of property decorator when called as an expression.
  Argument of type 'ClassFieldDecoratorContext<SendMessageDto, string> & { name: "mediaUrl"; private: false; static: false; }' is not assignable to parameter of type 'string | symbol'.
src/modules/messages/dto/send-message.dto.ts(25,4): error TS1240: Unable to resolve signature of property decorator when called as an expression.
  Argument of type 'ClassFieldDecoratorContext<SendMessageDto, number> & { name: "priceCents"; private: false; static: false; }' is not assignable to parameter of type 'string | symbol'.
src/modules/messages/dto/send-message.dto.ts(26,4): error TS1240: Unable to resolve signature of property decorator when called as an expression.
  Argument of type 'ClassFieldDecoratorContext<SendMessageDto, number> & { name: "priceCents"; private: false; static: false; }' is not assignable to parameter of type 'string | symbol'.
src/modules/messages/dto/send-message.dto.ts(27,4): error TS1240: Unable to resolve signature of property decorator when called as an expression.
  Argument of type 'ClassFieldDecoratorContext<SendMessageDto, number> & { name: "priceCents"; private: false; static: false; }' is not assignable to parameter of type 'string | symbol'.
src/modules/messages/dto/send-message.dto.ts(28,4): error TS1240: Unable to resolve signature of property decorator when called as an expression.
  Argument of type 'ClassFieldDecoratorContext<SendMessageDto, number> & { name: "priceCents"; private: false; static: false; }' is not assignable to parameter of type 'string | symbol'.
src/modules/messages/dto/unlock-ppv.dto.ts(4,4): error TS1240: Unable to resolve signature of property decorator when called as an expression.
  Argument of type 'ClassFieldDecoratorContext<UnlockPpvDto, string> & { name: "paymentMethodId"; private: false; static: false; }' is not assignable to parameter of type 'string | symbol'.
src/modules/messages/dto/unlock-ppv.dto.ts(5,4): error TS1240: Unable to resolve signature of property decorator when called as an expression.
  Argument of type 'ClassFieldDecoratorContext<UnlockPpvDto, string> & { name: "paymentMethodId"; private: false; static: false; }' is not assignable to parameter of type 'string | symbol'.
src/modules/messages/messages.controller.ts(31,3): error TS1241: Unable to resolve signature of method decorator when called as an expression.
  The runtime will invoke the decorator with 2 arguments, but the decorator expects 3.
src/modules/messages/messages.controller.ts(31,4): error TS1270: Decorator function return type 'void | TypedPropertyDescriptor<unknown>' is not assignable to type 'void | ((user: JwtPayload) => Promise<{ id: string; otherUser: { id: any; handle: any; displayName: any; avatarUrl: any; }; lastMessage: any; unreadCount: number; }[]>)'.
  Type 'TypedPropertyDescriptor<unknown>' is not assignable to type 'void | ((user: JwtPayload) => Promise<{ id: string; otherUser: { id: any; handle: any; displayName: any; avatarUrl: any; }; lastMessage: any; unreadCount: number; }[]>)'.
src/modules/messages/messages.controller.ts(32,26): error TS1206: Decorators are not valid here.
src/modules/messages/messages.controller.ts(40,3): error TS1241: Unable to resolve signature of method decorator when called as an expression.
  The runtime will invoke the decorator with 2 arguments, but the decorator expects 3.
src/modules/messages/messages.controller.ts(40,4): error TS1270: Decorator function return type 'void | TypedPropertyDescriptor<unknown>' is not assignable to type 'void | ((userId: string) => Promise<{ online: boolean; }>)'.
  Type 'TypedPropertyDescriptor<unknown>' is not assignable to type 'void | ((userId: string) => Promise<{ online: boolean; }>)'.
src/modules/messages/messages.controller.ts(41,21): error TS1206: Decorators are not valid here.
src/modules/messages/messages.controller.ts(50,3): error TS1241: Unable to resolve signature of method decorator when called as an expression.
  The runtime will invoke the decorator with 2 arguments, but the decorator expects 3.
src/modules/messages/messages.controller.ts(50,4): error TS1270: Decorator function return type 'void | TypedPropertyDescriptor<unknown>' is not assignable to type 'void | ((user: JwtPayload, userId: string, cursor?: string, limit?: string) => Promise<{ messages: { id: string; conversationId: string; senderId: string; content: string; mediaUrls: any; ppvPrice: any; isRead: boolean; createdAt: string; sender: { ...; }; }[]; nextCursor: string; hasMore: boolean; }>)'.
  Type 'TypedPropertyDescriptor<unknown>' is not assignable to type 'void | ((user: JwtPayload, userId: string, cursor?: string, limit?: string) => Promise<{ messages: { id: string; conversationId: string; senderId: string; content: string; mediaUrls: any; ppvPrice: any; isRead: boolean; createdAt: string; sender: { ...; }; }[]; nextCursor: string; hasMore: boolean; }>)'.
src/modules/messages/messages.controller.ts(52,5): error TS1206: Decorators are not valid here.
src/modules/messages/messages.controller.ts(53,5): error TS1206: Decorators are not valid here.
src/modules/messages/messages.controller.ts(54,5): error TS1206: Decorators are not valid here.
src/modules/messages/messages.controller.ts(55,5): error TS1206: Decorators are not valid here.
src/modules/messages/messages.controller.ts(69,3): error TS1241: Unable to resolve signature of method decorator when called as an expression.
  The runtime will invoke the decorator with 2 arguments, but the decorator expects 3.
src/modules/messages/messages.controller.ts(69,4): error TS1270: Decorator function return type 'void | TypedPropertyDescriptor<unknown>' is not assignable to type 'void | ((user: JwtPayload, userId: string, dto: SendMessageDto) => Promise<{ id: string; conversationId: string; senderId: string; type: MessageType; ... 5 more ...; sender: { ...; }; }>)'.
  Type 'TypedPropertyDescriptor<unknown>' is not assignable to type 'void | ((user: JwtPayload, userId: string, dto: SendMessageDto) => Promise<{ id: string; conversationId: string; senderId: string; type: MessageType; ... 5 more ...; sender: { ...; }; }>)'.
src/modules/messages/messages.controller.ts(72,5): error TS1206: Decorators are not valid here.
src/modules/messages/messages.controller.ts(73,5): error TS1206: Decorators are not valid here.
src/modules/messages/messages.controller.ts(74,5): error TS1206: Decorators are not valid here.
src/modules/messages/messages.controller.ts(83,3): error TS1241: Unable to resolve signature of method decorator when called as an expression.
  The runtime will invoke the decorator with 2 arguments, but the decorator expects 3.
src/modules/messages/messages.controller.ts(83,4): error TS1270: Decorator function return type 'void | TypedPropertyDescriptor<unknown>' is not assignable to type 'void | ((user: JwtPayload, userId: string, body: { amountCents: number; paymentMethodId: string; }) => Promise<{ id: string; conversationId: string; senderId: string; type: MessageType; content: string; createdAt: string; sender: { ...; }; }>)'.
  Type 'TypedPropertyDescriptor<unknown>' is not assignable to type 'void | ((user: JwtPayload, userId: string, body: { amountCents: number; paymentMethodId: string; }) => Promise<{ id: string; conversationId: string; senderId: string; type: MessageType; content: string; createdAt: string; sender: { ...; }; }>)'.
src/modules/messages/messages.controller.ts(86,5): error TS1206: Decorators are not valid here.
src/modules/messages/messages.controller.ts(87,5): error TS1206: Decorators are not valid here.
src/modules/messages/messages.controller.ts(88,5): error TS1206: Decorators are not valid here.
src/modules/messages/messages.controller.ts(102,3): error TS1241: Unable to resolve signature of method decorator when called as an expression.
  The runtime will invoke the decorator with 2 arguments, but the decorator expects 3.
src/modules/messages/messages.controller.ts(102,4): error TS1270: Decorator function return type 'void | TypedPropertyDescriptor<unknown>' is not assignable to type 'void | ((user: JwtPayload, messageId: string) => Promise<{ id: string; createdAt: Date; content: string; type: MessageType; mediaUrl: string; priceCents: number; conversationId: string; senderId: string; isRead: boolean; }>)'.
  Type 'TypedPropertyDescriptor<unknown>' is not assignable to type 'void | ((user: JwtPayload, messageId: string) => Promise<{ id: string; createdAt: Date; content: string; type: MessageType; mediaUrl: string; priceCents: number; conversationId: string; senderId: string; isRead: boolean; }>)'.
src/modules/messages/messages.controller.ts(104,5): error TS1206: Decorators are not valid here.
src/modules/messages/messages.controller.ts(105,5): error TS1206: Decorators are not valid here.
src/modules/messages/messages.controller.ts(114,3): error TS1241: Unable to resolve signature of method decorator when called as an expression.
  The runtime will invoke the decorator with 2 arguments, but the decorator expects 3.
src/modules/messages/messages.controller.ts(114,4): error TS1270: Decorator function return type 'void | TypedPropertyDescriptor<unknown>' is not assignable to type 'void | ((user: JwtPayload, messageId: string, dto: UnlockPpvDto) => Promise<void>)'.
  Type 'TypedPropertyDescriptor<unknown>' is not assignable to type 'void | ((user: JwtPayload, messageId: string, dto: UnlockPpvDto) => Promise<void>)'.
src/modules/messages/messages.controller.ts(116,5): error TS1206: Decorators are not valid here.
src/modules/messages/messages.controller.ts(117,5): error TS1206: Decorators are not valid here.
src/modules/messages/messages.controller.ts(118,5): error TS1206: Decorators are not valid here.
src/modules/messages/messages.gateway.ts(32,4): error TS1240: Unable to resolve signature of property decorator when called as an expression.
  Argument of type 'ClassFieldDecoratorContext<MessagesGateway, Server<DefaultEventsMap, DefaultEventsMap, DefaultEventsMap, any>> & { ...; }' is not assignable to parameter of type 'string | symbol'.
src/modules/messages/messages.gateway.ts(101,3): error TS1241: Unable to resolve signature of method decorator when called as an expression.
  The runtime will invoke the decorator with 2 arguments, but the decorator expects 3.
src/modules/messages/messages.gateway.ts(101,4): error TS1270: Decorator function return type 'void | TypedPropertyDescriptor<unknown>' is not assignable to type 'void | ((client: Socket<DefaultEventsMap, DefaultEventsMap, DefaultEventsMap, any>, data: { conversationId: string; }) => Promise<...>)'.
  Type 'TypedPropertyDescriptor<unknown>' is not assignable to type 'void | ((client: Socket<DefaultEventsMap, DefaultEventsMap, DefaultEventsMap, any>, data: { conversationId: string; }) => Promise<...>)'.
src/modules/messages/messages.gateway.ts(103,5): error TS1206: Decorators are not valid here.
src/modules/messages/messages.gateway.ts(104,5): error TS1206: Decorators are not valid here.
src/modules/messages/messages.gateway.ts(122,3): error TS1241: Unable to resolve signature of method decorator when called as an expression.
  The runtime will invoke the decorator with 2 arguments, but the decorator expects 3.
src/modules/messages/messages.gateway.ts(122,4): error TS1270: Decorator function return type 'void | TypedPropertyDescriptor<unknown>' is not assignable to type 'void | ((client: Socket<DefaultEventsMap, DefaultEventsMap, DefaultEventsMap, any>, data: { conversationId: string; }) => Promise<...>)'.
  Type 'TypedPropertyDescriptor<unknown>' is not assignable to type 'void | ((client: Socket<DefaultEventsMap, DefaultEventsMap, DefaultEventsMap, any>, data: { conversationId: string; }) => Promise<...>)'.
src/modules/messages/messages.gateway.ts(124,5): error TS1206: Decorators are not valid here.
src/modules/messages/messages.gateway.ts(125,5): error TS1206: Decorators are not valid here.
src/modules/messages/messages.gateway.ts(140,3): error TS1241: Unable to resolve signature of method decorator when called as an expression.
  The runtime will invoke the decorator with 2 arguments, but the decorator expects 3.
src/modules/messages/messages.gateway.ts(140,4): error TS1270: Decorator function return type 'void | TypedPropertyDescriptor<unknown>' is not assignable to type 'void | ((client: Socket<DefaultEventsMap, DefaultEventsMap, DefaultEventsMap, any>, data: { conversationId: string; message: any; }) => Promise<...>)'.
  Type 'TypedPropertyDescriptor<unknown>' is not assignable to type 'void | ((client: Socket<DefaultEventsMap, DefaultEventsMap, DefaultEventsMap, any>, data: { conversationId: string; message: any; }) => Promise<...>)'.
src/modules/messages/messages.gateway.ts(142,5): error TS1206: Decorators are not valid here.
src/modules/messages/messages.gateway.ts(143,5): error TS1206: Decorators are not valid here.
src/modules/messages/messages.gateway.ts(157,3): error TS1241: Unable to resolve signature of method decorator when called as an expression.
  The runtime will invoke the decorator with 2 arguments, but the decorator expects 3.
src/modules/messages/messages.gateway.ts(157,4): error TS1270: Decorator function return type 'void | TypedPropertyDescriptor<unknown>' is not assignable to type 'void | ((client: Socket<DefaultEventsMap, DefaultEventsMap, DefaultEventsMap, any>, data: { conversationId: string; typing: boolean; }) => { ...; })'.
  Type 'TypedPropertyDescriptor<unknown>' is not assignable to type 'void | ((client: Socket<DefaultEventsMap, DefaultEventsMap, DefaultEventsMap, any>, data: { conversationId: string; typing: boolean; }) => { ...; })'.
src/modules/messages/messages.gateway.ts(159,5): error TS1206: Decorators are not valid here.
src/modules/messages/messages.gateway.ts(160,5): error TS1206: Decorators are not valid here.
src/modules/messages/messages.gateway.ts(174,3): error TS1241: Unable to resolve signature of method decorator when called as an expression.
  The runtime will invoke the decorator with 2 arguments, but the decorator expects 3.
src/modules/messages/messages.gateway.ts(174,4): error TS1270: Decorator function return type 'void | TypedPropertyDescriptor<unknown>' is not assignable to type 'void | ((client: Socket<DefaultEventsMap, DefaultEventsMap, DefaultEventsMap, any>, data: { messageId: string; conversationId: string; }) => Promise<...>)'.
  Type 'TypedPropertyDescriptor<unknown>' is not assignable to type 'void | ((client: Socket<DefaultEventsMap, DefaultEventsMap, DefaultEventsMap, any>, data: { messageId: string; conversationId: string; }) => Promise<...>)'.
src/modules/messages/messages.gateway.ts(176,5): error TS1206: Decorators are not valid here.
src/modules/messages/messages.gateway.ts(177,5): error TS1206: Decorators are not valid here.
src/modules/messages/messages.gateway.ts(191,3): error TS1241: Unable to resolve signature of method decorator when called as an expression.
  The runtime will invoke the decorator with 2 arguments, but the decorator expects 3.
src/modules/messages/messages.gateway.ts(191,4): error TS1270: Decorator function return type 'void | TypedPropertyDescriptor<unknown>' is not assignable to type 'void | ((client: Socket<DefaultEventsMap, DefaultEventsMap, DefaultEventsMap, any>) => Promise<{ success: boolean; timestamp: number; }>)'.
  Type 'TypedPropertyDescriptor<unknown>' is not assignable to type 'void | ((client: Socket<DefaultEventsMap, DefaultEventsMap, DefaultEventsMap, any>) => Promise<{ success: boolean; timestamp: number; }>)'.
src/modules/messages/messages.gateway.ts(192,25): error TS1206: Decorators are not valid here.
src/modules/messages/messages.service.ts(25,9): error TS2353: Object literal may only specify known properties, and 'user1' does not exist in type 'ConversationInclude<DefaultArgs>'.
src/modules/messages/messages.service.ts(68,9): error TS2353: Object literal may only specify known properties, and 'lastMessageAt' does not exist in type 'ConversationOrderByWithRelationInput | ConversationOrderByWithRelationInput[]'.
src/modules/messages/messages.service.ts(75,58): error TS2551: Property 'user2' does not exist on type '{ id: string; createdAt: Date; updatedAt: Date; user1Id: string; user2Id: string; lastMsgAt: Date; }'. Did you mean 'user2Id'?
src/modules/messages/messages.service.ts(75,71): error TS2551: Property 'user1' does not exist on type '{ id: string; createdAt: Date; updatedAt: Date; user1Id: string; user2Id: string; lastMsgAt: Date; }'. Did you mean 'user1Id'?
src/modules/messages/messages.service.ts(93,29): error TS2339: Property 'messages' does not exist on type '{ id: string; createdAt: Date; updatedAt: Date; user1Id: string; user2Id: string; lastMsgAt: Date; }'.
src/modules/messages/messages.service.ts(129,9): error TS2353: Object literal may only specify known properties, and 'sender' does not exist in type 'MessageInclude<DefaultArgs>'.
src/modules/messages/messages.service.ts(162,22): error TS2551: Property 'mediaUrls' does not exist on type '{ id: string; createdAt: Date; content: string; type: MessageType; mediaUrl: string; priceCents: number; conversationId: string; senderId: string; isRead: boolean; }'. Did you mean 'mediaUrl'?
src/modules/messages/messages.service.ts(163,21): error TS2339: Property 'ppvPrice' does not exist on type '{ id: string; createdAt: Date; content: string; type: MessageType; mediaUrl: string; priceCents: number; conversationId: string; senderId: string; isRead: boolean; }'.
src/modules/messages/messages.service.ts(167,17): error TS2551: Property 'sender' does not exist on type '{ id: string; createdAt: Date; content: string; type: MessageType; mediaUrl: string; priceCents: number; conversationId: string; senderId: string; isRead: boolean; }'. Did you mean 'senderId'?
src/modules/messages/messages.service.ts(168,21): error TS2551: Property 'sender' does not exist on type '{ id: string; createdAt: Date; content: string; type: MessageType; mediaUrl: string; priceCents: number; conversationId: string; senderId: string; isRead: boolean; }'. Did you mean 'senderId'?
src/modules/messages/messages.service.ts(168,44): error TS2551: Property 'sender' does not exist on type '{ id: string; createdAt: Date; content: string; type: MessageType; mediaUrl: string; priceCents: number; conversationId: string; senderId: string; isRead: boolean; }'. Did you mean 'senderId'?
src/modules/messages/messages.service.ts(169,26): error TS2551: Property 'sender' does not exist on type '{ id: string; createdAt: Date; content: string; type: MessageType; mediaUrl: string; priceCents: number; conversationId: string; senderId: string; isRead: boolean; }'. Did you mean 'senderId'?
src/modules/messages/messages.service.ts(169,52): error TS2551: Property 'sender' does not exist on type '{ id: string; createdAt: Date; content: string; type: MessageType; mediaUrl: string; priceCents: number; conversationId: string; senderId: string; isRead: boolean; }'. Did you mean 'senderId'?
src/modules/messages/messages.service.ts(170,24): error TS2551: Property 'sender' does not exist on type '{ id: string; createdAt: Date; content: string; type: MessageType; mediaUrl: string; priceCents: number; conversationId: string; senderId: string; isRead: boolean; }'. Did you mean 'senderId'?
src/modules/messages/messages.service.ts(170,45): error TS2551: Property 'sender' does not exist on type '{ id: string; createdAt: Date; content: string; type: MessageType; mediaUrl: string; priceCents: number; conversationId: string; senderId: string; isRead: boolean; }'. Did you mean 'senderId'?
src/modules/messages/messages.service.ts(231,9): error TS2561: Object literal may only specify known properties, but 'mediaUrls' does not exist in type '(Without<MessageCreateInput, MessageUncheckedCreateInput> & MessageUncheckedCreateInput) | (Without<...> & MessageCreateInput)'. Did you mean to write 'mediaUrl'?
src/modules/messages/messages.service.ts(235,9): error TS2353: Object literal may only specify known properties, and 'sender' does not exist in type 'MessageInclude<DefaultArgs>'.
src/modules/messages/messages.service.ts(256,15): error TS2561: Object literal may only specify known properties, but 'lastMessageAt' does not exist in type '(Without<ConversationUpdateInput, ConversationUncheckedUpdateInput> & ConversationUncheckedUpdateInput) | (Without<...> & ConversationUpdateInput)'. Did you mean to write 'lastMsgAt'?
src/modules/messages/messages.service.ts(265,25): error TS2551: Property 'mediaUrls' does not exist on type '{ id: string; createdAt: Date; content: string; type: MessageType; mediaUrl: string; priceCents: number; conversationId: string; senderId: string; isRead: boolean; }'. Did you mean 'mediaUrl'?
src/modules/messages/messages.service.ts(266,27): error TS2339: Property 'ppvPrice' does not exist on type '{ id: string; createdAt: Date; content: string; type: MessageType; mediaUrl: string; priceCents: number; conversationId: string; senderId: string; isRead: boolean; }'.
src/modules/messages/messages.service.ts(271,61): error TS2551: Property 'sender' does not exist on type '{ id: string; createdAt: Date; content: string; type: MessageType; mediaUrl: string; priceCents: number; conversationId: string; senderId: string; isRead: boolean; }'. Did you mean 'senderId'?
src/modules/messages/messages.service.ts(313,7): error TS2322: Type '{ conversationId: string; senderId: string; type: "TEXT"; content: string; }' is not assignable to type '(Without<MessageCreateInput, MessageUncheckedCreateInput> & MessageUncheckedCreateInput) | (Without<...> & MessageCreateInput)'.
  Type '{ conversationId: string; senderId: string; type: "TEXT"; content: string; }' is not assignable to type 'Without<MessageUncheckedCreateInput, MessageCreateInput> & MessageCreateInput'.
    Type '{ conversationId: string; senderId: string; type: "TEXT"; content: string; }' is not assignable to type 'Without<MessageUncheckedCreateInput, MessageCreateInput>'.
      Types of property 'conversationId' are incompatible.
        Type 'string' is not assignable to type 'never'.
src/modules/messages/messages.service.ts(320,9): error TS2353: Object literal may only specify known properties, and 'sender' does not exist in type 'MessageInclude<DefaultArgs>'.
src/modules/messages/messages.service.ts(341,15): error TS2561: Object literal may only specify known properties, but 'lastMessageAt' does not exist in type '(Without<ConversationUpdateInput, ConversationUncheckedUpdateInput> & ConversationUncheckedUpdateInput) | (Without<...> & ConversationUpdateInput)'. Did you mean to write 'lastMsgAt'?
src/modules/messages/messages.service.ts(352,24): error TS2551: Property 'sender' does not exist on type '{ id: string; createdAt: Date; content: string; type: MessageType; mediaUrl: string; priceCents: number; conversationId: string; senderId: string; isRead: boolean; }'. Did you mean 'senderId'?
src/modules/messages/messages.service.ts(353,28): error TS2551: Property 'sender' does not exist on type '{ id: string; createdAt: Date; content: string; type: MessageType; mediaUrl: string; priceCents: number; conversationId: string; senderId: string; isRead: boolean; }'. Did you mean 'senderId'?
src/modules/messages/messages.service.ts(353,58): error TS2551: Property 'sender' does not exist on type '{ id: string; createdAt: Date; content: string; type: MessageType; mediaUrl: string; priceCents: number; conversationId: string; senderId: string; isRead: boolean; }'. Did you mean 'senderId'?
src/modules/messages/messages.service.ts(355,22): error TS2551: Property 'sender' does not exist on type '{ id: string; createdAt: Date; content: string; type: MessageType; mediaUrl: string; priceCents: number; conversationId: string; senderId: string; isRead: boolean; }'. Did you mean 'senderId'?
src/modules/messages/messages.service.ts(356,22): error TS2551: Property 'sender' does not exist on type '{ id: string; createdAt: Date; content: string; type: MessageType; mediaUrl: string; priceCents: number; conversationId: string; senderId: string; isRead: boolean; }'. Did you mean 'senderId'?
src/modules/messages/messages.service.ts(358,22): error TS2551: Property 'sender' does not exist on type '{ id: string; createdAt: Date; content: string; type: MessageType; mediaUrl: string; priceCents: number; conversationId: string; senderId: string; isRead: boolean; }'. Did you mean 'senderId'?
src/modules/messages/messages.service.ts(358,50): error TS2551: Property 'sender' does not exist on type '{ id: string; createdAt: Date; content: string; type: MessageType; mediaUrl: string; priceCents: number; conversationId: string; senderId: string; isRead: boolean; }'. Did you mean 'senderId'?
src/modules/messages/messages.service.ts(401,9): error TS2353: Object literal may only specify known properties, and 'sender' does not exist in type 'MessageInclude<DefaultArgs>'.
src/modules/messages/messages.service.ts(428,13): error TS2339: Property 'conversation' does not exist on type '{ id: string; createdAt: Date; content: string; type: MessageType; mediaUrl: string; priceCents: number; conversationId: string; senderId: string; isRead: boolean; }'.
src/modules/messages/messages.service.ts(497,9): error TS2322: Type '{ user1Id: string; user2Id: string; }' is not assignable to type '(Without<ConversationCreateInput, ConversationUncheckedCreateInput> & ConversationUncheckedCreateInput) | (Without<...> & ConversationCreateInput)'.
  Type '{ user1Id: string; user2Id: string; }' is not assignable to type 'Without<ConversationUncheckedCreateInput, ConversationCreateInput> & ConversationCreateInput'.
    Type '{ user1Id: string; user2Id: string; }' is not assignable to type 'Without<ConversationUncheckedCreateInput, ConversationCreateInput>'.
      Types of property 'user1Id' are incompatible.
        Type 'string' is not assignable to type 'never'.
src/modules/messages/messages.service.ts(547,7): error TS2322: Type '{ conversationId: string; senderId: string; type: "TEXT"; content: string; }' is not assignable to type '(Without<MessageCreateInput, MessageUncheckedCreateInput> & MessageUncheckedCreateInput) | (Without<...> & MessageCreateInput)'.
  Type '{ conversationId: string; senderId: string; type: "TEXT"; content: string; }' is not assignable to type 'Without<MessageUncheckedCreateInput, MessageCreateInput> & MessageCreateInput'.
    Type '{ conversationId: string; senderId: string; type: "TEXT"; content: string; }' is not assignable to type 'Without<MessageUncheckedCreateInput, MessageCreateInput>'.
      Types of property 'conversationId' are incompatible.
        Type 'string' is not assignable to type 'never'.
src/modules/messages/presence.service.ts(11,15): error TS1206: Decorators are not valid here.
src/modules/metrics/metrics.controller.ts(8,3): error TS1241: Unable to resolve signature of method decorator when called as an expression.
  The runtime will invoke the decorator with 2 arguments, but the decorator expects 3.
src/modules/metrics/metrics.controller.ts(8,4): error TS1270: Decorator function return type 'void | TypedPropertyDescriptor<unknown>' is not assignable to type 'void | (() => Promise<string>)'.
  Type 'TypedPropertyDescriptor<unknown>' is not assignable to type 'void | (() => Promise<string>)'.
src/modules/metrics/metrics.controller.ts(9,3): error TS1241: Unable to resolve signature of method decorator when called as an expression.
  The runtime will invoke the decorator with 2 arguments, but the decorator expects 3.
src/modules/metrics/metrics.controller.ts(9,4): error TS1270: Decorator function return type 'void | TypedPropertyDescriptor<unknown>' is not assignable to type 'void | (() => Promise<string>)'.
  Type 'TypedPropertyDescriptor<unknown>' is not assignable to type 'void | (() => Promise<string>)'.
src/modules/payments/controllers/payments.controller.ts(20,3): error TS1241: Unable to resolve signature of method decorator when called as an expression.
  The runtime will invoke the decorator with 2 arguments, but the decorator expects 3.
src/modules/payments/controllers/payments.controller.ts(20,4): error TS1270: Decorator function return type 'void | TypedPropertyDescriptor<unknown>' is not assignable to type 'void | ((dto: CreateSubscriptionDto, req: Request<ParamsDictionary, any, any, ParsedQs, Record<string, any>>) => Promise<...>)'.
  Type 'TypedPropertyDescriptor<unknown>' is not assignable to type 'void | ((dto: CreateSubscriptionDto, req: Request<ParamsDictionary, any, any, ParsedQs, Record<string, any>>) => Promise<...>)'.
src/modules/payments/controllers/payments.controller.ts(21,28): error TS1206: Decorators are not valid here.
src/modules/payments/controllers/payments.controller.ts(21,64): error TS1206: Decorators are not valid here.
src/modules/payments/controllers/payments.controller.ts(22,30): error TS2339: Property 'id' does not exist on type 'User'.
src/modules/payments/controllers/payments.controller.ts(26,3): error TS1241: Unable to resolve signature of method decorator when called as an expression.
  The runtime will invoke the decorator with 2 arguments, but the decorator expects 3.
src/modules/payments/controllers/payments.controller.ts(26,4): error TS1270: Decorator function return type 'void | TypedPropertyDescriptor<unknown>' is not assignable to type 'void | ((dto: CreatePurchaseDto, req: Request<ParamsDictionary, any, any, ParsedQs, Record<string, any>>) => Promise<...>)'.
  Type 'TypedPropertyDescriptor<unknown>' is not assignable to type 'void | ((dto: CreatePurchaseDto, req: Request<ParamsDictionary, any, any, ParsedQs, Record<string, any>>) => Promise<...>)'.
src/modules/payments/controllers/payments.controller.ts(27,24): error TS1206: Decorators are not valid here.
src/modules/payments/controllers/payments.controller.ts(27,56): error TS1206: Decorators are not valid here.
src/modules/payments/controllers/payments.controller.ts(28,30): error TS2339: Property 'id' does not exist on type 'User'.
src/modules/payments/controllers/payments.controller.ts(32,3): error TS1241: Unable to resolve signature of method decorator when called as an expression.
  The runtime will invoke the decorator with 2 arguments, but the decorator expects 3.
src/modules/payments/controllers/payments.controller.ts(32,4): error TS1270: Decorator function return type 'void | TypedPropertyDescriptor<unknown>' is not assignable to type 'void | ((dto: CreateTipDto, req: Request<ParamsDictionary, any, any, ParsedQs, Record<string, any>>) => Promise<{ ...; }>)'.
  Type 'TypedPropertyDescriptor<unknown>' is not assignable to type 'void | ((dto: CreateTipDto, req: Request<ParamsDictionary, any, any, ParsedQs, Record<string, any>>) => Promise<{ ...; }>)'.
src/modules/payments/controllers/payments.controller.ts(33,19): error TS1206: Decorators are not valid here.
src/modules/payments/controllers/payments.controller.ts(33,46): error TS1206: Decorators are not valid here.
src/modules/payments/controllers/payments.controller.ts(34,30): error TS2339: Property 'id' does not exist on type 'User'.
src/modules/payments/controllers/payments.controller.ts(38,3): error TS1241: Unable to resolve signature of method decorator when called as an expression.
  The runtime will invoke the decorator with 2 arguments, but the decorator expects 3.
src/modules/payments/controllers/payments.controller.ts(38,4): error TS1270: Decorator function return type 'void | TypedPropertyDescriptor<unknown>' is not assignable to type 'void | ((req: Request<ParamsDictionary, any, any, ParsedQs, Record<string, any>>) => Promise<{ wallet: { id: string; creatorId: string; ... 6 more ...; updatedAt: Date; }; balance: { ...; }; upcomingReleases: any[]; }>)'.
  Type 'TypedPropertyDescriptor<unknown>' is not assignable to type 'void | ((req: Request<ParamsDictionary, any, any, ParsedQs, Record<string, any>>) => Promise<{ wallet: { id: string; creatorId: string; ... 6 more ...; updatedAt: Date; }; balance: { ...; }; upcomingReleases: any[]; }>)'.
src/modules/payments/controllers/payments.controller.ts(39,19): error TS1206: Decorators are not valid here.
src/modules/payments/controllers/payments.controller.ts(40,30): error TS2339: Property 'id' does not exist on type 'User'.
src/modules/payments/controllers/webhooks.controller.ts(27,3): error TS1241: Unable to resolve signature of method decorator when called as an expression.
  The runtime will invoke the decorator with 2 arguments, but the decorator expects 3.
src/modules/payments/controllers/webhooks.controller.ts(27,4): error TS1270: Decorator function return type 'void | TypedPropertyDescriptor<unknown>' is not assignable to type 'void | ((signature: string, request: RawBodyRequest<Request<ParamsDictionary, any, any, ParsedQs, Record<string, any>>>) => Promise<...>)'.
  Type 'TypedPropertyDescriptor<unknown>' is not assignable to type 'void | ((signature: string, request: RawBodyRequest<Request<ParamsDictionary, any, any, ParsedQs, Record<string, any>>>) => Promise<...>)'.
src/modules/payments/controllers/webhooks.controller.ts(29,5): error TS1206: Decorators are not valid here.
src/modules/payments/controllers/webhooks.controller.ts(30,5): error TS1206: Decorators are not valid here.
src/modules/payments/dto/create-purchase.dto.ts(5,4): error TS1240: Unable to resolve signature of property decorator when called as an expression.
  Argument of type 'ClassFieldDecoratorContext<CreatePurchaseDto, string> & { name: "postId"; private: false; static: false; }' is not assignable to parameter of type 'string | symbol'.
src/modules/payments/dto/create-purchase.dto.ts(8,4): error TS1240: Unable to resolve signature of property decorator when called as an expression.
  Argument of type 'ClassFieldDecoratorContext<CreatePurchaseDto, number> & { name: "amount"; private: false; static: false; }' is not assignable to parameter of type 'string | symbol'.
src/modules/payments/dto/create-purchase.dto.ts(9,4): error TS1240: Unable to resolve signature of property decorator when called as an expression.
  Argument of type 'ClassFieldDecoratorContext<CreatePurchaseDto, number> & { name: "amount"; private: false; static: false; }' is not assignable to parameter of type 'string | symbol'.
src/modules/payments/dto/create-purchase.dto.ts(12,4): error TS1240: Unable to resolve signature of property decorator when called as an expression.
  Argument of type 'ClassFieldDecoratorContext<CreatePurchaseDto, PaymentMethod> & { name: "paymentMethod"; private: false; static: false; }' is not assignable to parameter of type 'string | symbol'.
src/modules/payments/dto/create-subscription.dto.ts(9,4): error TS1240: Unable to resolve signature of property decorator when called as an expression.
  Argument of type 'ClassFieldDecoratorContext<CreateSubscriptionDto, string> & { name: "creatorId"; private: false; static: false; }' is not assignable to parameter of type 'string | symbol'.
src/modules/payments/dto/create-subscription.dto.ts(12,4): error TS1240: Unable to resolve signature of property decorator when called as an expression.
  Argument of type 'ClassFieldDecoratorContext<CreateSubscriptionDto, string> & { name: "planId"; private: false; static: false; }' is not assignable to parameter of type 'string | symbol'.
src/modules/payments/dto/create-subscription.dto.ts(13,4): error TS1240: Unable to resolve signature of property decorator when called as an expression.
  Argument of type 'ClassFieldDecoratorContext<CreateSubscriptionDto, string> & { name: "planId"; private: false; static: false; }' is not assignable to parameter of type 'string | symbol'.
src/modules/payments/dto/create-subscription.dto.ts(16,4): error TS1240: Unable to resolve signature of property decorator when called as an expression.
  Argument of type 'ClassFieldDecoratorContext<CreateSubscriptionDto, PaymentMethod> & { name: "paymentMethod"; private: false; static: false; }' is not assignable to parameter of type 'string | symbol'.
src/modules/payments/dto/create-tip.dto.ts(5,4): error TS1240: Unable to resolve signature of property decorator when called as an expression.
  Argument of type 'ClassFieldDecoratorContext<CreateTipDto, string> & { name: "creatorId"; private: false; static: false; }' is not assignable to parameter of type 'string | symbol'.
src/modules/payments/dto/create-tip.dto.ts(8,4): error TS1240: Unable to resolve signature of property decorator when called as an expression.
  Argument of type 'ClassFieldDecoratorContext<CreateTipDto, number> & { name: "amount"; private: false; static: false; }' is not assignable to parameter of type 'string | symbol'.
src/modules/payments/dto/create-tip.dto.ts(9,4): error TS1240: Unable to resolve signature of property decorator when called as an expression.
  Argument of type 'ClassFieldDecoratorContext<CreateTipDto, number> & { name: "amount"; private: false; static: false; }' is not assignable to parameter of type 'string | symbol'.
src/modules/payments/dto/create-tip.dto.ts(12,4): error TS1240: Unable to resolve signature of property decorator when called as an expression.
  Argument of type 'ClassFieldDecoratorContext<CreateTipDto, string> & { name: "message"; private: false; static: false; }' is not assignable to parameter of type 'string | symbol'.
src/modules/payments/dto/create-tip.dto.ts(13,4): error TS1240: Unable to resolve signature of property decorator when called as an expression.
  Argument of type 'ClassFieldDecoratorContext<CreateTipDto, string> & { name: "message"; private: false; static: false; }' is not assignable to parameter of type 'string | symbol'.
src/modules/payments/dto/create-tip.dto.ts(14,4): error TS1240: Unable to resolve signature of property decorator when called as an expression.
  Argument of type 'ClassFieldDecoratorContext<CreateTipDto, string> & { name: "message"; private: false; static: false; }' is not assignable to parameter of type 'string | symbol'.
src/modules/payments/dto/create-tip.dto.ts(17,4): error TS1240: Unable to resolve signature of property decorator when called as an expression.
  Argument of type 'ClassFieldDecoratorContext<CreateTipDto, PaymentMethod> & { name: "paymentMethod"; private: false; static: false; }' is not assignable to parameter of type 'string | symbol'.
src/modules/payments/payments.scheduler.ts(11,5): error TS1206: Decorators are not valid here.
src/modules/payments/payments.scheduler.ts(12,5): error TS1206: Decorators are not valid here.
src/modules/payments/payments.scheduler.ts(15,3): error TS1241: Unable to resolve signature of method decorator when called as an expression.
  The runtime will invoke the decorator with 2 arguments, but the decorator expects 3.
src/modules/payments/payments.scheduler.ts(15,4): error TS1270: Decorator function return type 'void | TypedPropertyDescriptor<unknown>' is not assignable to type 'void | (() => Promise<void>)'.
  Type 'TypedPropertyDescriptor<unknown>' is not assignable to type 'void | (() => Promise<void>)'.
src/modules/payments/payments.scheduler.ts(21,3): error TS1241: Unable to resolve signature of method decorator when called as an expression.
  The runtime will invoke the decorator with 2 arguments, but the decorator expects 3.
src/modules/payments/payments.scheduler.ts(21,4): error TS1270: Decorator function return type 'void | TypedPropertyDescriptor<unknown>' is not assignable to type 'void | (() => Promise<void>)'.
  Type 'TypedPropertyDescriptor<unknown>' is not assignable to type 'void | (() => Promise<void>)'.
src/modules/payments/payments.service.ts(49,9): error TS2353: Object literal may only specify known properties, and 'amount' does not exist in type '(Without<SubscriptionCreateInput, SubscriptionUncheckedCreateInput> & SubscriptionUncheckedCreateInput) | (Without<...> & SubscriptionCreateInput)'.
src/modules/payments/payments.service.ts(99,9): error TS2561: Object literal may only specify known properties, but 'userId' does not exist in type '(Without<PurchaseCreateInput, PurchaseUncheckedCreateInput> & PurchaseUncheckedCreateInput) | (Without<...> & PurchaseCreateInput)'. Did you mean to write 'user'?
src/modules/payments/payments.service.ts(118,26): error TS2339: Property 'authorId' does not exist on type '{ id: string; createdAt: Date; updatedAt: Date; status: PostStatus; caption: string; isPaid: boolean; price: number; creatorId: string; isPPV: boolean; boostExpiresAt: Date; categoryId: string; isBoosted: boolean; }'.
src/modules/payments/payments.service.ts(148,9): error TS2353: Object literal may only specify known properties, and 'fromUserId' does not exist in type '(Without<TipCreateInput, TipUncheckedCreateInput> & TipUncheckedCreateInput) | (Without<TipUncheckedCreateInput, TipCreateInput> & TipCreateInput)'.
src/modules/payments/payments.service.ts(245,17): error TS2353: Object literal may only specify known properties, and 'accessGranted' does not exist in type '(Without<PurchaseUpdateInput, PurchaseUncheckedUpdateInput> & PurchaseUncheckedUpdateInput) | (Without<...> & PurchaseUpdateInput)'.
src/modules/payments/services/ledger.service.ts(25,9): error TS2353: Object literal may only specify known properties, and 'type' does not exist in type '(Without<LedgerEntryCreateInput, LedgerEntryUncheckedCreateInput> & LedgerEntryUncheckedCreateInput) | (Without<...> & LedgerEntryCreateInput)'.
src/modules/payments/services/ledger.service.ts(118,34): error TS2353: Object literal may only specify known properties, and 'type' does not exist in type 'LedgerEntryWhereInput'.
src/modules/payments/services/wallet.service.ts(28,9): error TS2353: Object literal may only specify known properties, and 'type' does not exist in type 'LedgerEntryWhereInput'.
src/modules/payments/services/wallet.service.ts(67,11): error TS2353: Object literal may only specify known properties, and 'type' does not exist in type '(Without<LedgerEntryCreateInput, LedgerEntryUncheckedCreateInput> & LedgerEntryUncheckedCreateInput) | (Without<...> & LedgerEntryCreateInput)'.
src/modules/payouts/dto/request-payout.dto.ts(10,4): error TS1240: Unable to resolve signature of property decorator when called as an expression.
  Argument of type 'ClassFieldDecoratorContext<RequestPayoutDto, number> & { name: "amount"; private: false; static: false; }' is not assignable to parameter of type 'string | symbol'.
src/modules/payouts/dto/request-payout.dto.ts(11,4): error TS1240: Unable to resolve signature of property decorator when called as an expression.
  Argument of type 'ClassFieldDecoratorContext<RequestPayoutDto, number> & { name: "amount"; private: false; static: false; }' is not assignable to parameter of type 'string | symbol'.
src/modules/payouts/dto/request-payout.dto.ts(14,4): error TS1240: Unable to resolve signature of property decorator when called as an expression.
  Argument of type 'ClassFieldDecoratorContext<RequestPayoutDto, PayoutMode> & { name: "mode"; private: false; static: false; }' is not assignable to parameter of type 'string | symbol'.
src/modules/payouts/dto/request-payout.dto.ts(17,4): error TS1240: Unable to resolve signature of property decorator when called as an expression.
  Argument of type 'ClassFieldDecoratorContext<RequestPayoutDto, string> & { name: "destinationAddress"; private: false; static: false; }' is not assignable to parameter of type 'string | symbol'.
src/modules/payouts/dto/request-payout.dto.ts(18,4): error TS1240: Unable to resolve signature of property decorator when called as an expression.
  Argument of type 'ClassFieldDecoratorContext<RequestPayoutDto, string> & { name: "destinationAddress"; private: false; static: false; }' is not assignable to parameter of type 'string | symbol'.
src/modules/payouts/dto/request-payout.dto.ts(21,4): error TS1240: Unable to resolve signature of property decorator when called as an expression.
  Argument of type 'ClassFieldDecoratorContext<RequestPayoutDto, string> & { name: "stripeAccountId"; private: false; static: false; }' is not assignable to parameter of type 'string | symbol'.
src/modules/payouts/dto/request-payout.dto.ts(22,4): error TS1240: Unable to resolve signature of property decorator when called as an expression.
  Argument of type 'ClassFieldDecoratorContext<RequestPayoutDto, string> & { name: "stripeAccountId"; private: false; static: false; }' is not assignable to parameter of type 'string | symbol'.
src/modules/payouts/payouts.controller.ts(12,3): error TS1241: Unable to resolve signature of method decorator when called as an expression.
  The runtime will invoke the decorator with 2 arguments, but the decorator expects 3.
src/modules/payouts/payouts.controller.ts(12,4): error TS1270: Decorator function return type 'void | TypedPropertyDescriptor<unknown>' is not assignable to type 'void | ((req: Request<ParamsDictionary, any, any, ParsedQs, Record<string, any>>, limit?: string, offset?: string) => Promise<{ payouts: { ...; }[]; total: number; }>)'.
  Type 'TypedPropertyDescriptor<unknown>' is not assignable to type 'void | ((req: Request<ParamsDictionary, any, any, ParsedQs, Record<string, any>>, limit?: string, offset?: string) => Promise<{ payouts: { ...; }[]; total: number; }>)'.
src/modules/payouts/payouts.controller.ts(14,5): error TS1206: Decorators are not valid here.
src/modules/payouts/payouts.controller.ts(15,5): error TS1206: Decorators are not valid here.
src/modules/payouts/payouts.controller.ts(16,5): error TS1206: Decorators are not valid here.
src/modules/payouts/payouts.controller.ts(18,30): error TS2339: Property 'id' does not exist on type 'User'.
src/modules/payouts/payouts.controller.ts(25,3): error TS1241: Unable to resolve signature of method decorator when called as an expression.
  The runtime will invoke the decorator with 2 arguments, but the decorator expects 3.
src/modules/payouts/payouts.controller.ts(25,4): error TS1270: Decorator function return type 'void | TypedPropertyDescriptor<unknown>' is not assignable to type 'void | ((dto: RequestPayoutDto, req: Request<ParamsDictionary, any, any, ParsedQs, Record<string, any>>) => Promise<...>)'.
  Type 'TypedPropertyDescriptor<unknown>' is not assignable to type 'void | ((dto: RequestPayoutDto, req: Request<ParamsDictionary, any, any, ParsedQs, Record<string, any>>) => Promise<...>)'.
src/modules/payouts/payouts.controller.ts(26,23): error TS1206: Decorators are not valid here.
src/modules/payouts/payouts.controller.ts(26,54): error TS1206: Decorators are not valid here.
src/modules/payouts/payouts.controller.ts(27,30): error TS2339: Property 'id' does not exist on type 'User'.
src/modules/payouts/payouts.controller.ts(31,3): error TS1241: Unable to resolve signature of method decorator when called as an expression.
  The runtime will invoke the decorator with 2 arguments, but the decorator expects 3.
src/modules/payouts/payouts.controller.ts(31,4): error TS1270: Decorator function return type 'void | TypedPropertyDescriptor<unknown>' is not assignable to type 'void | ((req: Request<ParamsDictionary, any, any, ParsedQs, Record<string, any>>) => Promise<{ history: { date: string; amount: number; status: PayoutStatus; }[]; totalPaidOut: number; }>)'.
  Type 'TypedPropertyDescriptor<unknown>' is not assignable to type 'void | ((req: Request<ParamsDictionary, any, any, ParsedQs, Record<string, any>>) => Promise<{ history: { date: string; amount: number; status: PayoutStatus; }[]; totalPaidOut: number; }>)'.
src/modules/payouts/payouts.controller.ts(32,26): error TS1206: Decorators are not valid here.
src/modules/payouts/payouts.controller.ts(33,30): error TS2339: Property 'id' does not exist on type 'User'.
src/modules/payouts/payouts.service.ts(75,9): error TS2353: Object literal may only specify known properties, and 'method' does not exist in type '(Without<PayoutCreateInput, PayoutUncheckedCreateInput> & PayoutUncheckedCreateInput) | (Without<...> & PayoutCreateInput)'.
src/modules/payouts/payouts.service.ts(137,33): error TS2339: Property 'method' does not exist on type '{ id: string; createdAt: Date; updatedAt: Date; status: PayoutStatus; creatorId: string; mode: PayoutMode; amount: number; currency: Currency; ... 13 more ...; requestedAt: Date; }'.
src/modules/payouts/payouts.service.ts(163,32): error TS2339: Property 'COMPLETED' does not exist on type '{ PENDING: "PENDING"; APPROVED: "APPROVED"; PAID: "PAID"; BLOCKED: "BLOCKED"; FAILED: "FAILED"; CANCELED: "CANCELED"; }'.
src/modules/payouts/payouts.service.ts(208,30): error TS2339: Property 'COMPLETED' does not exist on type '{ PENDING: "PENDING"; APPROVED: "APPROVED"; PAID: "PAID"; BLOCKED: "BLOCKED"; FAILED: "FAILED"; CANCELED: "CANCELED"; }'.
src/modules/payouts/payouts.service.ts(217,30): error TS2339: Property 'COMPLETED' does not exist on type '{ PENDING: "PENDING"; APPROVED: "APPROVED"; PAID: "PAID"; BLOCKED: "BLOCKED"; FAILED: "FAILED"; CANCELED: "CANCELED"; }'.
src/modules/posts/dto/create-post.dto.ts(13,4): error TS1240: Unable to resolve signature of property decorator when called as an expression.
  Argument of type 'ClassFieldDecoratorContext<CreatePostDto, string> & { name: "caption"; private: false; static: false; }' is not assignable to parameter of type 'string | symbol'.
src/modules/posts/dto/create-post.dto.ts(14,4): error TS1240: Unable to resolve signature of property decorator when called as an expression.
  Argument of type 'ClassFieldDecoratorContext<CreatePostDto, string> & { name: "caption"; private: false; static: false; }' is not assignable to parameter of type 'string | symbol'.
src/modules/posts/dto/create-post.dto.ts(15,4): error TS1240: Unable to resolve signature of property decorator when called as an expression.
  Argument of type 'ClassFieldDecoratorContext<CreatePostDto, string> & { name: "caption"; private: false; static: false; }' is not assignable to parameter of type 'string | symbol'.
src/modules/posts/dto/create-post.dto.ts(18,4): error TS1240: Unable to resolve signature of property decorator when called as an expression.
  Argument of type 'ClassFieldDecoratorContext<CreatePostDto, boolean> & { name: "isPaid"; private: false; static: false; }' is not assignable to parameter of type 'string | symbol'.
src/modules/posts/dto/create-post.dto.ts(21,4): error TS1240: Unable to resolve signature of property decorator when called as an expression.
  Argument of type 'ClassFieldDecoratorContext<CreatePostDto, number> & { name: "price"; private: false; static: false; }' is not assignable to parameter of type 'string | symbol'.
src/modules/posts/dto/create-post.dto.ts(22,4): error TS1240: Unable to resolve signature of property decorator when called as an expression.
  Argument of type 'ClassFieldDecoratorContext<CreatePostDto, number> & { name: "price"; private: false; static: false; }' is not assignable to parameter of type 'string | symbol'.
src/modules/posts/dto/create-post.dto.ts(23,4): error TS1240: Unable to resolve signature of property decorator when called as an expression.
  Argument of type 'ClassFieldDecoratorContext<CreatePostDto, number> & { name: "price"; private: false; static: false; }' is not assignable to parameter of type 'string | symbol'.
src/modules/posts/dto/create-post.dto.ts(26,4): error TS1240: Unable to resolve signature of property decorator when called as an expression.
  Argument of type 'ClassFieldDecoratorContext<CreatePostDto, string[]> & { name: "mediaIds"; private: false; static: false; }' is not assignable to parameter of type 'string | symbol'.
src/modules/posts/dto/create-post.dto.ts(27,4): error TS1240: Unable to resolve signature of property decorator when called as an expression.
  Argument of type 'ClassFieldDecoratorContext<CreatePostDto, string[]> & { name: "mediaIds"; private: false; static: false; }' is not assignable to parameter of type 'string | symbol'.
src/modules/posts/dto/create-post.dto.ts(28,4): error TS1240: Unable to resolve signature of property decorator when called as an expression.
  Argument of type 'ClassFieldDecoratorContext<CreatePostDto, string[]> & { name: "mediaIds"; private: false; static: false; }' is not assignable to parameter of type 'string | symbol'.
src/modules/posts/dto/update-post.dto.ts(5,4): error TS1240: Unable to resolve signature of property decorator when called as an expression.
  Argument of type 'ClassFieldDecoratorContext<UpdatePostDto, string> & { name: "caption"; private: false; static: false; }' is not assignable to parameter of type 'string | symbol'.
src/modules/posts/dto/update-post.dto.ts(6,4): error TS1240: Unable to resolve signature of property decorator when called as an expression.
  Argument of type 'ClassFieldDecoratorContext<UpdatePostDto, string> & { name: "caption"; private: false; static: false; }' is not assignable to parameter of type 'string | symbol'.
src/modules/posts/dto/update-post.dto.ts(9,4): error TS1240: Unable to resolve signature of property decorator when called as an expression.
  Argument of type 'ClassFieldDecoratorContext<UpdatePostDto, ModerationStatus> & { name: "status"; private: false; static: false; }' is not assignable to parameter of type 'string | symbol'.
src/modules/posts/dto/update-post.dto.ts(10,4): error TS1240: Unable to resolve signature of property decorator when called as an expression.
  Argument of type 'ClassFieldDecoratorContext<UpdatePostDto, ModerationStatus> & { name: "status"; private: false; static: false; }' is not assignable to parameter of type 'string | symbol'.
src/modules/posts/posts.controller.ts(27,3): error TS1241: Unable to resolve signature of method decorator when called as an expression.
  The runtime will invoke the decorator with 2 arguments, but the decorator expects 3.
src/modules/posts/posts.controller.ts(27,4): error TS1270: Decorator function return type 'void | TypedPropertyDescriptor<unknown>' is not assignable to type 'void | ((req: any, createPostDto: CreatePostDto) => Promise<PostWithMedia>)'.
  Type 'TypedPropertyDescriptor<unknown>' is not assignable to type 'void | ((req: any, createPostDto: CreatePostDto) => Promise<PostWithMedia>)'.
src/modules/posts/posts.controller.ts(30,16): error TS1206: Decorators are not valid here.
src/modules/posts/posts.controller.ts(30,37): error TS1206: Decorators are not valid here.
src/modules/posts/posts.controller.ts(34,3): error TS1241: Unable to resolve signature of method decorator when called as an expression.
  The runtime will invoke the decorator with 2 arguments, but the decorator expects 3.
src/modules/posts/posts.controller.ts(34,4): error TS1270: Decorator function return type 'void | TypedPropertyDescriptor<unknown>' is not assignable to type 'void | ((id: string, req: any) => Promise<PostWithMedia>)'.
  Type 'TypedPropertyDescriptor<unknown>' is not assignable to type 'void | ((id: string, req: any) => Promise<PostWithMedia>)'.
src/modules/posts/posts.controller.ts(36,17): error TS1206: Decorators are not valid here.
src/modules/posts/posts.controller.ts(36,42): error TS1206: Decorators are not valid here.
src/modules/posts/posts.controller.ts(42,3): error TS1241: Unable to resolve signature of method decorator when called as an expression.
  The runtime will invoke the decorator with 2 arguments, but the decorator expects 3.
src/modules/posts/posts.controller.ts(42,4): error TS1270: Decorator function return type 'void | TypedPropertyDescriptor<unknown>' is not assignable to type 'void | ((id: string, updatePostDto: UpdatePostDto) => Promise<PostWithMedia>)'.
  Type 'TypedPropertyDescriptor<unknown>' is not assignable to type 'void | ((id: string, updatePostDto: UpdatePostDto) => Promise<PostWithMedia>)'.
src/modules/posts/posts.controller.ts(44,16): error TS1206: Decorators are not valid here.
src/modules/posts/posts.controller.ts(44,41): error TS1206: Decorators are not valid here.
src/modules/posts/posts.controller.ts(48,3): error TS1241: Unable to resolve signature of method decorator when called as an expression.
  The runtime will invoke the decorator with 2 arguments, but the decorator expects 3.
src/modules/posts/posts.controller.ts(48,4): error TS1270: Decorator function return type 'void | TypedPropertyDescriptor<unknown>' is not assignable to type 'void | ((id: string) => Promise<{ success: boolean; }>)'.
  Type 'TypedPropertyDescriptor<unknown>' is not assignable to type 'void | ((id: string) => Promise<{ success: boolean; }>)'.
src/modules/posts/posts.controller.ts(50,16): error TS1206: Decorators are not valid here.
src/modules/posts/posts.controller.ts(59,3): error TS1241: Unable to resolve signature of method decorator when called as an expression.
  The runtime will invoke the decorator with 2 arguments, but the decorator expects 3.
src/modules/posts/posts.controller.ts(59,4): error TS1270: Decorator function return type 'void | TypedPropertyDescriptor<unknown>' is not assignable to type 'void | ((authorId: string, page?: string, limit?: string, isPaid?: string) => Promise<PaginatedPostsResponse>)'.
  Type 'TypedPropertyDescriptor<unknown>' is not assignable to type 'void | ((authorId: string, page?: string, limit?: string, isPaid?: string) => Promise<PaginatedPostsResponse>)'.
src/modules/posts/posts.controller.ts(61,5): error TS1206: Decorators are not valid here.
src/modules/posts/posts.controller.ts(62,5): error TS1206: Decorators are not valid here.
src/modules/posts/posts.controller.ts(63,5): error TS1206: Decorators are not valid here.
src/modules/posts/posts.controller.ts(64,5): error TS1206: Decorators are not valid here.
src/modules/posts/posts.service.ts(47,9): error TS2353: Object literal may only specify known properties, and 'authorId' does not exist in type '(Without<PostCreateInput, PostUncheckedCreateInput> & PostUncheckedCreateInput) | (Without<...> & PostCreateInput)'.
src/modules/posts/posts.service.ts(83,9): error TS2353: Object literal may only specify known properties, and 'author' does not exist in type 'PostInclude<DefaultArgs>'.
src/modules/posts/posts.service.ts(97,7): error TS2322: Type '{ id: string; createdAt: Date; updatedAt: Date; status: PostStatus; caption: string; isPaid: boolean; price: number; creatorId: string; isPPV: boolean; boostExpiresAt: Date; categoryId: string; isBoosted: boolean; }' is not assignable to type 'PostWithMedia'.
  Property 'media' is missing in type '{ id: string; createdAt: Date; updatedAt: Date; status: PostStatus; caption: string; isPaid: boolean; price: number; creatorId: string; isPPV: boolean; boostExpiresAt: Date; categoryId: string; isBoosted: boolean; }' but required in type '{ media: { id: string; createdAt: Date; updatedAt: Date; status: MediaStatus; ownerId: string; postId: string; objectKey: string; contentType: string; bytes: number; hash: string; watermarked: boolean; purpose: MediaPurpose; }[]; }'.
src/modules/posts/posts.service.ts(106,14): error TS2339: Property 'authorId' does not exist on type '{ id: string; createdAt: Date; updatedAt: Date; status: PostStatus; caption: string; isPaid: boolean; price: number; creatorId: string; isPPV: boolean; boostExpiresAt: Date; categoryId: string; isBoosted: boolean; }'.
src/modules/posts/posts.service.ts(107,7): error TS2322: Type '{ id: string; createdAt: Date; updatedAt: Date; status: PostStatus; caption: string; isPaid: boolean; price: number; creatorId: string; isPPV: boolean; boostExpiresAt: Date; categoryId: string; isBoosted: boolean; }' is not assignable to type 'PostWithMedia'.
  Property 'media' is missing in type '{ id: string; createdAt: Date; updatedAt: Date; status: PostStatus; caption: string; isPaid: boolean; price: number; creatorId: string; isPPV: boolean; boostExpiresAt: Date; categoryId: string; isBoosted: boolean; }' but required in type '{ media: { id: string; createdAt: Date; updatedAt: Date; status: MediaStatus; ownerId: string; postId: string; objectKey: string; contentType: string; bytes: number; hash: string; watermarked: boolean; purpose: MediaPurpose; }[]; }'.
src/modules/posts/posts.service.ts(113,9): error TS2561: Object literal may only specify known properties, but 'userId' does not exist in type 'PurchaseWhereInput'. Did you mean to write 'user'?
src/modules/posts/posts.service.ts(119,7): error TS2322: Type '{ id: string; createdAt: Date; updatedAt: Date; status: PostStatus; caption: string; isPaid: boolean; price: number; creatorId: string; isPPV: boolean; boostExpiresAt: Date; categoryId: string; isBoosted: boolean; }' is not assignable to type 'PostWithMedia'.
  Property 'media' is missing in type '{ id: string; createdAt: Date; updatedAt: Date; status: PostStatus; caption: string; isPaid: boolean; price: number; creatorId: string; isPPV: boolean; boostExpiresAt: Date; categoryId: string; isBoosted: boolean; }' but required in type '{ media: { id: string; createdAt: Date; updatedAt: Date; status: MediaStatus; ownerId: string; postId: string; objectKey: string; contentType: string; bytes: number; hash: string; watermarked: boolean; purpose: MediaPurpose; }[]; }'.
src/modules/posts/posts.service.ts(126,25): error TS2339: Property 'authorId' does not exist on type '{ id: string; createdAt: Date; updatedAt: Date; status: PostStatus; caption: string; isPaid: boolean; price: number; creatorId: string; isPPV: boolean; boostExpiresAt: Date; categoryId: string; isBoosted: boolean; }'.
src/modules/posts/posts.service.ts(128,9): error TS2353: Object literal may only specify known properties, and 'currentPeriodEnd' does not exist in type 'SubscriptionWhereInput'.
src/modules/posts/posts.service.ts(135,7): error TS2322: Type '{ id: string; createdAt: Date; updatedAt: Date; status: PostStatus; caption: string; isPaid: boolean; price: number; creatorId: string; isPPV: boolean; boostExpiresAt: Date; categoryId: string; isBoosted: boolean; }' is not assignable to type 'PostWithMedia'.
  Property 'media' is missing in type '{ id: string; createdAt: Date; updatedAt: Date; status: PostStatus; caption: string; isPaid: boolean; price: number; creatorId: string; isPPV: boolean; boostExpiresAt: Date; categoryId: string; isBoosted: boolean; }' but required in type '{ media: { id: string; createdAt: Date; updatedAt: Date; status: MediaStatus; ownerId: string; postId: string; objectKey: string; contentType: string; bytes: number; hash: string; watermarked: boolean; purpose: MediaPurpose; }[]; }'.
src/modules/posts/posts.service.ts(217,9): error TS2353: Object literal may only specify known properties, and 'moderationStatus' does not exist in type '(Without<PostUpdateInput, PostUncheckedUpdateInput> & PostUncheckedUpdateInput) | (Without<...> & PostUpdateInput)'.
src/modules/public/cache/public-cache.service.ts(7,15): error TS1206: Decorators are not valid here.
src/modules/public/public.controller.ts(10,3): error TS1241: Unable to resolve signature of method decorator when called as an expression.
  The runtime will invoke the decorator with 2 arguments, but the decorator expects 3.
src/modules/public/public.controller.ts(10,4): error TS1270: Decorator function return type 'void | TypedPropertyDescriptor<unknown>' is not assignable to type 'void | ((handle: string) => Promise<unknown>)'.
  Type 'TypedPropertyDescriptor<unknown>' is not assignable to type 'void | ((handle: string) => Promise<unknown>)'.
src/modules/public/public.controller.ts(11,28): error TS1206: Decorators are not valid here.
src/modules/public/public.controller.ts(15,3): error TS1241: Unable to resolve signature of method decorator when called as an expression.
  The runtime will invoke the decorator with 2 arguments, but the decorator expects 3.
src/modules/public/public.controller.ts(15,4): error TS1270: Decorator function return type 'void | TypedPropertyDescriptor<unknown>' is not assignable to type 'void | ((limit?: number) => Promise<any>)'.
  Type 'TypedPropertyDescriptor<unknown>' is not assignable to type 'void | ((limit?: number) => Promise<any>)'.
src/modules/public/public.controller.ts(16,21): error TS1206: Decorators are not valid here.
src/modules/public/public.controller.ts(20,3): error TS1241: Unable to resolve signature of method decorator when called as an expression.
  The runtime will invoke the decorator with 2 arguments, but the decorator expects 3.
src/modules/public/public.controller.ts(20,4): error TS1270: Decorator function return type 'void | TypedPropertyDescriptor<unknown>' is not assignable to type 'void | ((category?: string, limit?: number, offset?: number) => Promise<{ creators: { username: string; bio: string; avatar: string; verified: boolean; subscribers: number; }[]; total: number; }>)'.
  Type 'TypedPropertyDescriptor<unknown>' is not assignable to type 'void | ((category?: string, limit?: number, offset?: number) => Promise<{ creators: { username: string; bio: string; avatar: string; verified: boolean; subscribers: number; }[]; total: number; }>)'.
src/modules/public/public.controller.ts(22,5): error TS1206: Decorators are not valid here.
src/modules/public/public.controller.ts(23,5): error TS1206: Decorators are not valid here.
src/modules/public/public.controller.ts(24,5): error TS1206: Decorators are not valid here.
src/modules/public/public.service.ts(45,11): error TS2353: Object literal may only specify known properties, and 'authorId' does not exist in type 'PostWhereInput'.
src/modules/public/public.service.ts(53,11): error TS2353: Object literal may only specify known properties, and 'authorId' does not exist in type 'PostWhereInput'.
src/modules/public/public.service.ts(60,11): error TS2353: Object literal may only specify known properties, and 'content' does not exist in type 'PostSelect<DefaultArgs>'.
src/modules/public/public.service.ts(92,23): error TS2339: Property 'content' does not exist on type '{ id: string; createdAt: Date; updatedAt: Date; status: PostStatus; caption: string; isPaid: boolean; price: number; creatorId: string; isPPV: boolean; boostExpiresAt: Date; categoryId: string; isBoosted: boolean; }'.
src/modules/public/public.service.ts(95,26): error TS2339: Property 'media' does not exist on type '{ id: string; createdAt: Date; updatedAt: Date; status: PostStatus; caption: string; isPaid: boolean; price: number; creatorId: string; isPPV: boolean; boostExpiresAt: Date; categoryId: string; isBoosted: boolean; }'.
src/modules/public/public.service.ts(96,25): error TS2339: Property 'media' does not exist on type '{ id: string; createdAt: Date; updatedAt: Date; status: PostStatus; caption: string; isPaid: boolean; price: number; creatorId: string; isPPV: boolean; boostExpiresAt: Date; categoryId: string; isBoosted: boolean; }'.
src/modules/public/public.service.ts(112,35): error TS2615: Type of property 'AND' circularly references itself in mapped type '{ [K in keyof { AND?: LedgerEntryScalarWhereWithAggregatesInput | LedgerEntryScalarWhereWithAggregatesInput[]; ... 15 more ...; updatedAt?: string | ... 1 more ... | DateTimeWithAggregatesFilter<...>; }]: Or<...> extends 1 ? { ...; }[K] extends infer TK ? GetHavingFields<...> : never : {} extends FieldPaths<...> ? n...'.
src/modules/public/public.service.ts(112,35): error TS2615: Type of property 'NOT' circularly references itself in mapped type '{ [K in keyof { AND?: LedgerEntryScalarWhereWithAggregatesInput | LedgerEntryScalarWhereWithAggregatesInput[]; ... 15 more ...; updatedAt?: string | ... 1 more ... | DateTimeWithAggregatesFilter<...>; }]: Or<...> extends 1 ? { ...; }[K] extends infer TK ? GetHavingFields<...> : never : {} extends FieldPaths<...> ? n...'.
src/modules/public/public.service.ts(112,35): error TS2615: Type of property 'OR' circularly references itself in mapped type '{ [K in keyof { AND?: LedgerEntryScalarWhereWithAggregatesInput | LedgerEntryScalarWhereWithAggregatesInput[]; ... 15 more ...; updatedAt?: string | ... 1 more ... | DateTimeWithAggregatesFilter<...>; }]: Or<...> extends 1 ? { ...; }[K] extends infer TK ? GetHavingFields<...> : never : {} extends FieldPaths<...> ? n...'.
src/modules/reactions/dto/create-reaction.dto.ts(4,4): error TS1240: Unable to resolve signature of property decorator when called as an expression.
  Argument of type 'ClassFieldDecoratorContext<CreateReactionDto, string> & { name: "postId"; private: false; static: false; }' is not assignable to parameter of type 'string | symbol'.
src/modules/reactions/dto/create-reaction.dto.ts(7,4): error TS1240: Unable to resolve signature of property decorator when called as an expression.
  Argument of type 'ClassFieldDecoratorContext<CreateReactionDto, string> & { name: "type"; private: false; static: false; }' is not assignable to parameter of type 'string | symbol'.
src/modules/reactions/reactions.controller.ts(11,3): error TS1241: Unable to resolve signature of method decorator when called as an expression.
  The runtime will invoke the decorator with 2 arguments, but the decorator expects 3.
src/modules/reactions/reactions.controller.ts(11,4): error TS1270: Decorator function return type 'void | TypedPropertyDescriptor<unknown>' is not assignable to type 'void | ((dto: CreateReactionDto, req: Request<ParamsDictionary, any, any, ParsedQs, Record<string, any>>) => Promise<...>)'.
  Type 'TypedPropertyDescriptor<unknown>' is not assignable to type 'void | ((dto: CreateReactionDto, req: Request<ParamsDictionary, any, any, ParsedQs, Record<string, any>>) => Promise<...>)'.
src/modules/reactions/reactions.controller.ts(13,16): error TS1206: Decorators are not valid here.
src/modules/reactions/reactions.controller.ts(13,48): error TS1206: Decorators are not valid here.
src/modules/reactions/reactions.controller.ts(14,51): error TS2339: Property 'id' does not exist on type 'User'.
src/modules/reactions/reactions.controller.ts(17,3): error TS1241: Unable to resolve signature of method decorator when called as an expression.
  The runtime will invoke the decorator with 2 arguments, but the decorator expects 3.
src/modules/reactions/reactions.controller.ts(17,4): error TS1270: Decorator function return type 'void | TypedPropertyDescriptor<unknown>' is not assignable to type 'void | ((id: string, req: Request<ParamsDictionary, any, any, ParsedQs, Record<string, any>>) => Promise<{ success: boolean; }>)'.
  Type 'TypedPropertyDescriptor<unknown>' is not assignable to type 'void | ((id: string, req: Request<ParamsDictionary, any, any, ParsedQs, Record<string, any>>) => Promise<{ success: boolean; }>)'.
src/modules/reactions/reactions.controller.ts(19,16): error TS1206: Decorators are not valid here.
src/modules/reactions/reactions.controller.ts(19,41): error TS1206: Decorators are not valid here.
src/modules/reactions/reactions.controller.ts(20,55): error TS2339: Property 'id' does not exist on type 'User'.
src/modules/reactions/reactions.controller.ts(23,3): error TS1241: Unable to resolve signature of method decorator when called as an expression.
  The runtime will invoke the decorator with 2 arguments, but the decorator expects 3.
src/modules/reactions/reactions.controller.ts(23,4): error TS1270: Decorator function return type 'void | TypedPropertyDescriptor<unknown>' is not assignable to type 'void | ((postId: string) => Promise<Record<string, number>>)'.
  Type 'TypedPropertyDescriptor<unknown>' is not assignable to type 'void | ((postId: string) => Promise<Record<string, number>>)'.
src/modules/reactions/reactions.controller.ts(24,19): error TS1206: Decorators are not valid here.
src/modules/reactions/reactions.controller.ts(28,3): error TS1241: Unable to resolve signature of method decorator when called as an expression.
  The runtime will invoke the decorator with 2 arguments, but the decorator expects 3.
src/modules/reactions/reactions.controller.ts(28,4): error TS1270: Decorator function return type 'void | TypedPropertyDescriptor<unknown>' is not assignable to type 'void | ((postId: string, req: Request<ParamsDictionary, any, any, ParsedQs, Record<string, any>>) => Promise<{ type: ReactionType; }>)'.
  Type 'TypedPropertyDescriptor<unknown>' is not assignable to type 'void | ((postId: string, req: Request<ParamsDictionary, any, any, ParsedQs, Record<string, any>>) => Promise<{ type: ReactionType; }>)'.
src/modules/reactions/reactions.controller.ts(30,25): error TS1206: Decorators are not valid here.
src/modules/reactions/reactions.controller.ts(30,58): error TS1206: Decorators are not valid here.
src/modules/reactions/reactions.controller.ts(31,72): error TS2339: Property 'id' does not exist on type 'User'.
src/modules/reactions/reactions.service.ts(28,7): error TS2322: Type '{ userId: string; postId: string; type: any; }' is not assignable to type '(Without<ReactionCreateInput, ReactionUncheckedCreateInput> & ReactionUncheckedCreateInput) | (Without<...> & ReactionCreateInput)'.
  Type '{ userId: string; postId: string; type: any; }' is not assignable to type 'Without<ReactionUncheckedCreateInput, ReactionCreateInput> & ReactionCreateInput'.
    Type '{ userId: string; postId: string; type: any; }' is not assignable to type 'Without<ReactionUncheckedCreateInput, ReactionCreateInput>'.
      Types of property 'userId' are incompatible.
        Type 'string' is not assignable to type 'never'.
src/modules/security/security.controller.ts(25,3): error TS1241: Unable to resolve signature of method decorator when called as an expression.
  The runtime will invoke the decorator with 2 arguments, but the decorator expects 3.
src/modules/security/security.controller.ts(25,4): error TS1270: Decorator function return type 'void | TypedPropertyDescriptor<unknown>' is not assignable to type 'void | ((req: Request<ParamsDictionary, any, any, ParsedQs, Record<string, any>>) => Promise<{ secret: string; qrCode: string; otpauthUrl: string; }>)'.
  Type 'TypedPropertyDescriptor<unknown>' is not assignable to type 'void | ((req: Request<ParamsDictionary, any, any, ParsedQs, Record<string, any>>) => Promise<{ secret: string; qrCode: string; otpauthUrl: string; }>)'.
src/modules/security/security.controller.ts(26,21): error TS1206: Decorators are not valid here.
src/modules/security/security.controller.ts(27,59): error TS2339: Property 'id' does not exist on type 'User'.
src/modules/security/security.controller.ts(34,3): error TS1241: Unable to resolve signature of method decorator when called as an expression.
  The runtime will invoke the decorator with 2 arguments, but the decorator expects 3.
src/modules/security/security.controller.ts(34,4): error TS1270: Decorator function return type 'void | TypedPropertyDescriptor<unknown>' is not assignable to type 'void | ((req: Request<ParamsDictionary, any, any, ParsedQs, Record<string, any>>, dto: any) => Promise<{ success: boolean; message: string; }>)'.
  Type 'TypedPropertyDescriptor<unknown>' is not assignable to type 'void | ((req: Request<ParamsDictionary, any, any, ParsedQs, Record<string, any>>, dto: any) => Promise<{ success: boolean; message: string; }>)'.
src/modules/security/security.controller.ts(36,5): error TS1206: Decorators are not valid here.
src/modules/security/security.controller.ts(37,5): error TS1206: Decorators are not valid here.
src/modules/security/security.controller.ts(39,51): error TS2339: Property 'id' does not exist on type 'User'.
src/modules/security/security.controller.ts(46,3): error TS1241: Unable to resolve signature of method decorator when called as an expression.
  The runtime will invoke the decorator with 2 arguments, but the decorator expects 3.
src/modules/security/security.controller.ts(46,4): error TS1270: Decorator function return type 'void | TypedPropertyDescriptor<unknown>' is not assignable to type 'void | ((req: Request<ParamsDictionary, any, any, ParsedQs, Record<string, any>>, dto: any) => Promise<{ success: boolean; message: string; }>)'.
  Type 'TypedPropertyDescriptor<unknown>' is not assignable to type 'void | ((req: Request<ParamsDictionary, any, any, ParsedQs, Record<string, any>>, dto: any) => Promise<{ success: boolean; message: string; }>)'.
src/modules/security/security.controller.ts(48,5): error TS1206: Decorators are not valid here.
src/modules/security/security.controller.ts(49,5): error TS1206: Decorators are not valid here.
src/modules/security/security.controller.ts(51,52): error TS2339: Property 'id' does not exist on type 'User'.
src/modules/security/security.controller.ts(58,3): error TS1241: Unable to resolve signature of method decorator when called as an expression.
  The runtime will invoke the decorator with 2 arguments, but the decorator expects 3.
src/modules/security/security.controller.ts(58,4): error TS1270: Decorator function return type 'void | TypedPropertyDescriptor<unknown>' is not assignable to type 'void | ((req: Request<ParamsDictionary, any, any, ParsedQs, Record<string, any>>, dto: any) => Promise<{ valid: boolean; }>)'.
  Type 'TypedPropertyDescriptor<unknown>' is not assignable to type 'void | ((req: Request<ParamsDictionary, any, any, ParsedQs, Record<string, any>>, dto: any) => Promise<{ valid: boolean; }>)'.
src/modules/security/security.controller.ts(60,5): error TS1206: Decorators are not valid here.
src/modules/security/security.controller.ts(61,5): error TS1206: Decorators are not valid here.
src/modules/security/security.controller.ts(63,73): error TS2339: Property 'id' does not exist on type 'User'.
src/modules/security/security.controller.ts(71,3): error TS1241: Unable to resolve signature of method decorator when called as an expression.
  The runtime will invoke the decorator with 2 arguments, but the decorator expects 3.
src/modules/security/security.controller.ts(71,4): error TS1270: Decorator function return type 'void | TypedPropertyDescriptor<unknown>' is not assignable to type 'void | ((req: Request<ParamsDictionary, any, any, ParsedQs, Record<string, any>>) => Promise<{ enabled: boolean; }>)'.
  Type 'TypedPropertyDescriptor<unknown>' is not assignable to type 'void | ((req: Request<ParamsDictionary, any, any, ParsedQs, Record<string, any>>) => Promise<{ enabled: boolean; }>)'.
src/modules/security/security.controller.ts(72,22): error TS1206: Decorators are not valid here.
src/modules/security/security.controller.ts(73,69): error TS2339: Property 'id' does not exist on type 'User'.
src/modules/security/security.controller.ts(81,3): error TS1241: Unable to resolve signature of method decorator when called as an expression.
  The runtime will invoke the decorator with 2 arguments, but the decorator expects 3.
src/modules/security/security.controller.ts(81,4): error TS1270: Decorator function return type 'void | TypedPropertyDescriptor<unknown>' is not assignable to type 'void | ((req: Request<ParamsDictionary, any, any, ParsedQs, Record<string, any>>) => Promise<{ codes: string[]; }>)'.
  Type 'TypedPropertyDescriptor<unknown>' is not assignable to type 'void | ((req: Request<ParamsDictionary, any, any, ParsedQs, Record<string, any>>) => Promise<{ codes: string[]; }>)'.
src/modules/security/security.controller.ts(82,29): error TS1206: Decorators are not valid here.
src/modules/security/security.controller.ts(83,77): error TS2339: Property 'id' does not exist on type 'User'.
src/modules/security/security.controller.ts(95,3): error TS1241: Unable to resolve signature of method decorator when called as an expression.
  The runtime will invoke the decorator with 2 arguments, but the decorator expects 3.
src/modules/security/security.controller.ts(95,4): error TS1270: Decorator function return type 'void | TypedPropertyDescriptor<unknown>' is not assignable to type 'void | ((req: Request<ParamsDictionary, any, any, ParsedQs, Record<string, any>>) => Promise<any>)'.
  Type 'TypedPropertyDescriptor<unknown>' is not assignable to type 'void | ((req: Request<ParamsDictionary, any, any, ParsedQs, Record<string, any>>) => Promise<any>)'.
src/modules/security/security.controller.ts(98,28): error TS1206: Decorators are not valid here.
src/modules/security/security.controller.ts(106,3): error TS1241: Unable to resolve signature of method decorator when called as an expression.
  The runtime will invoke the decorator with 2 arguments, but the decorator expects 3.
src/modules/security/security.controller.ts(106,4): error TS1270: Decorator function return type 'void | TypedPropertyDescriptor<unknown>' is not assignable to type 'void | ((req: Request<ParamsDictionary, any, any, ParsedQs, Record<string, any>>, dto: { ipAddress: string; description?: string; expiresAt?: string; }) => Promise<...>)'.
  Type 'TypedPropertyDescriptor<unknown>' is not assignable to type 'void | ((req: Request<ParamsDictionary, any, any, ParsedQs, Record<string, any>>, dto: { ipAddress: string; description?: string; expiresAt?: string; }) => Promise<...>)'.
src/modules/security/security.controller.ts(110,5): error TS1206: Decorators are not valid here.
src/modules/security/security.controller.ts(111,5): error TS1206: Decorators are not valid here.
src/modules/security/security.controller.ts(114,52): error TS2339: Property 'id' does not exist on type 'User'.
src/modules/security/security.controller.ts(121,3): error TS1241: Unable to resolve signature of method decorator when called as an expression.
  The runtime will invoke the decorator with 2 arguments, but the decorator expects 3.
src/modules/security/security.controller.ts(121,4): error TS1270: Decorator function return type 'void | TypedPropertyDescriptor<unknown>' is not assignable to type 'void | ((req: Request<ParamsDictionary, any, any, ParsedQs, Record<string, any>>, ipAddress: string) => Promise<{ success: boolean; }>)'.
  Type 'TypedPropertyDescriptor<unknown>' is not assignable to type 'void | ((req: Request<ParamsDictionary, any, any, ParsedQs, Record<string, any>>, ipAddress: string) => Promise<{ success: boolean; }>)'.
src/modules/security/security.controller.ts(124,31): error TS1206: Decorators are not valid here.
src/modules/security/security.controller.ts(124,52): error TS1206: Decorators are not valid here.
src/modules/security/security.controller.ts(125,55): error TS2339: Property 'id' does not exist on type 'User'.
src/modules/security/security.controller.ts(136,3): error TS1241: Unable to resolve signature of method decorator when called as an expression.
  The runtime will invoke the decorator with 2 arguments, but the decorator expects 3.
src/modules/security/security.controller.ts(136,4): error TS1270: Decorator function return type 'void | TypedPropertyDescriptor<unknown>' is not assignable to type 'void | ((req: Request<ParamsDictionary, any, any, ParsedQs, Record<string, any>>, limit?: string) => Promise<{ metadata: JsonValue; ... 11 more ...; deviceType: string; }[]>)'.
  Type 'TypedPropertyDescriptor<unknown>' is not assignable to type 'void | ((req: Request<ParamsDictionary, any, any, ParsedQs, Record<string, any>>, limit?: string) => Promise<{ metadata: JsonValue; ... 11 more ...; deviceType: string; }[]>)'.
src/modules/security/security.controller.ts(137,25): error TS1206: Decorators are not valid here.
src/modules/security/security.controller.ts(137,46): error TS1206: Decorators are not valid here.
src/modules/security/security.controller.ts(139,65): error TS2339: Property 'id' does not exist on type 'User'.
src/modules/security/security.controller.ts(146,3): error TS1241: Unable to resolve signature of method decorator when called as an expression.
  The runtime will invoke the decorator with 2 arguments, but the decorator expects 3.
src/modules/security/security.controller.ts(146,4): error TS1270: Decorator function return type 'void | TypedPropertyDescriptor<unknown>' is not assignable to type 'void | ((userId: string, limit?: string) => Promise<{ metadata: JsonValue; id: string; createdAt: Date; userId: string; ipAddress: string; userAgent: string; success: boolean; failureReason: string; ... 4 more ...; deviceType: string; }[]>)'.
  Type 'TypedPropertyDescriptor<unknown>' is not assignable to type 'void | ((userId: string, limit?: string) => Promise<{ metadata: JsonValue; id: string; createdAt: Date; userId: string; ipAddress: string; userAgent: string; success: boolean; failureReason: string; ... 4 more ...; deviceType: string; }[]>)'.
src/modules/security/security.controller.ts(149,29): error TS1206: Decorators are not valid here.
src/modules/security/security.controller.ts(149,62): error TS1206: Decorators are not valid here.
src/modules/security/security.controller.ts(158,3): error TS1241: Unable to resolve signature of method decorator when called as an expression.
  The runtime will invoke the decorator with 2 arguments, but the decorator expects 3.
src/modules/security/security.controller.ts(158,4): error TS1270: Decorator function return type 'void | TypedPropertyDescriptor<unknown>' is not assignable to type 'void | ((req: Request<ParamsDictionary, any, any, ParsedQs, Record<string, any>>, userId: string) => Promise<{ success: boolean; }>)'.
  Type 'TypedPropertyDescriptor<unknown>' is not assignable to type 'void | ((req: Request<ParamsDictionary, any, any, ParsedQs, Record<string, any>>, userId: string) => Promise<{ success: boolean; }>)'.
src/modules/security/security.controller.ts(161,31): error TS1206: Decorators are not valid here.
src/modules/security/security.controller.ts(161,52): error TS1206: Decorators are not valid here.
src/modules/security/security.controller.ts(162,78): error TS2339: Property 'id' does not exist on type 'User'.
src/modules/security/services/geo-blocking.service.ts(54,7): error TS2322: Type '{ userId: string; event: string; resource: string; meta: { ipAddress: string; country: string; endpoint: string; timestamp: string; }; }' is not assignable to type '(Without<AuditLogCreateInput, AuditLogUncheckedCreateInput> & AuditLogUncheckedCreateInput) | (Without<...> & AuditLogCreateInput)'.
  Type '{ userId: string; event: string; resource: string; meta: { ipAddress: string; country: string; endpoint: string; timestamp: string; }; }' is not assignable to type 'Without<AuditLogUncheckedCreateInput, AuditLogCreateInput> & AuditLogCreateInput'.
    Type '{ userId: string; event: string; resource: string; meta: { ipAddress: string; country: string; endpoint: string; timestamp: string; }; }' is not assignable to type 'Without<AuditLogUncheckedCreateInput, AuditLogCreateInput>'.
      Types of property 'userId' are incompatible.
        Type 'string' is not assignable to type 'never'.
src/modules/security/services/ip-whitelist.service.ts(12,41): error TS2551: Property 'iPWhitelist' does not exist on type 'PrismaService'. Did you mean 'ipWhitelist'?
src/modules/security/services/ip-whitelist.service.ts(31,40): error TS2551: Property 'iPWhitelist' does not exist on type 'PrismaService'. Did you mean 'ipWhitelist'?
src/modules/security/services/ip-whitelist.service.ts(37,26): error TS2551: Property 'iPWhitelist' does not exist on type 'PrismaService'. Did you mean 'ipWhitelist'?
src/modules/security/services/ip-whitelist.service.ts(49,43): error TS2551: Property 'iPWhitelist' does not exist on type 'PrismaService'. Did you mean 'ipWhitelist'?
src/modules/security/services/ip-whitelist.service.ts(61,7): error TS2322: Type '{ userId: string; event: string; resource: string; meta: { ipAddress: string; expiresAt: string; }; }' is not assignable to type '(Without<AuditLogCreateInput, AuditLogUncheckedCreateInput> & AuditLogUncheckedCreateInput) | (Without<...> & AuditLogCreateInput)'.
  Type '{ userId: string; event: string; resource: string; meta: { ipAddress: string; expiresAt: string; }; }' is not assignable to type 'Without<AuditLogUncheckedCreateInput, AuditLogCreateInput> & AuditLogCreateInput'.
    Type '{ userId: string; event: string; resource: string; meta: { ipAddress: string; expiresAt: string; }; }' is not assignable to type 'Without<AuditLogUncheckedCreateInput, AuditLogCreateInput>'.
      Types of property 'userId' are incompatible.
        Type 'string' is not assignable to type 'never'.
src/modules/security/services/ip-whitelist.service.ts(79,23): error TS2551: Property 'iPWhitelist' does not exist on type 'PrismaService'. Did you mean 'ipWhitelist'?
src/modules/security/services/ip-whitelist.service.ts(86,7): error TS2322: Type '{ userId: string; event: string; resource: string; meta: { ipAddress: string; }; }' is not assignable to type '(Without<AuditLogCreateInput, AuditLogUncheckedCreateInput> & AuditLogUncheckedCreateInput) | (Without<...> & AuditLogCreateInput)'.
  Type '{ userId: string; event: string; resource: string; meta: { ipAddress: string; }; }' is not assignable to type 'Without<AuditLogUncheckedCreateInput, AuditLogCreateInput> & AuditLogCreateInput'.
    Type '{ userId: string; event: string; resource: string; meta: { ipAddress: string; }; }' is not assignable to type 'Without<AuditLogUncheckedCreateInput, AuditLogCreateInput>'.
      Types of property 'userId' are incompatible.
        Type 'string' is not assignable to type 'never'.
src/modules/security/services/ip-whitelist.service.ts(101,24): error TS2551: Property 'iPWhitelist' does not exist on type 'PrismaService'. Did you mean 'ipWhitelist'?
src/modules/security/services/ip-whitelist.service.ts(119,38): error TS2551: Property 'iPWhitelist' does not exist on type 'PrismaService'. Did you mean 'ipWhitelist'?
src/modules/security/services/rate-limit.service.ts(41,9): error TS2322: Type '{ identifier: string; endpoint: string; windowStart: Date; requestCount: number; blocked: false; }' is not assignable to type '(Without<RateLimitCreateInput, RateLimitUncheckedCreateInput> & RateLimitUncheckedCreateInput) | (Without<...> & RateLimitCreateInput)'.
  Type '{ identifier: string; endpoint: string; windowStart: Date; requestCount: number; blocked: false; }' is not assignable to type 'Without<RateLimitUncheckedCreateInput, RateLimitCreateInput> & RateLimitCreateInput'.
    Type '{ identifier: string; endpoint: string; windowStart: Date; requestCount: number; blocked: false; }' is missing the following properties from type 'RateLimitCreateInput': id, updatedAt
src/modules/security/services/session-manager.service.ts(22,7): error TS2322: Type '{ userId: string; sessionId: string; ipAddress: string; userAgent: string; action: string; success: boolean; failureReason: string; metadata: any; }' is not assignable to type '(Without<SessionLogCreateInput, SessionLogUncheckedCreateInput> & SessionLogUncheckedCreateInput) | (Without<...> & SessionLogCreateInput)'.
  Type '{ userId: string; sessionId: string; ipAddress: string; userAgent: string; action: string; success: boolean; failureReason: string; metadata: any; }' is not assignable to type 'Without<SessionLogUncheckedCreateInput, SessionLogCreateInput> & SessionLogCreateInput'.
    Type '{ userId: string; sessionId: string; ipAddress: string; userAgent: string; action: string; success: boolean; failureReason: string; metadata: any; }' is not assignable to type 'Without<SessionLogUncheckedCreateInput, SessionLogCreateInput>'.
      Types of property 'userId' are incompatible.
        Type 'string' is not assignable to type 'never'.
src/modules/security/services/session-manager.service.ts(103,7): error TS2322: Type '{ userId: string; event: string; resource: string; meta: { targetUserId: string; timestamp: string; }; }' is not assignable to type '(Without<AuditLogCreateInput, AuditLogUncheckedCreateInput> & AuditLogUncheckedCreateInput) | (Without<...> & AuditLogCreateInput)'.
  Type '{ userId: string; event: string; resource: string; meta: { targetUserId: string; timestamp: string; }; }' is not assignable to type 'Without<AuditLogUncheckedCreateInput, AuditLogCreateInput> & AuditLogCreateInput'.
    Type '{ userId: string; event: string; resource: string; meta: { targetUserId: string; timestamp: string; }; }' is not assignable to type 'Without<AuditLogUncheckedCreateInput, AuditLogCreateInput>'.
      Types of property 'userId' are incompatible.
        Type 'string' is not assignable to type 'never'.
src/modules/security/services/two-factor.service.ts(79,7): error TS2322: Type '{ userId: string; event: string; resource: string; meta: { timestamp: string; }; }' is not assignable to type '(Without<AuditLogCreateInput, AuditLogUncheckedCreateInput> & AuditLogUncheckedCreateInput) | (Without<...> & AuditLogCreateInput)'.
  Type '{ userId: string; event: string; resource: string; meta: { timestamp: string; }; }' is not assignable to type 'Without<AuditLogUncheckedCreateInput, AuditLogCreateInput> & AuditLogCreateInput'.
    Type '{ userId: string; event: string; resource: string; meta: { timestamp: string; }; }' is not assignable to type 'Without<AuditLogUncheckedCreateInput, AuditLogCreateInput>'.
      Types of property 'userId' are incompatible.
        Type 'string' is not assignable to type 'never'.
src/modules/security/services/two-factor.service.ts(127,7): error TS2322: Type '{ userId: string; event: string; resource: string; meta: { timestamp: string; }; }' is not assignable to type '(Without<AuditLogCreateInput, AuditLogUncheckedCreateInput> & AuditLogUncheckedCreateInput) | (Without<...> & AuditLogCreateInput)'.
  Type '{ userId: string; event: string; resource: string; meta: { timestamp: string; }; }' is not assignable to type 'Without<AuditLogUncheckedCreateInput, AuditLogCreateInput> & AuditLogCreateInput'.
    Type '{ userId: string; event: string; resource: string; meta: { timestamp: string; }; }' is not assignable to type 'Without<AuditLogUncheckedCreateInput, AuditLogCreateInput>'.
      Types of property 'userId' are incompatible.
        Type 'string' is not assignable to type 'never'.
src/modules/security/services/two-factor.service.ts(170,9): error TS2322: Type '{ userId: string; event: string; resource: string; meta: { timestamp: string; success: true; }; }' is not assignable to type '(Without<AuditLogCreateInput, AuditLogUncheckedCreateInput> & AuditLogUncheckedCreateInput) | (Without<...> & AuditLogCreateInput)'.
  Type '{ userId: string; event: string; resource: string; meta: { timestamp: string; success: true; }; }' is not assignable to type 'Without<AuditLogUncheckedCreateInput, AuditLogCreateInput> & AuditLogCreateInput'.
    Type '{ userId: string; event: string; resource: string; meta: { timestamp: string; success: true; }; }' is not assignable to type 'Without<AuditLogUncheckedCreateInput, AuditLogCreateInput>'.
      Types of property 'userId' are incompatible.
        Type 'string' is not assignable to type 'never'.
src/modules/security/services/two-factor.service.ts(183,9): error TS2322: Type '{ userId: string; event: string; resource: string; meta: { timestamp: string; success: false; }; }' is not assignable to type '(Without<AuditLogCreateInput, AuditLogUncheckedCreateInput> & AuditLogUncheckedCreateInput) | (Without<...> & AuditLogCreateInput)'.
  Type '{ userId: string; event: string; resource: string; meta: { timestamp: string; success: false; }; }' is not assignable to type 'Without<AuditLogUncheckedCreateInput, AuditLogCreateInput> & AuditLogCreateInput'.
    Type '{ userId: string; event: string; resource: string; meta: { timestamp: string; success: false; }; }' is not assignable to type 'Without<AuditLogUncheckedCreateInput, AuditLogCreateInput>'.
      Types of property 'userId' are incompatible.
        Type 'string' is not assignable to type 'never'.
src/modules/security/services/two-factor.service.ts(239,7): error TS2322: Type '{ userId: string; event: string; resource: string; meta: { codesCount: number; timestamp: string; }; }' is not assignable to type '(Without<AuditLogCreateInput, AuditLogUncheckedCreateInput> & AuditLogUncheckedCreateInput) | (Without<...> & AuditLogCreateInput)'.
  Type '{ userId: string; event: string; resource: string; meta: { codesCount: number; timestamp: string; }; }' is not assignable to type 'Without<AuditLogUncheckedCreateInput, AuditLogCreateInput> & AuditLogCreateInput'.
    Type '{ userId: string; event: string; resource: string; meta: { codesCount: number; timestamp: string; }; }' is not assignable to type 'Without<AuditLogUncheckedCreateInput, AuditLogCreateInput>'.
      Types of property 'userId' are incompatible.
        Type 'string' is not assignable to type 'never'.
src/modules/storage/dto/complete-upload.dto.ts(4,4): error TS1240: Unable to resolve signature of property decorator when called as an expression.
  Argument of type 'ClassFieldDecoratorContext<CompleteUploadDto, string> & { name: "objectKey"; private: false; static: false; }' is not assignable to parameter of type 'string | symbol'.
src/modules/storage/dto/complete-upload.dto.ts(7,4): error TS1240: Unable to resolve signature of property decorator when called as an expression.
  Argument of type 'ClassFieldDecoratorContext<CompleteUploadDto, string> & { name: "checksum"; private: false; static: false; }' is not assignable to parameter of type 'string | symbol'.
src/modules/storage/dto/complete-upload.dto.ts(10,4): error TS1240: Unable to resolve signature of property decorator when called as an expression.
  Argument of type 'ClassFieldDecoratorContext<CompleteUploadDto, string> & { name: "contentType"; private: false; static: false; }' is not assignable to parameter of type 'string | symbol'.
src/modules/storage/dto/complete-upload.dto.ts(11,4): error TS1240: Unable to resolve signature of property decorator when called as an expression.
  Argument of type 'ClassFieldDecoratorContext<CompleteUploadDto, string> & { name: "contentType"; private: false; static: false; }' is not assignable to parameter of type 'string | symbol'.
src/modules/storage/dto/complete-upload.dto.ts(14,4): error TS1240: Unable to resolve signature of property decorator when called as an expression.
  Argument of type 'ClassFieldDecoratorContext<CompleteUploadDto, number> & { name: "contentLength"; private: false; static: false; }' is not assignable to parameter of type 'string | symbol'.
src/modules/storage/dto/complete-upload.dto.ts(17,4): error TS1240: Unable to resolve signature of property decorator when called as an expression.
  Argument of type 'ClassFieldDecoratorContext<CompleteUploadDto, string> & { name: "purpose"; private: false; static: false; }' is not assignable to parameter of type 'string | symbol'.
src/modules/storage/dto/complete-upload.dto.ts(18,4): error TS1240: Unable to resolve signature of property decorator when called as an expression.
  Argument of type 'ClassFieldDecoratorContext<CompleteUploadDto, string> & { name: "purpose"; private: false; static: false; }' is not assignable to parameter of type 'string | symbol'.
src/modules/storage/dto/signed-url.dto.ts(4,4): error TS1240: Unable to resolve signature of property decorator when called as an expression.
  Argument of type 'ClassFieldDecoratorContext<SignedUrlDto, string> & { name: "objectKey"; private: false; static: false; }' is not assignable to parameter of type 'string | symbol'.
src/modules/storage/dto/signed-url.dto.ts(5,4): error TS1240: Unable to resolve signature of property decorator when called as an expression.
  Argument of type 'ClassFieldDecoratorContext<SignedUrlDto, string> & { name: "objectKey"; private: false; static: false; }' is not assignable to parameter of type 'string | symbol'.
src/modules/storage/dto/signed-url.dto.ts(8,4): error TS1240: Unable to resolve signature of property decorator when called as an expression.
  Argument of type 'ClassFieldDecoratorContext<SignedUrlDto, string> & { name: "contentType"; private: false; static: false; }' is not assignable to parameter of type 'string | symbol'.
src/modules/storage/dto/signed-url.dto.ts(11,4): error TS1240: Unable to resolve signature of property decorator when called as an expression.
  Argument of type 'ClassFieldDecoratorContext<SignedUrlDto, number> & { name: "contentLength"; private: false; static: false; }' is not assignable to parameter of type 'string | symbol'.
src/modules/storage/dto/signed-url.dto.ts(12,4): error TS1240: Unable to resolve signature of property decorator when called as an expression.
  Argument of type 'ClassFieldDecoratorContext<SignedUrlDto, number> & { name: "contentLength"; private: false; static: false; }' is not assignable to parameter of type 'string | symbol'.
src/modules/storage/dto/signed-url.dto.ts(13,4): error TS1240: Unable to resolve signature of property decorator when called as an expression.
  Argument of type 'ClassFieldDecoratorContext<SignedUrlDto, number> & { name: "contentLength"; private: false; static: false; }' is not assignable to parameter of type 'string | symbol'.
src/modules/storage/dto/signed-url.dto.ts(16,4): error TS1240: Unable to resolve signature of property decorator when called as an expression.
  Argument of type 'ClassFieldDecoratorContext<SignedUrlDto, string> & { name: "purpose"; private: false; static: false; }' is not assignable to parameter of type 'string | symbol'.
src/modules/storage/playback.service.ts(116,20): error TS2339: Property 'authorId' does not exist on type '{ id: string; createdAt: Date; updatedAt: Date; status: PostStatus; caption: string; isPaid: boolean; price: number; creatorId: string; isPPV: boolean; boostExpiresAt: Date; categoryId: string; isBoosted: boolean; }'.
src/modules/storage/playback.service.ts(121,9): error TS2561: Object literal may only specify known properties, but 'userId' does not exist in type 'PurchaseWhereInput'. Did you mean to write 'user'?
src/modules/storage/playback.service.ts(132,31): error TS2339: Property 'authorId' does not exist on type '{ id: string; createdAt: Date; updatedAt: Date; status: PostStatus; caption: string; isPaid: boolean; price: number; creatorId: string; isPPV: boolean; boostExpiresAt: Date; categoryId: string; isBoosted: boolean; }'.
src/modules/storage/playback.service.ts(134,9): error TS2353: Object literal may only specify known properties, and 'currentPeriodEnd' does not exist in type 'SubscriptionWhereInput'.
src/modules/storage/storage.controller.ts(35,3): error TS1241: Unable to resolve signature of method decorator when called as an expression.
  The runtime will invoke the decorator with 2 arguments, but the decorator expects 3.
src/modules/storage/storage.controller.ts(35,4): error TS1270: Decorator function return type 'void | TypedPropertyDescriptor<unknown>' is not assignable to type 'void | ((dto: SignedUrlDto, req: Request<ParamsDictionary, any, any, ParsedQs, Record<string, any>>) => Promise<{ ...; }>)'.
  Type 'TypedPropertyDescriptor<unknown>' is not assignable to type 'void | ((dto: SignedUrlDto, req: Request<ParamsDictionary, any, any, ParsedQs, Record<string, any>>) => Promise<{ ...; }>)'.
src/modules/storage/storage.controller.ts(37,22): error TS1206: Decorators are not valid here.
src/modules/storage/storage.controller.ts(37,49): error TS1206: Decorators are not valid here.
src/modules/storage/storage.controller.ts(38,66): error TS2339: Property 'id' does not exist on type 'User'.
src/modules/storage/storage.controller.ts(41,3): error TS1241: Unable to resolve signature of method decorator when called as an expression.
  The runtime will invoke the decorator with 2 arguments, but the decorator expects 3.
src/modules/storage/storage.controller.ts(41,4): error TS1270: Decorator function return type 'void | TypedPropertyDescriptor<unknown>' is not assignable to type 'void | ((dto: CompleteUploadDto, req: Request<ParamsDictionary, any, any, ParsedQs, Record<string, any>>) => Promise<...>)'.
  Type 'TypedPropertyDescriptor<unknown>' is not assignable to type 'void | ((dto: CompleteUploadDto, req: Request<ParamsDictionary, any, any, ParsedQs, Record<string, any>>) => Promise<...>)'.
src/modules/storage/storage.controller.ts(43,24): error TS1206: Decorators are not valid here.
src/modules/storage/storage.controller.ts(43,56): error TS1206: Decorators are not valid here.
src/modules/storage/storage.controller.ts(44,62): error TS2339: Property 'id' does not exist on type 'User'.
src/modules/storage/storage.controller.ts(47,3): error TS1241: Unable to resolve signature of method decorator when called as an expression.
  The runtime will invoke the decorator with 2 arguments, but the decorator expects 3.
src/modules/storage/storage.controller.ts(47,4): error TS1270: Decorator function return type 'void | TypedPropertyDescriptor<unknown>' is not assignable to type 'void | ((body: { mediaId: string; }, req: Request<ParamsDictionary, any, any, ParsedQs, Record<string, any>>) => Promise<{ playUrl: string; expiresAt: string; jti: string; }>)'.
  Type 'TypedPropertyDescriptor<unknown>' is not assignable to type 'void | ((body: { mediaId: string; }, req: Request<ParamsDictionary, any, any, ParsedQs, Record<string, any>>) => Promise<{ playUrl: string; expiresAt: string; jti: string; }>)'.
src/modules/storage/storage.controller.ts(49,26): error TS1206: Decorators are not valid here.
src/modules/storage/storage.controller.ts(49,61): error TS1206: Decorators are not valid here.
src/modules/storage/storage.controller.ts(52,79): error TS2339: Property 'id' does not exist on type 'User'.
src/modules/storage/storage.controller.ts(55,3): error TS1241: Unable to resolve signature of method decorator when called as an expression.
  The runtime will invoke the decorator with 2 arguments, but the decorator expects 3.
src/modules/storage/storage.controller.ts(55,4): error TS1270: Decorator function return type 'void | TypedPropertyDescriptor<unknown>' is not assignable to type 'void | ((token: string, req: Request<ParamsDictionary, any, any, ParsedQs, Record<string, any>>, res: Response<any, Record<string, any>>) => Promise<...>)'.
  Type 'TypedPropertyDescriptor<unknown>' is not assignable to type 'void | ((token: string, req: Request<ParamsDictionary, any, any, ParsedQs, Record<string, any>>, res: Response<any, Record<string, any>>) => Promise<...>)'.
src/modules/storage/storage.controller.ts(57,21): error TS1206: Decorators are not valid here.
src/modules/storage/storage.controller.ts(57,52): error TS1206: Decorators are not valid here.
src/modules/storage/storage.controller.ts(57,73): error TS1206: Decorators are not valid here.
src/modules/storage/storage.controller.ts(58,29): error TS2339: Property 'playbackPayload' does not exist on type 'Request<ParamsDictionary, any, any, ParsedQs, Record<string, any>>'.
src/modules/storage/storage.service.ts(21,5): error TS1206: Decorators are not valid here.
src/modules/storage/storage.service.ts(82,7): error TS2322: Type '{ ownerId: string; objectKey: string; contentType: string; bytes: number; hash: string; status: "PROCESSING"; watermarked: false; purpose: any; }' is not assignable to type '(Without<MediaCreateInput, MediaUncheckedCreateInput> & MediaUncheckedCreateInput) | (Without<...> & MediaCreateInput)'.
  Type '{ ownerId: string; objectKey: string; contentType: string; bytes: number; hash: string; status: "PROCESSING"; watermarked: false; purpose: any; }' is not assignable to type 'Without<MediaUncheckedCreateInput, MediaCreateInput> & MediaCreateInput'.
    Type '{ ownerId: string; objectKey: string; contentType: string; bytes: number; hash: string; status: "PROCESSING"; watermarked: false; purpose: any; }' is not assignable to type 'Without<MediaUncheckedCreateInput, MediaCreateInput>'.
      Types of property 'ownerId' are incompatible.
        Type 'string' is not assignable to type 'never'.
src/modules/storage/watermark.processor.ts(22,18): error TS2353: Object literal may only specify known properties, and 'owner' does not exist in type 'MediaInclude<DefaultArgs>'.
src/modules/storage/watermark.processor.ts(28,23): error TS2551: Property 'owner' does not exist on type '{ id: string; createdAt: Date; updatedAt: Date; status: MediaStatus; ownerId: string; postId: string; objectKey: string; contentType: string; bytes: number; hash: string; watermarked: boolean; purpose: MediaPurpose; }'. Did you mean 'ownerId'?
src/modules/storage/watermark.processor.ts(28,63): error TS2551: Property 'owner' does not exist on type '{ id: string; createdAt: Date; updatedAt: Date; status: MediaStatus; ownerId: string; postId: string; objectKey: string; contentType: string; bytes: number; hash: string; watermarked: boolean; purpose: MediaPurpose; }'. Did you mean 'ownerId'?
src/modules/storage/watermark.service.ts(3,8): error TS1259: Module '"C:/dev/apps/node_modules/.pnpm/sharp@0.34.4/node_modules/sharp/lib/index"' can only be default-imported using the 'esModuleInterop' flag
src/modules/storage/watermark.service.ts(4,8): error TS1259: Module '"C:/dev/apps/node_modules/.pnpm/@types+fluent-ffmpeg@2.1.28/node_modules/@types/fluent-ffmpeg/index"' can only be default-imported using the 'esModuleInterop' flag
src/modules/tickets/dto/create-ticket.dto.ts(4,4): error TS1240: Unable to resolve signature of property decorator when called as an expression.
  Argument of type 'ClassFieldDecoratorContext<CreateTicketDto, string> & { name: "subject"; private: false; static: false; }' is not assignable to parameter of type 'string | symbol'.
src/modules/tickets/dto/create-ticket.dto.ts(7,4): error TS1240: Unable to resolve signature of property decorator when called as an expression.
  Argument of type 'ClassFieldDecoratorContext<CreateTicketDto, string> & { name: "message"; private: false; static: false; }' is not assignable to parameter of type 'string | symbol'.
src/modules/tickets/dto/update-ticket.dto.ts(4,4): error TS1240: Unable to resolve signature of property decorator when called as an expression.
  Argument of type 'ClassFieldDecoratorContext<UpdateTicketDto, string> & { name: "status"; private: false; static: false; }' is not assignable to parameter of type 'string | symbol'.
src/modules/tickets/dto/update-ticket.dto.ts(5,4): error TS1240: Unable to resolve signature of property decorator when called as an expression.
  Argument of type 'ClassFieldDecoratorContext<UpdateTicketDto, string> & { name: "status"; private: false; static: false; }' is not assignable to parameter of type 'string | symbol'.
src/modules/tickets/dto/update-ticket.dto.ts(8,4): error TS1240: Unable to resolve signature of property decorator when called as an expression.
  Argument of type 'ClassFieldDecoratorContext<UpdateTicketDto, string> & { name: "priority"; private: false; static: false; }' is not assignable to parameter of type 'string | symbol'.
src/modules/tickets/dto/update-ticket.dto.ts(9,4): error TS1240: Unable to resolve signature of property decorator when called as an expression.
  Argument of type 'ClassFieldDecoratorContext<UpdateTicketDto, string> & { name: "priority"; private: false; static: false; }' is not assignable to parameter of type 'string | symbol'.
src/modules/tickets/dto/update-ticket.dto.ts(12,4): error TS1240: Unable to resolve signature of property decorator when called as an expression.
  Argument of type 'ClassFieldDecoratorContext<UpdateTicketDto, string> & { name: "assignedTo"; private: false; static: false; }' is not assignable to parameter of type 'string | symbol'.
src/modules/tickets/dto/update-ticket.dto.ts(13,4): error TS1240: Unable to resolve signature of property decorator when called as an expression.
  Argument of type 'ClassFieldDecoratorContext<UpdateTicketDto, string> & { name: "assignedTo"; private: false; static: false; }' is not assignable to parameter of type 'string | symbol'.
src/modules/tickets/dto/update-ticket.dto.ts(16,4): error TS1240: Unable to resolve signature of property decorator when called as an expression.
  Argument of type 'ClassFieldDecoratorContext<UpdateTicketDto, string> & { name: "resolution"; private: false; static: false; }' is not assignable to parameter of type 'string | symbol'.
src/modules/tickets/dto/update-ticket.dto.ts(17,4): error TS1240: Unable to resolve signature of property decorator when called as an expression.
  Argument of type 'ClassFieldDecoratorContext<UpdateTicketDto, string> & { name: "resolution"; private: false; static: false; }' is not assignable to parameter of type 'string | symbol'.
src/modules/tickets/tickets.controller.ts(13,3): error TS1241: Unable to resolve signature of method decorator when called as an expression.
  The runtime will invoke the decorator with 2 arguments, but the decorator expects 3.
src/modules/tickets/tickets.controller.ts(13,4): error TS1270: Decorator function return type 'void | TypedPropertyDescriptor<unknown>' is not assignable to type 'void | ((dto: CreateTicketDto, req: Request<ParamsDictionary, any, any, ParsedQs, Record<string, any>>) => Promise<...>)'.
  Type 'TypedPropertyDescriptor<unknown>' is not assignable to type 'void | ((dto: CreateTicketDto, req: Request<ParamsDictionary, any, any, ParsedQs, Record<string, any>>) => Promise<...>)'.
src/modules/tickets/tickets.controller.ts(15,16): error TS1206: Decorators are not valid here.
src/modules/tickets/tickets.controller.ts(15,46): error TS1206: Decorators are not valid here.
src/modules/tickets/tickets.controller.ts(16,49): error TS2339: Property 'id' does not exist on type 'User'.
src/modules/tickets/tickets.controller.ts(19,3): error TS1241: Unable to resolve signature of method decorator when called as an expression.
  The runtime will invoke the decorator with 2 arguments, but the decorator expects 3.
src/modules/tickets/tickets.controller.ts(19,4): error TS1270: Decorator function return type 'void | TypedPropertyDescriptor<unknown>' is not assignable to type 'void | ((req: Request<ParamsDictionary, any, any, ParsedQs, Record<string, any>>, status?: string, limit?: number, offset?: number) => Promise<{ ...; }>)'.
  Type 'TypedPropertyDescriptor<unknown>' is not assignable to type 'void | ((req: Request<ParamsDictionary, any, any, ParsedQs, Record<string, any>>, status?: string, limit?: number, offset?: number) => Promise<{ ...; }>)'.
src/modules/tickets/tickets.controller.ts(22,5): error TS1206: Decorators are not valid here.
src/modules/tickets/tickets.controller.ts(23,5): error TS1206: Decorators are not valid here.
src/modules/tickets/tickets.controller.ts(24,5): error TS1206: Decorators are not valid here.
src/modules/tickets/tickets.controller.ts(25,5): error TS1206: Decorators are not valid here.
src/modules/tickets/tickets.controller.ts(28,17): error TS2339: Property 'id' does not exist on type 'User'.
src/modules/tickets/tickets.controller.ts(34,3): error TS1241: Unable to resolve signature of method decorator when called as an expression.
  The runtime will invoke the decorator with 2 arguments, but the decorator expects 3.
src/modules/tickets/tickets.controller.ts(34,4): error TS1270: Decorator function return type 'void | TypedPropertyDescriptor<unknown>' is not assignable to type 'void | ((id: string, req: Request<ParamsDictionary, any, any, ParsedQs, Record<string, any>>) => Promise<{ user: { email: string; }; } & { ...; }>)'.
  Type 'TypedPropertyDescriptor<unknown>' is not assignable to type 'void | ((id: string, req: Request<ParamsDictionary, any, any, ParsedQs, Record<string, any>>) => Promise<{ user: { email: string; }; } & { ...; }>)'.
src/modules/tickets/tickets.controller.ts(36,17): error TS1206: Decorators are not valid here.
src/modules/tickets/tickets.controller.ts(36,42): error TS1206: Decorators are not valid here.
src/modules/tickets/tickets.controller.ts(37,54): error TS2339: Property 'id' does not exist on type 'User'.
src/modules/tickets/tickets.controller.ts(37,68): error TS2339: Property 'role' does not exist on type 'User'.
src/modules/tickets/tickets.controller.ts(40,3): error TS1241: Unable to resolve signature of method decorator when called as an expression.
  The runtime will invoke the decorator with 2 arguments, but the decorator expects 3.
src/modules/tickets/tickets.controller.ts(40,4): error TS1270: Decorator function return type 'void | TypedPropertyDescriptor<unknown>' is not assignable to type 'void | ((id: string, dto: UpdateTicketDto, req: Request<ParamsDictionary, any, any, ParsedQs, Record<string, any>>) => Promise<...>)'.
  Type 'TypedPropertyDescriptor<unknown>' is not assignable to type 'void | ((id: string, dto: UpdateTicketDto, req: Request<ParamsDictionary, any, any, ParsedQs, Record<string, any>>) => Promise<...>)'.
src/modules/tickets/tickets.controller.ts(43,17): error TS1206: Decorators are not valid here.
src/modules/tickets/tickets.controller.ts(43,42): error TS1206: Decorators are not valid here.
src/modules/tickets/tickets.controller.ts(43,72): error TS1206: Decorators are not valid here.
src/modules/tickets/tickets.controller.ts(44,54): error TS2339: Property 'id' does not exist on type 'User'.
src/modules/tickets/tickets.controller.ts(47,3): error TS1241: Unable to resolve signature of method decorator when called as an expression.
  The runtime will invoke the decorator with 2 arguments, but the decorator expects 3.
src/modules/tickets/tickets.controller.ts(47,4): error TS1270: Decorator function return type 'void | TypedPropertyDescriptor<unknown>' is not assignable to type 'void | ((id: string, dto: UpdateTicketDto, req: Request<ParamsDictionary, any, any, ParsedQs, Record<string, any>>) => Promise<...>)'.
  Type 'TypedPropertyDescriptor<unknown>' is not assignable to type 'void | ((id: string, dto: UpdateTicketDto, req: Request<ParamsDictionary, any, any, ParsedQs, Record<string, any>>) => Promise<...>)'.
src/modules/tickets/tickets.controller.ts(50,16): error TS1206: Decorators are not valid here.
src/modules/tickets/tickets.controller.ts(50,41): error TS1206: Decorators are not valid here.
src/modules/tickets/tickets.controller.ts(50,71): error TS1206: Decorators are not valid here.
src/modules/tickets/tickets.controller.ts(51,53): error TS2339: Property 'id' does not exist on type 'User'.
src/modules/tickets/tickets.service.ts(17,9): error TS2353: Object literal may only specify known properties, and 'ticketNumber' does not exist in type '(Without<TicketCreateInput, TicketUncheckedCreateInput> & TicketUncheckedCreateInput) | (Without<...> & TicketCreateInput)'.
src/modules/tickets/tickets.service.ts(84,7): error TS2322: Type '{ userId: string; event: string; resource: string; meta: { ticketId: string; }; }' is not assignable to type '(Without<AuditLogCreateInput, AuditLogUncheckedCreateInput> & AuditLogUncheckedCreateInput) | (Without<...> & AuditLogCreateInput)'.
  Type '{ userId: string; event: string; resource: string; meta: { ticketId: string; }; }' is not assignable to type 'Without<AuditLogUncheckedCreateInput, AuditLogCreateInput> & AuditLogCreateInput'.
    Type '{ userId: string; event: string; resource: string; meta: { ticketId: string; }; }' is not assignable to type 'Without<AuditLogUncheckedCreateInput, AuditLogCreateInput>'.
      Types of property 'userId' are incompatible.
        Type 'string' is not assignable to type 'never'.
src/modules/tickets/tickets.service.ts(103,9): error TS2561: Object literal may only specify known properties, but 'assignedToId' does not exist in type '(Without<TicketUpdateInput, TicketUncheckedUpdateInput> & TicketUncheckedUpdateInput) | (Without<...> & TicketUpdateInput)'. Did you mean to write 'assignedTo'?
src/modules/users/dto/update-profile.dto.ts(4,4): error TS1240: Unable to resolve signature of property decorator when called as an expression.
  Argument of type 'ClassFieldDecoratorContext<UpdateProfileDto, string> & { name: "bio"; private: false; static: false; }' is not assignable to parameter of type 'string | symbol'.
src/modules/users/dto/update-profile.dto.ts(5,4): error TS1240: Unable to resolve signature of property decorator when called as an expression.
  Argument of type 'ClassFieldDecoratorContext<UpdateProfileDto, string> & { name: "bio"; private: false; static: false; }' is not assignable to parameter of type 'string | symbol'.
src/modules/users/dto/update-profile.dto.ts(8,4): error TS1240: Unable to resolve signature of property decorator when called as an expression.
  Argument of type 'ClassFieldDecoratorContext<UpdateProfileDto, string> & { name: "avatar"; private: false; static: false; }' is not assignable to parameter of type 'string | symbol'.
src/modules/users/dto/update-profile.dto.ts(9,4): error TS1240: Unable to resolve signature of property decorator when called as an expression.
  Argument of type 'ClassFieldDecoratorContext<UpdateProfileDto, string> & { name: "avatar"; private: false; static: false; }' is not assignable to parameter of type 'string | symbol'.
src/modules/users/users.controller.ts(11,3): error TS1241: Unable to resolve signature of method decorator when called as an expression.
  The runtime will invoke the decorator with 2 arguments, but the decorator expects 3.
src/modules/users/users.controller.ts(11,4): error TS1270: Decorator function return type 'void | TypedPropertyDescriptor<unknown>' is not assignable to type 'void | ((req: any) => Promise<{ creatorProfile: { id: string; createdAt: Date; userId: string; username: string; stripeAccountId: string; updatedAt: Date; kycLevel: KycLevel; ... 4 more ...; stripeOnboarded: boolean; }; ... 38 more ...; deletedAt: Date; }>)'.
  Type 'TypedPropertyDescriptor<unknown>' is not assignable to type 'void | ((req: any) => Promise<{ creatorProfile: { id: string; createdAt: Date; userId: string; username: string; stripeAccountId: string; updatedAt: Date; kycLevel: KycLevel; ... 4 more ...; stripeOnboarded: boolean; }; ... 38 more ...; deletedAt: Date; }>)'.
src/modules/users/users.controller.ts(12,20): error TS1206: Decorators are not valid here.
src/modules/users/users.controller.ts(17,3): error TS1241: Unable to resolve signature of method decorator when called as an expression.
  The runtime will invoke the decorator with 2 arguments, but the decorator expects 3.
src/modules/users/users.controller.ts(17,4): error TS1270: Decorator function return type 'void | TypedPropertyDescriptor<unknown>' is not assignable to type 'void | ((req: any, dto: UpdateProfileDto) => Promise<{ id: string; createdAt: Date; userId: string; username: string; stripeAccountId: string; updatedAt: Date; ... 5 more ...; stripeOnboarded: boolean; }>)'.
  Type 'TypedPropertyDescriptor<unknown>' is not assignable to type 'void | ((req: any, dto: UpdateProfileDto) => Promise<{ id: string; createdAt: Date; userId: string; username: string; stripeAccountId: string; updatedAt: Date; ... 5 more ...; stripeOnboarded: boolean; }>)'.
src/modules/users/users.controller.ts(18,23): error TS1206: Decorators are not valid here.
src/modules/users/users.controller.ts(18,44): error TS1206: Decorators are not valid here.
